2024-05-07 10:34:48,382 [INFO] Activator:176 - 


2024-05-07 10:34:48,388 [INFO] Activator:177 - !SESSION log4j initialized
2024-05-07 10:34:56,014 [INFO] LogOutputStream:77 - [STDOUT_REDIRECT] 
2024-05-07 10:35:02,589 [INFO] ApplicationProperties:184 - Using Application install path: G:\stm32cubeide\stm32cubeide114\STM32CubeIDE_1.14.0\STM32CubeIDE\plugins\com.st.stm32cube.common.mx_6.10.0.202311202037
2024-05-07 10:35:02,605 [INFO] DbMcusXml:78 - Set database path to: G:\stm32cubeide\stm32cubeide114\STM32CubeIDE_1.14.0\STM32CubeIDE\plugins\com.st.stm32cube.common.mx_6.10.0.202311202037\\db\/mcu/
2024-05-07 10:35:02,606 [INFO] ApiDb:274 - Set plugin database path to: G:\stm32cubeide\stm32cubeide114\STM32CubeIDE_1.14.0\STM32CubeIDE\plugins\com.st.stm32cube.common.mx_6.10.0.202311202037\\db\/plugins/boardmanager/
2024-05-07 10:35:02,606 [WARN] ApiDb:259 - Overriding images path with different value:  => G:\stm32cubeide\stm32cubeide114\STM32CubeIDE_1.14.0\STM32CubeIDE\plugins\com.st.stm32cube.common.mx_6.10.0.202311202037\\db\/plugins/mcufinder/images/
2024-05-07 10:35:02,618 [INFO] ApiDb:250 - Set database path to: C:\Users\Nghia\.stmcufinder\plugins\mcufinder//mcu/
2024-05-07 10:35:02,620 [INFO] DbMcusAds:125 - Set database path to: C:\Users\Nghia\.stmcufinder\plugins\mcufinder//mcu/
2024-05-07 10:35:02,621 [INFO] CrossReferenceDbSqlite:203 - Set database path to: C:\Users\Nghia\.stmcufinder\plugins\mcufinder//mcu/cs/
2024-05-07 10:35:02,730 [INFO] RulesReader:64 - Compatibility file has been processed (297 Rules)
2024-05-07 10:35:02,810 [INFO] DbMcusXml:78 - Set database path to: G:\stm32cubeide\stm32cubeide114\STM32CubeIDE_1.14.0\STM32CubeIDE\plugins\com.st.stm32cube.common.mx_6.10.0.202311202037\\db\/mcu/
2024-05-07 10:35:02,810 [INFO] ApiDb:274 - Set plugin database path to: G:\stm32cubeide\stm32cubeide114\STM32CubeIDE_1.14.0\STM32CubeIDE\plugins\com.st.stm32cube.common.mx_6.10.0.202311202037\\db\/plugins/boardmanager/
2024-05-07 10:35:02,810 [INFO] ApiDb:261 - Set plugin images path to: G:\stm32cubeide\stm32cubeide114\STM32CubeIDE_1.14.0\STM32CubeIDE\plugins\com.st.stm32cube.common.mx_6.10.0.202311202037\\db\/plugins/mcufinder/images/
2024-05-07 10:35:02,810 [WARN] DbFile:41 - Overriding database path with different value: C:\Users\Nghia\.stmcufinder\plugins\mcufinder/ => C:\Users\Nghia\.stmcufinder\plugins\mcufinder
2024-05-07 10:35:02,811 [INFO] ApiDb:250 - Set database path to: C:\Users\Nghia\.stmcufinder\plugins\mcufinder//mcu/
2024-05-07 10:35:02,811 [WARN] DbFile:41 - Overriding database path with different value: C:\Users\Nghia\.stmcufinder\plugins\mcufinder/ => C:\Users\Nghia\.stmcufinder\plugins\mcufinder
2024-05-07 10:35:02,811 [INFO] DbMcusAds:125 - Set database path to: C:\Users\Nghia\.stmcufinder\plugins\mcufinder//mcu/
2024-05-07 10:35:02,811 [WARN] DbFile:41 - Overriding database path with different value: C:\Users\Nghia\.stmcufinder\plugins\mcufinder/ => C:\Users\Nghia\.stmcufinder\plugins\mcufinder
2024-05-07 10:35:02,811 [WARN] DbFile:41 - Overriding database path with different value: C:\Users\Nghia\.stmcufinder\plugins\mcufinder/ => C:\Users\Nghia\.stmcufinder\plugins\mcufinder
2024-05-07 10:35:02,811 [INFO] CrossReferenceDbSqlite:203 - Set database path to: C:\Users\Nghia\.stmcufinder\plugins\mcufinder//mcu/cs/
2024-05-07 10:35:02,895 [INFO] MainPanel:264 - HeapMemory: 268435456
2024-05-07 10:35:02,992 [INFO] DbMcusXml:78 - Set database path to: G:\stm32cubeide\stm32cubeide114\STM32CubeIDE_1.14.0\STM32CubeIDE\plugins\com.st.stm32cube.common.mx_6.10.0.202311202037\\db\/mcu/
2024-05-07 10:35:02,992 [INFO] ApiDb:274 - Set plugin database path to: G:\stm32cubeide\stm32cubeide114\STM32CubeIDE_1.14.0\STM32CubeIDE\plugins\com.st.stm32cube.common.mx_6.10.0.202311202037\\db\/plugins/boardmanager/
2024-05-07 10:35:02,992 [INFO] ApiDb:261 - Set plugin images path to: G:\stm32cubeide\stm32cubeide114\STM32CubeIDE_1.14.0\STM32CubeIDE\plugins\com.st.stm32cube.common.mx_6.10.0.202311202037\\db\/plugins/mcufinder/images/
2024-05-07 10:35:02,993 [WARN] DbFile:41 - Overriding database path with different value: C:\Users\Nghia\.stmcufinder\plugins\mcufinder/ => C:\Users\Nghia\.stmcufinder\plugins\mcufinder
2024-05-07 10:35:02,993 [INFO] ApiDb:250 - Set database path to: C:\Users\Nghia\.stmcufinder\plugins\mcufinder//mcu/
2024-05-07 10:35:02,993 [WARN] DbFile:41 - Overriding database path with different value: C:\Users\Nghia\.stmcufinder\plugins\mcufinder/ => C:\Users\Nghia\.stmcufinder\plugins\mcufinder
2024-05-07 10:35:02,993 [INFO] DbMcusAds:125 - Set database path to: C:\Users\Nghia\.stmcufinder\plugins\mcufinder//mcu/
2024-05-07 10:35:02,993 [WARN] DbFile:41 - Overriding database path with different value: C:\Users\Nghia\.stmcufinder\plugins\mcufinder/ => C:\Users\Nghia\.stmcufinder\plugins\mcufinder
2024-05-07 10:35:02,993 [WARN] DbFile:41 - Overriding database path with different value: C:\Users\Nghia\.stmcufinder\plugins\mcufinder/ => C:\Users\Nghia\.stmcufinder\plugins\mcufinder
2024-05-07 10:35:02,993 [INFO] CrossReferenceDbSqlite:203 - Set database path to: C:\Users\Nghia\.stmcufinder\plugins\mcufinder//mcu/cs/
2024-05-07 10:35:03,012 [INFO] ApplicationProperties:184 - Using Application install path: G:\stm32cubeide\stm32cubeide114\STM32CubeIDE_1.14.0\STM32CubeIDE\plugins\com.st.stm32cube.common.mx_6.10.0.202311202037
2024-05-07 10:35:03,013 [INFO] PluginManage:196 - Search for loadable plugins [exclusion list=, ]
2024-05-07 10:35:03,015 [INFO] PluginManage:310 - Check plugin analytics
2024-05-07 10:35:08,075 [INFO] AnalyticsPlugin:253 - Accepted Software Licenses: STM32CubeMX.6.8.0,STM32CubeMX.6.1.1
2024-05-07 10:35:08,075 [INFO] AnalyticsPlugin:255 - Accepted CMSIS Pack Licenses: 
2024-05-07 10:35:08,075 [INFO] AnalyticsPlugin:257 - Accepted Firmware Licenses: FW.F4.1.27.0,FW.F4.1.28.0
2024-05-07 10:35:08,078 [INFO] PluginManage:359 - Loaded plugin analytics (category:tool,tabindex:-1)
2024-05-07 10:35:08,078 [INFO] PluginManage:310 - Check plugin cadmodel
2024-05-07 10:35:08,090 [INFO] CADModel:105 - Init CAD model plugin
2024-05-07 10:35:08,090 [INFO] PluginManage:359 - Loaded plugin cadmodel (category:power,tabindex:5)
2024-05-07 10:35:08,090 [INFO] PluginManage:310 - Check plugin clock
2024-05-07 10:35:08,108 [INFO] PluginManage:359 - Loaded plugin clock (category:base,tabindex:2)
2024-05-07 10:35:08,108 [INFO] PluginManage:310 - Check plugin ddr
2024-05-07 10:35:08,110 [INFO] PluginManage:359 - Loaded plugin ddr (category:tool,tabindex:6)
2024-05-07 10:35:08,111 [INFO] PluginManage:310 - Check plugin filemanager
2024-05-07 10:35:08,237 [INFO] PluginManage:359 - Loaded plugin filemanager (category:base,tabindex:10)
2024-05-07 10:35:08,237 [INFO] PluginManage:310 - Check plugin ipmanager
2024-05-07 10:35:08,246 [INFO] PluginManage:359 - Loaded plugin ipmanager (category:base,tabindex:5)
2024-05-07 10:35:08,246 [INFO] PluginManage:310 - Check plugin lpbam
2024-05-07 10:35:08,263 [INFO] PluginManage:359 - Loaded plugin lpbam (category:base,tabindex:0)
2024-05-07 10:35:08,263 [INFO] PluginManage:310 - Check plugin memorymap
2024-05-07 10:35:08,288 [INFO] PluginManage:359 - Loaded plugin memorymap (category:base,tabindex:4)
2024-05-07 10:35:08,288 [INFO] PluginManage:310 - Check plugin pinoutandconfiguration
2024-05-07 10:35:08,314 [INFO] PluginManage:359 - Loaded plugin pinoutandconfiguration (category:base,tabindex:1)
2024-05-07 10:35:08,314 [INFO] PluginManage:310 - Check plugin pinoutconfig
2024-05-07 10:35:08,466 [WARN] SupportedApi:132 - Cannot load RTOS API schema: s4s-elt-must-match.1: The content of 'definitions' must match (annotation?, (simpleType | complexType)?, (unique | key | keyref)*)). A problem was found starting at: attribute.
2024-05-07 10:35:08,615 [INFO] PluginManage:359 - Loaded plugin pinoutconfig (category:base,tabindex:0)
2024-05-07 10:35:08,615 [INFO] PluginManage:310 - Check plugin power
2024-05-07 10:35:08,644 [INFO] PluginManage:359 - Loaded plugin power (category:power,tabindex:4)
2024-05-07 10:35:08,645 [INFO] PluginManage:310 - Check plugin projectmanager
2024-05-07 10:35:08,662 [INFO] PluginManage:359 - Loaded plugin projectmanager (category:projectmanager,tabindex:3)
2024-05-07 10:35:08,663 [INFO] PluginManage:310 - Check plugin thirdparty
2024-05-07 10:35:08,957 [INFO] PluginManage:359 - Loaded plugin thirdparty (category:base,tabindex:-1)
2024-05-07 10:35:08,957 [WARN] IntegrityCheckThread:84 - waiting for thirdparty lock release [integrity check]
2024-05-07 10:35:08,958 [INFO] PluginManage:310 - Check plugin tools
2024-05-07 10:35:08,958 [INFO] IntegrityCheckThread:86 - entering critical section [integrity check]
2024-05-07 10:35:08,958 [INFO] ThirdPartyUpdaterWithRetryManager:70 - Updater plugin not ready yet. [1/15]
2024-05-07 10:35:08,988 [INFO] PluginManage:359 - Loaded plugin tools (category:base,tabindex:7)
2024-05-07 10:35:08,988 [INFO] PluginManage:310 - Check plugin tutovideos
2024-05-07 10:35:09,168 [INFO] PluginManage:359 - Loaded plugin tutovideos (category:base,tabindex:-1)
2024-05-07 10:35:09,168 [INFO] PluginManage:310 - Check plugin updater
2024-05-07 10:35:09,178 [INFO] PluginManage:359 - Loaded plugin updater (category:base,tabindex:12)
2024-05-07 10:35:09,178 [INFO] PluginManage:310 - Check plugin userauth
2024-05-07 10:35:09,182 [INFO] UserAuth:114 - Init User Auth plugin
2024-05-07 10:35:09,182 [INFO] PluginManage:359 - Loaded plugin userauth (category:base,tabindex:14)
2024-05-07 10:35:09,183 [INFO] PluginManage:283 - PluginManage : Loaded plugins [17]
2024-05-07 10:35:09,390 [INFO] PinOutPanel:1499 - setPackage(No Configuration,No Configuration)
2024-05-07 10:35:09,479 [INFO] CADModel:165 - CPN selected for project level
2024-05-07 10:35:09,479 [INFO] CADModel:114 - Register for checkConnection events
2024-05-07 10:35:09,508 [INFO] IPUIPlugin:80 - create IPUIPlugin
2024-05-07 10:35:09,508 [INFO] PluginManager:220 - loadIPPluginJar : add adc
2024-05-07 10:35:09,538 [INFO] IPUIPlugin:80 - create IPUIPlugin
2024-05-07 10:35:09,538 [INFO] PluginManager:220 - loadIPPluginJar : add aes
2024-05-07 10:35:09,571 [INFO] IPUIPlugin:80 - create IPUIPlugin
2024-05-07 10:35:09,572 [INFO] PluginManager:220 - loadIPPluginJar : add can
2024-05-07 10:35:09,590 [INFO] IPUIPlugin:80 - create IPUIPlugin
2024-05-07 10:35:09,590 [INFO] PluginManager:220 - loadIPPluginJar : add comp
2024-05-07 10:35:09,619 [INFO] IPUIPlugin:80 - create IPUIPlugin
2024-05-07 10:35:09,619 [INFO] PluginManager:220 - loadIPPluginJar : add cryp
2024-05-07 10:35:09,649 [INFO] IPUIPlugin:80 - create IPUIPlugin
2024-05-07 10:35:09,649 [INFO] PluginManager:220 - loadIPPluginJar : add dfsdm
2024-05-07 10:35:09,663 [INFO] IPUIPlugin:80 - create IPUIPlugin
2024-05-07 10:35:09,663 [INFO] PluginManager:220 - loadIPPluginJar : add dma
2024-05-07 10:35:09,701 [INFO] IPUIPlugin:80 - create IPUIPlugin
2024-05-07 10:35:09,701 [INFO] PluginManager:220 - loadIPPluginJar : add dma3
2024-05-07 10:35:09,719 [INFO] IPUIPlugin:80 - create IPUIPlugin
2024-05-07 10:35:09,719 [INFO] PluginManager:220 - loadIPPluginJar : add fatfs
2024-05-07 10:35:09,757 [INFO] IPUIPlugin:80 - create IPUIPlugin
2024-05-07 10:35:09,758 [INFO] PluginManager:220 - loadIPPluginJar : add fmc
2024-05-07 10:35:09,775 [INFO] IPUIPlugin:80 - create IPUIPlugin
2024-05-07 10:35:09,775 [INFO] PluginManager:220 - loadIPPluginJar : add freertos
2024-05-07 10:35:09,794 [INFO] IPUIPlugin:80 - create IPUIPlugin
2024-05-07 10:35:09,794 [INFO] PluginManager:220 - loadIPPluginJar : add genericplugin
2024-05-07 10:35:09,878 [INFO] IPUIPlugin:80 - create IPUIPlugin
2024-05-07 10:35:09,879 [INFO] PluginManager:220 - loadIPPluginJar : add gfxmmu
2024-05-07 10:35:09,990 [INFO] IPUIPlugin:80 - create IPUIPlugin
2024-05-07 10:35:09,990 [INFO] PluginManager:220 - loadIPPluginJar : add gic
2024-05-07 10:35:10,001 [INFO] IPUIPlugin:80 - create IPUIPlugin
2024-05-07 10:35:10,002 [INFO] PluginManager:220 - loadIPPluginJar : add gpio
2024-05-07 10:35:10,079 [INFO] IPUIPlugin:80 - create IPUIPlugin
2024-05-07 10:35:10,079 [INFO] PluginManager:220 - loadIPPluginJar : add gtzc
2024-05-07 10:35:10,121 [INFO] IPUIPlugin:80 - create IPUIPlugin
2024-05-07 10:35:10,121 [INFO] PluginManager:220 - loadIPPluginJar : add hash
2024-05-07 10:35:10,172 [INFO] IPUIPlugin:80 - create IPUIPlugin
2024-05-07 10:35:10,172 [INFO] PluginManager:220 - loadIPPluginJar : add i2c
2024-05-07 10:35:10,213 [INFO] IPUIPlugin:80 - create IPUIPlugin
2024-05-07 10:35:10,213 [INFO] PluginManager:220 - loadIPPluginJar : add i2s
2024-05-07 10:35:10,250 [INFO] IPUIPlugin:80 - create IPUIPlugin
2024-05-07 10:35:10,250 [INFO] PluginManager:220 - loadIPPluginJar : add i3c
2024-05-07 10:35:10,350 [INFO] IPUIPlugin:80 - create IPUIPlugin
2024-05-07 10:35:10,350 [INFO] PluginManager:220 - loadIPPluginJar : add ipddr
2024-05-07 10:35:10,436 [INFO] IPUIPlugin:80 - create IPUIPlugin
2024-05-07 10:35:10,436 [INFO] PluginManager:220 - loadIPPluginJar : add linkedlist
2024-05-07 10:35:10,465 [INFO] IPUIPlugin:80 - create IPUIPlugin
2024-05-07 10:35:10,465 [INFO] PluginManager:220 - loadIPPluginJar : add lorawan
2024-05-07 10:35:10,500 [INFO] IPUIPlugin:80 - create IPUIPlugin
2024-05-07 10:35:10,500 [INFO] PluginManager:220 - loadIPPluginJar : add ltdc
2024-05-07 10:35:10,512 [INFO] IPUIPlugin:80 - create IPUIPlugin
2024-05-07 10:35:10,512 [INFO] PluginManager:220 - loadIPPluginJar : add mdma
2024-05-07 10:35:10,523 [INFO] IPUIPlugin:80 - create IPUIPlugin
2024-05-07 10:35:10,523 [INFO] PluginManager:220 - loadIPPluginJar : add nvic
2024-05-07 10:35:10,556 [INFO] IPUIPlugin:80 - create IPUIPlugin
2024-05-07 10:35:10,556 [INFO] PluginManager:220 - loadIPPluginJar : add opamp
2024-05-07 10:35:10,610 [INFO] IPUIPlugin:80 - create IPUIPlugin
2024-05-07 10:35:10,610 [INFO] PluginManager:220 - loadIPPluginJar : add openamp
2024-05-07 10:35:10,649 [INFO] IPUIPlugin:80 - create IPUIPlugin
2024-05-07 10:35:10,649 [INFO] PluginManager:220 - loadIPPluginJar : add pdm2pcm
2024-05-07 10:35:10,662 [INFO] IPUIPlugin:80 - create IPUIPlugin
2024-05-07 10:35:10,664 [INFO] PluginManager:220 - loadIPPluginJar : add plateformsettings
2024-05-07 10:35:10,682 [INFO] IPUIPlugin:80 - create IPUIPlugin
2024-05-07 10:35:10,682 [INFO] PluginManager:220 - loadIPPluginJar : add quadspi
2024-05-07 10:35:10,693 [INFO] IPUIPlugin:80 - create IPUIPlugin
2024-05-07 10:35:10,693 [INFO] PluginManager:220 - loadIPPluginJar : add resmgrutility
2024-05-07 10:35:10,732 [INFO] IPUIPlugin:80 - create IPUIPlugin
2024-05-07 10:35:10,732 [INFO] PluginManager:220 - loadIPPluginJar : add sai
2024-05-07 10:35:10,761 [INFO] IPUIPlugin:80 - create IPUIPlugin
2024-05-07 10:35:10,761 [INFO] PluginManager:220 - loadIPPluginJar : add spi
2024-05-07 10:35:10,829 [INFO] IPUIPlugin:80 - create IPUIPlugin
2024-05-07 10:35:10,830 [INFO] PluginManager:220 - loadIPPluginJar : add stm32_wpan
2024-05-07 10:35:10,848 [INFO] IPUIPlugin:80 - create IPUIPlugin
2024-05-07 10:35:10,848 [INFO] PluginManager:220 - loadIPPluginJar : add tim
2024-05-07 10:35:10,900 [INFO] IPUIPlugin:80 - create IPUIPlugin
2024-05-07 10:35:10,900 [INFO] PluginManager:220 - loadIPPluginJar : add touchsensing
2024-05-07 10:35:10,919 [INFO] IPUIPlugin:80 - create IPUIPlugin
2024-05-07 10:35:10,919 [INFO] PluginManager:220 - loadIPPluginJar : add tracer_emb
2024-05-07 10:35:10,938 [INFO] IPUIPlugin:80 - create IPUIPlugin
2024-05-07 10:35:10,938 [INFO] PluginManager:220 - loadIPPluginJar : add ts
2024-05-07 10:35:10,956 [INFO] IPUIPlugin:80 - create IPUIPlugin
2024-05-07 10:35:10,956 [INFO] PluginManager:220 - loadIPPluginJar : add tsc
2024-05-07 10:35:10,974 [INFO] IPUIPlugin:80 - create IPUIPlugin
2024-05-07 10:35:10,974 [INFO] PluginManager:220 - loadIPPluginJar : add ucpd
2024-05-07 10:35:11,012 [INFO] IPUIPlugin:80 - create IPUIPlugin
2024-05-07 10:35:11,013 [INFO] PluginManager:220 - loadIPPluginJar : add usart
2024-05-07 10:35:11,051 [INFO] IPUIPlugin:80 - create IPUIPlugin
2024-05-07 10:35:11,052 [INFO] PluginManager:220 - loadIPPluginJar : add usbx
2024-05-07 10:35:11,175 [INFO] CADModel:165 - CPN selected for project level
2024-05-07 10:35:11,176 [INFO] CADModel:114 - Register for checkConnection events
2024-05-07 10:35:11,176 [FATAL] Updater:308 - Updater called before beeing initialized
2024-05-07 10:35:11,176 [ERROR] CADModel:125 - Updater not yet initialized, retry later 
2024-05-07 10:35:11,297 [INFO] CADModel:165 - CPN selected for project level
2024-05-07 10:35:11,297 [INFO] CADModel:114 - Register for checkConnection events
2024-05-07 10:35:11,297 [FATAL] Updater:308 - Updater called before beeing initialized
2024-05-07 10:35:11,297 [ERROR] CADModel:125 - Updater not yet initialized, retry later 
2024-05-07 10:35:11,300 [FATAL] Updater:308 - Updater called before beeing initialized
2024-05-07 10:35:11,419 [FATAL] Updater:308 - Updater called before beeing initialized
2024-05-07 10:35:11,427 [INFO] DbMcusAds:53 - JSON generation date=Wed Nov 29 17:52:27 ICT 2023 (1701255147349)
2024-05-07 10:35:11,427 [FATAL] Updater:308 - Updater called before beeing initialized
2024-05-07 10:35:11,510 [WARN] DetailPanel:346 - Failed to get advertising image, set to default
2024-05-07 10:35:11,592 [FATAL] Updater:308 - Updater called before beeing initialized
2024-05-07 10:35:11,594 [FATAL] Updater:308 - Updater called before beeing initialized
2024-05-07 10:35:11,594 [FATAL] Updater:308 - Updater called before beeing initialized
2024-05-07 10:35:11,594 [WARN] DetailPanel:346 - Failed to get advertising image, set to default
2024-05-07 10:35:11,594 [FATAL] Updater:308 - Updater called before beeing initialized
2024-05-07 10:35:11,656 [ERROR] Updater:1120 - MainUpdater not yet initialized. External WinMGr cannot be set.
2024-05-07 10:35:11,671 [INFO] Updater:1056 - Updater Version found : 6.10.0
2024-05-07 10:35:11,688 [INFO] ApplicationProperties:184 - Using Application install path: G:\stm32cubeide\stm32cubeide114\STM32CubeIDE_1.14.0\STM32CubeIDE\plugins\com.st.stm32cube.common.mx_6.10.0.202311202037
2024-05-07 10:35:11,961 [INFO] ThirdPartyUpdaterWithRetryManager:70 - Updater plugin not ready yet. [2/15]
2024-05-07 10:35:12,097 [INFO] MainUpdater:2873 - connection check result : 10
2024-05-07 10:35:12,098 [INFO] MainUpdater:290 - Updater Check For Update Now.
2024-05-07 10:35:12,098 [INFO] MicroXplorer:498 - Change Database Version : DB.6.0.100
2024-05-07 10:35:12,116 [INFO] McuFinderGlobals:63 - Set McuFinder mode to 2 (CubeIDE integrated)
2024-05-07 10:35:12,321 [INFO] CheckServerUpdateThread:120 - End of CheckServer Thread
2024-05-07 10:35:12,437 [INFO] UserAuth:404 - Internet connection configuration mode: 1
2024-05-07 10:35:12,465 [INFO] JxBrowserEngine:152 - Initiate JxBrowser Engine with user profile folder
2024-05-07 10:35:14,364 [INFO] WebApp:161 - Instantiating new browser for Auth
2024-05-07 10:35:14,982 [INFO] WebApp:780 - Register for checkConnection events
2024-05-07 10:35:14,982 [INFO] WebApp:414 - Apply proxy settings
2024-05-07 10:35:14,982 [INFO] WebApp:499 - Chromium requires no authentication
2024-05-07 10:35:14,997 [INFO] WebApp:442 - Direct internet connection detected
2024-05-07 10:35:15,202 [WARN] PackLoader:240 - Cannot read IP mode file for STMicroelectronics.FP-SNS-MOTENVWB1.1.4.0
2024-05-07 10:35:15,220 [WARN] PackLoader:240 - Cannot read IP mode file for STMicroelectronics.X-CUBE-SMBUS.2.1.0
2024-05-07 10:35:15,224 [INFO] WebApp:192 - Starting web application
2024-05-07 10:35:15,224 [INFO] WebApp:544 - Web application path used G:\stm32cubeide\stm32cubeide114\STM32CubeIDE_1.14.0\STM32CubeIDE\plugins\com.st.stm32cube.common.mx_6.10.0.202311202037\db\plugins\mcufinder\reactClient1\index.html
2024-05-07 10:35:15,234 [WARN] PackLoader:240 - Cannot read IP mode file for STMicroelectronics.X-CUBE-TOUCHGFX.4.23.1
2024-05-07 10:35:15,246 [WARN] PackLoader:240 - Cannot read IP mode file for STMicroelectronics.X-CUBE-TOUCHGFX.4.23.0
2024-05-07 10:35:15,258 [WARN] PackLoader:240 - Cannot read IP mode file for STMicroelectronics.X-CUBE-TOUCHGFX.4.23.2
2024-05-07 10:35:15,305 [WARN] PackLoader:240 - Cannot read IP mode file for STMicroelectronics.X-CUBE-AZRTOS-F7.1.1.0
2024-05-07 10:35:15,324 [WARN] PackLoader:240 - Cannot read IP mode file for STMicroelectronics.FP-SNS-MOTENV1.4.3.2
2024-05-07 10:35:15,339 [WARN] PackLoader:240 - Cannot read IP mode file for STMicroelectronics.FP-SNS-FLIGHT1.5.0.2
2024-05-07 10:35:15,357 [WARN] PackLoader:240 - Cannot read IP mode file for STMicroelectronics.X-CUBE-DISPLAY.3.0.0
2024-05-07 10:35:15,391 [WARN] PackLoader:240 - Cannot read IP mode file for STMicroelectronics.X-CUBE-BLE1.7.0.0
2024-05-07 10:35:15,420 [WARN] PackLoader:240 - Cannot read IP mode file for emotas.I-CUBE-CANOPEN.1.3.0
2024-05-07 10:35:15,446 [WARN] PackLoader:240 - Cannot read IP mode file for STMicroelectronics.X-CUBE-TOUCHGFX.4.22.1
2024-05-07 10:35:15,528 [WARN] PackLoader:240 - Cannot read IP mode file for STMicroelectronics.X-CUBE-BLEMGR.3.1.0
2024-05-07 10:35:15,561 [WARN] PackLoader:240 - Cannot read IP mode file for STMicroelectronics.FP-SNS-SMARTAG2.1.2.0
2024-05-07 10:35:15,593 [INFO] LogOutputStream:77 - [STDOUT_REDIRECT] 1 : Invalid condition id : UX_CORESTACK_Condition cause : null
2024-05-07 10:35:15,594 [INFO] LogOutputStream:77 - [STDOUT_REDIRECT] 1 : Invalid condition id : UX_CORESTACK_Condition cause : null
2024-05-07 10:35:15,595 [INFO] LogOutputStream:77 - [STDOUT_REDIRECT] 1 : Invalid condition id : UX_CORESTACK_Condition cause : null
2024-05-07 10:35:15,597 [INFO] LogOutputStream:77 - [STDOUT_REDIRECT] 1 : Invalid condition id : UX_CORESTACK_Condition cause : null
2024-05-07 10:35:15,599 [INFO] LogOutputStream:77 - [STDOUT_REDIRECT] 1 : Invalid condition id : UX_CORESTACK_Condition cause : null
2024-05-07 10:35:15,603 [WARN] PackLoader:240 - Cannot read IP mode file for STMicroelectronics.X-CUBE-AZRTOS-WL.2.0.0
2024-05-07 10:35:15,623 [WARN] PackLoader:240 - Cannot read IP mode file for STMicroelectronics.FP-SNS-MOTENV1.5.0.0
2024-05-07 10:35:15,654 [WARN] PackLoader:240 - Cannot read IP mode file for WES.I-CUBE-Cesium.1.3.0
2024-05-07 10:35:15,675 [WARN] PackLoader:240 - Cannot read IP mode file for STMicroelectronics.X-CUBE-BLE2.3.3.0
2024-05-07 10:35:15,700 [WARN] PackLoader:240 - Cannot read IP mode file for STMicroelectronics.X-CUBE-TCPP.4.1.0
2024-05-07 10:35:15,727 [WARN] PackLoader:240 - Cannot read IP mode file for STMicroelectronics.X-CUBE-ALGOBUILD.1.3.0
2024-05-07 10:35:15,789 [WARN] PackLoader:240 - Cannot read IP mode file for STMicroelectronics.X-CUBE-AZRTOS-G0.1.1.0
2024-05-07 10:35:15,822 [WARN] PackLoader:240 - Cannot read IP mode file for STMicroelectronics.X-CUBE-SAFEA1.1.2.2
2024-05-07 10:35:15,857 [WARN] PackLoader:240 - Cannot read IP mode file for STMicroelectronics.X-CUBE-NFC4.3.0.0
2024-05-07 10:35:15,895 [WARN] PackLoader:240 - Cannot read IP mode file for STMicroelectronics.X-CUBE-BLEMGR.3.0.0
2024-05-07 10:35:15,942 [WARN] PackLoader:240 - Cannot read IP mode file for STMicroelectronics.FP-ATR-SIGFOX1.3.2.0
2024-05-07 10:35:16,042 [WARN] PackLoader:240 - Cannot read IP mode file for STMicroelectronics.X-CUBE-EEPRMA1.5.1.0
2024-05-07 10:35:16,274 [WARN] PackLoader:240 - Cannot read IP mode file for SEGGER.I-CUBE-embOS.1.3.1
2024-05-07 10:35:16,506 [WARN] PackLoader:240 - Cannot read IP mode file for STMicroelectronics.X-CUBE-GNSS1.6.0.0
2024-05-07 10:35:16,594 [WARN] PackLoader:240 - Cannot read IP mode file for STMicroelectronics.X-CUBE-AZRTOS-F4.1.1.0
2024-05-07 10:35:16,616 [WARN] PackLoader:240 - Cannot read IP mode file for wolfSSL.I-CUBE-wolfSSL.5.6.3
2024-05-07 10:35:16,644 [WARN] PackLoader:240 - Cannot read IP mode file for STMicroelectronics.X-CUBE-FREERTOS.1.2.0
2024-05-07 10:35:16,702 [WARN] PackLoader:240 - Cannot read IP mode file for STMicroelectronics.X-CUBE-AZRTOS-L5.2.0.0
2024-05-07 10:35:16,790 [WARN] PackLoader:240 - Cannot read IP mode file for STMicroelectronics.X-CUBE-MEMS1.9.6.0
2024-05-07 10:35:17,193 [WARN] PackLoader:240 - Cannot read IP mode file for STMicroelectronics.X-CUBE-EEPRMA1.4.2.0
2024-05-07 10:35:17,237 [WARN] PackLoader:240 - Cannot read IP mode file for STMicroelectronics.X-CUBE-NFC6.3.1.0
2024-05-07 10:35:17,282 [WARN] PackLoader:240 - Cannot read IP mode file for ITTIA_DB.I-CUBE-ITTIADB.8.8.0
2024-05-07 10:35:17,344 [WARN] PackLoader:240 - Cannot read IP mode file for STMicroelectronics.X-CUBE-BLEMGR.2.0.0
2024-05-07 10:35:17,401 [WARN] PackLoader:240 - Cannot read IP mode file for STMicroelectronics.X-CUBE-AI.9.0.0
2024-05-07 10:35:17,644 [WARN] ConditionMgr:438 - getConditionDescription Invalid condition id : UX DEVICE CLASS RTOS Condition cause : null
2024-05-07 10:35:17,646 [WARN] ConditionMgr:438 - getConditionDescription Invalid condition id : UX DEVICE CLASS RTOS Condition cause : null
2024-05-07 10:35:17,686 [WARN] PackLoader:240 - Cannot read IP mode file for STMicroelectronics.X-CUBE-AZRTOS-H7.3.1.0
2024-05-07 10:35:17,699 [WARN] ConditionMgr:1039 - genDependencies : Invalid condition id : UX DEVICE CLASS RTOS Condition cause : null
2024-05-07 10:35:17,700 [WARN] ConditionMgr:1039 - genDependencies : Invalid condition id : UX DEVICE CLASS RTOS Condition cause : null
2024-05-07 10:35:17,701 [WARN] ConditionMgr:1039 - genDependencies : Invalid condition id : UX DEVICE CLASS RTOS Condition cause : null
2024-05-07 10:35:17,704 [WARN] ConditionMgr:1039 - genDependencies : Invalid condition id : UX DEVICE CLASS RTOS Condition cause : null
2024-05-07 10:35:17,705 [WARN] ConditionMgr:1039 - genDependencies : Invalid condition id : UX DEVICE CLASS RTOS Condition cause : null
2024-05-07 10:35:17,752 [WARN] PackLoader:240 - Cannot read IP mode file for STMicroelectronics.X-CUBE-NFC7.1.0.1
2024-05-07 10:35:17,804 [WARN] PackLoader:240 - Cannot read IP mode file for STMicroelectronics.X-CUBE-NFC6.3.0.0
2024-05-07 10:35:17,839 [WARN] PackLoader:240 - Cannot read IP mode file for STMicroelectronics.X-CUBE-EEPRMA1.4.1.0
2024-05-07 10:35:17,873 [WARN] PackLoader:240 - Cannot read IP mode file for STMicroelectronics.X-CUBE-AI.8.1.0
2024-05-07 10:35:17,922 [WARN] ConditionMgr:438 - getConditionDescription Invalid condition id : LAN8742 Phy interface Condition cause : null
2024-05-07 10:35:17,924 [WARN] PackLoader:240 - Cannot read IP mode file for STMicroelectronics.X-CUBE-AZRTOS-L4.2.0.0
2024-05-07 10:35:17,926 [WARN] ConditionMgr:1039 - genDependencies : Invalid condition id : LAN8742 Phy interface Condition cause : null
2024-05-07 10:35:17,927 [WARN] ConditionMgr:1039 - genDependencies : Invalid condition id : LAN8742 Phy interface Condition cause : null
2024-05-07 10:35:17,927 [WARN] ConditionMgr:1039 - genDependencies : Invalid condition id : LAN8742 Phy interface Condition cause : null
2024-05-07 10:35:17,956 [WARN] PackLoader:240 - Cannot read IP mode file for STMicroelectronics.X-CUBE-SFXS2LP1.4.0.0
2024-05-07 10:35:18,005 [WARN] PackLoader:240 - Cannot read IP mode file for STMicroelectronics.X-CUBE-ISPU.1.1.0
2024-05-07 10:35:18,138 [WARN] ConditionMgr:438 - getConditionDescription Invalid condition id : UX DEVICE CLASS RTOS Condition cause : null
2024-05-07 10:35:18,138 [WARN] ConditionMgr:438 - getConditionDescription Invalid condition id : UX DEVICE CLASS RTOS Condition cause : null
2024-05-07 10:35:18,143 [WARN] PackLoader:240 - Cannot read IP mode file for STMicroelectronics.X-CUBE-AZRTOS-WB.2.0.0
2024-05-07 10:35:18,144 [WARN] ConditionMgr:1039 - genDependencies : Invalid condition id : UX DEVICE CLASS RTOS Condition cause : null
2024-05-07 10:35:18,144 [WARN] ConditionMgr:1039 - genDependencies : Invalid condition id : UX DEVICE CLASS RTOS Condition cause : null
2024-05-07 10:35:18,145 [WARN] ConditionMgr:1039 - genDependencies : Invalid condition id : UX DEVICE CLASS RTOS Condition cause : null
2024-05-07 10:35:18,145 [WARN] ConditionMgr:1039 - genDependencies : Invalid condition id : UX DEVICE CLASS RTOS Condition cause : null
2024-05-07 10:35:18,145 [WARN] ConditionMgr:1039 - genDependencies : Invalid condition id : UX DEVICE CLASS RTOS Condition cause : null
2024-05-07 10:35:18,188 [WARN] PackLoader:240 - Cannot read IP mode file for STMicroelectronics.X-CUBE-SUBG2.5.0.0
2024-05-07 10:35:18,244 [WARN] PackLoader:240 - Cannot read IP mode file for STMicroelectronics.X-CUBE-TOF1.3.3.1
2024-05-07 10:35:18,285 [WARN] PackLoader:240 - Cannot read IP mode file for STMicroelectronics.X-CUBE-AZRTOS-G4.2.0.0
2024-05-07 10:35:18,326 [WARN] PackLoader:240 - Cannot read IP mode file for Infineon.AIROC-Wi-Fi-Bluetooth-STM32.1.5.1
2024-05-07 10:35:18,353 [WARN] PackLoader:240 - Cannot read IP mode file for STMicroelectronics.FP-SNS-MOTENVWB1.1.3.0
2024-05-07 10:35:18,373 [WARN] PackLoader:240 - Cannot read IP mode file for STMicroelectronics.FP-SNS-MOTENVWB1.1.3.1
2024-05-07 10:35:18,392 [WARN] PackLoader:240 - Cannot read IP mode file for STMicroelectronics.X-CUBE-ISPU.2.0.0
2024-05-07 10:35:18,461 [WARN] PackLoader:240 - Cannot read IP mode file for STMicroelectronics.X-CUBE-MEMS1.10.0.0
2024-05-07 10:35:18,709 [WARN] PackLoader:240 - Cannot read IP mode file for STMicroelectronics.X-CUBE-FREERTOS.1.1.0
2024-05-07 10:35:18,729 [WARN] PackLoader:240 - Cannot read IP mode file for portGmbH.I-Cube-SoM-uGOAL.1.1.0
2024-05-07 10:35:18,751 [WARN] PackLoader:240 - Cannot read IP mode file for STMicroelectronics.X-CUBE-ALS.1.0.1
2024-05-07 10:35:18,789 [WARN] PackLoader:240 - Cannot read IP mode file for STMicroelectronics.X-CUBE-AZRTOS-H7RS.1.0.0
2024-05-07 10:35:18,810 [WARN] PackLoader:240 - Cannot read IP mode file for STMicroelectronics.FP-ATR-ASTRA1.2.0.0
2024-05-07 10:35:18,847 [WARN] PackLoader:240 - Cannot read IP mode file for STMicroelectronics.X-CUBE-TOF1.3.4.0
2024-05-07 10:35:18,912 [WARN] PackLoader:240 - Cannot read IP mode file for STMicroelectronics.X-CUBE-TOF1.3.4.1
2024-05-07 10:35:18,983 [WARN] PackLoader:240 - Cannot read IP mode file for STMicroelectronics.X-CUBE-AZRTOS-H7.3.2.0
2024-05-07 10:35:18,987 [INFO] ThirdParty:978 - Integrity check success = true
2024-05-07 10:35:18,987 [INFO] IntegrityCheckThread:100 - exiting critical section [integrity check]
2024-05-07 10:35:18,988 [INFO] IntegrityCheckThread:103 - End integrity checks thread
2024-05-07 10:35:36,525 [ERROR] LogOutputStream:75 - [STDERR_REDIRECT] SLF4J: Failed to load class "org.slf4j.impl.StaticLoggerBinder".
2024-05-07 10:35:36,525 [ERROR] LogOutputStream:75 - [STDERR_REDIRECT] SLF4J: Defaulting to no-operation (NOP) logger implementation
2024-05-07 10:35:36,526 [ERROR] LogOutputStream:75 - [STDERR_REDIRECT] SLF4J: See http://www.slf4j.org/codes.html#StaticLoggerBinder for further details.
2024-05-07 22:48:53,466 [ERROR] LogOutputStream:75 - [STDERR_REDIRECT] 
