2024-04-27 22:26:11,183 [INFO] Activator:176 - 


2024-04-27 22:26:11,185 [INFO] Activator:177 - !SESSION log4j initialized
2024-04-27 22:26:13,837 [INFO] LogOutputStream:77 - [STDOUT_REDIRECT] 
2024-04-27 22:26:14,612 [INFO] ApplicationProperties:184 - Using Application install path: G:\stm32cubeide\stm32cubeide114\STM32CubeIDE_1.14.0\STM32CubeIDE\plugins\com.st.stm32cube.common.mx_6.10.0.202311202037
2024-04-27 22:26:14,624 [INFO] DbMcusXml:78 - Set database path to: G:\stm32cubeide\stm32cubeide114\STM32CubeIDE_1.14.0\STM32CubeIDE\plugins\com.st.stm32cube.common.mx_6.10.0.202311202037\\db\/mcu/
2024-04-27 22:26:14,624 [INFO] ApiDb:274 - Set plugin database path to: G:\stm32cubeide\stm32cubeide114\STM32CubeIDE_1.14.0\STM32CubeIDE\plugins\com.st.stm32cube.common.mx_6.10.0.202311202037\\db\/plugins/boardmanager/
2024-04-27 22:26:14,625 [WARN] ApiDb:259 - Overriding images path with different value:  => G:\stm32cubeide\stm32cubeide114\STM32CubeIDE_1.14.0\STM32CubeIDE\plugins\com.st.stm32cube.common.mx_6.10.0.202311202037\\db\/plugins/mcufinder/images/
2024-04-27 22:26:14,629 [INFO] ApiDb:250 - Set database path to: C:\Users\Nghia\.stmcufinder\plugins\mcufinder//mcu/
2024-04-27 22:26:14,630 [INFO] DbMcusAds:125 - Set database path to: C:\Users\Nghia\.stmcufinder\plugins\mcufinder//mcu/
2024-04-27 22:26:14,632 [INFO] CrossReferenceDbSqlite:203 - Set database path to: C:\Users\Nghia\.stmcufinder\plugins\mcufinder//mcu/cs/
2024-04-27 22:26:14,729 [INFO] RulesReader:64 - Compatibility file has been processed (297 Rules)
2024-04-27 22:26:14,805 [INFO] DbMcusXml:78 - Set database path to: G:\stm32cubeide\stm32cubeide114\STM32CubeIDE_1.14.0\STM32CubeIDE\plugins\com.st.stm32cube.common.mx_6.10.0.202311202037\\db\/mcu/
2024-04-27 22:26:14,805 [INFO] ApiDb:274 - Set plugin database path to: G:\stm32cubeide\stm32cubeide114\STM32CubeIDE_1.14.0\STM32CubeIDE\plugins\com.st.stm32cube.common.mx_6.10.0.202311202037\\db\/plugins/boardmanager/
2024-04-27 22:26:14,805 [INFO] ApiDb:261 - Set plugin images path to: G:\stm32cubeide\stm32cubeide114\STM32CubeIDE_1.14.0\STM32CubeIDE\plugins\com.st.stm32cube.common.mx_6.10.0.202311202037\\db\/plugins/mcufinder/images/
2024-04-27 22:26:14,805 [WARN] DbFile:41 - Overriding database path with different value: C:\Users\Nghia\.stmcufinder\plugins\mcufinder/ => C:\Users\Nghia\.stmcufinder\plugins\mcufinder
2024-04-27 22:26:14,805 [INFO] ApiDb:250 - Set database path to: C:\Users\Nghia\.stmcufinder\plugins\mcufinder//mcu/
2024-04-27 22:26:14,805 [WARN] DbFile:41 - Overriding database path with different value: C:\Users\Nghia\.stmcufinder\plugins\mcufinder/ => C:\Users\Nghia\.stmcufinder\plugins\mcufinder
2024-04-27 22:26:14,805 [INFO] DbMcusAds:125 - Set database path to: C:\Users\Nghia\.stmcufinder\plugins\mcufinder//mcu/
2024-04-27 22:26:14,805 [WARN] DbFile:41 - Overriding database path with different value: C:\Users\Nghia\.stmcufinder\plugins\mcufinder/ => C:\Users\Nghia\.stmcufinder\plugins\mcufinder
2024-04-27 22:26:14,806 [WARN] DbFile:41 - Overriding database path with different value: C:\Users\Nghia\.stmcufinder\plugins\mcufinder/ => C:\Users\Nghia\.stmcufinder\plugins\mcufinder
2024-04-27 22:26:14,806 [INFO] CrossReferenceDbSqlite:203 - Set database path to: C:\Users\Nghia\.stmcufinder\plugins\mcufinder//mcu/cs/
2024-04-27 22:26:14,873 [INFO] MainPanel:264 - HeapMemory: 268435456
2024-04-27 22:26:14,936 [INFO] DbMcusXml:78 - Set database path to: G:\stm32cubeide\stm32cubeide114\STM32CubeIDE_1.14.0\STM32CubeIDE\plugins\com.st.stm32cube.common.mx_6.10.0.202311202037\\db\/mcu/
2024-04-27 22:26:14,936 [INFO] ApiDb:274 - Set plugin database path to: G:\stm32cubeide\stm32cubeide114\STM32CubeIDE_1.14.0\STM32CubeIDE\plugins\com.st.stm32cube.common.mx_6.10.0.202311202037\\db\/plugins/boardmanager/
2024-04-27 22:26:14,936 [INFO] ApiDb:261 - Set plugin images path to: G:\stm32cubeide\stm32cubeide114\STM32CubeIDE_1.14.0\STM32CubeIDE\plugins\com.st.stm32cube.common.mx_6.10.0.202311202037\\db\/plugins/mcufinder/images/
2024-04-27 22:26:14,936 [WARN] DbFile:41 - Overriding database path with different value: C:\Users\Nghia\.stmcufinder\plugins\mcufinder/ => C:\Users\Nghia\.stmcufinder\plugins\mcufinder
2024-04-27 22:26:14,936 [INFO] ApiDb:250 - Set database path to: C:\Users\Nghia\.stmcufinder\plugins\mcufinder//mcu/
2024-04-27 22:26:14,936 [WARN] DbFile:41 - Overriding database path with different value: C:\Users\Nghia\.stmcufinder\plugins\mcufinder/ => C:\Users\Nghia\.stmcufinder\plugins\mcufinder
2024-04-27 22:26:14,936 [INFO] DbMcusAds:125 - Set database path to: C:\Users\Nghia\.stmcufinder\plugins\mcufinder//mcu/
2024-04-27 22:26:14,936 [WARN] DbFile:41 - Overriding database path with different value: C:\Users\Nghia\.stmcufinder\plugins\mcufinder/ => C:\Users\Nghia\.stmcufinder\plugins\mcufinder
2024-04-27 22:26:14,936 [WARN] DbFile:41 - Overriding database path with different value: C:\Users\Nghia\.stmcufinder\plugins\mcufinder/ => C:\Users\Nghia\.stmcufinder\plugins\mcufinder
2024-04-27 22:26:14,937 [INFO] CrossReferenceDbSqlite:203 - Set database path to: C:\Users\Nghia\.stmcufinder\plugins\mcufinder//mcu/cs/
2024-04-27 22:26:14,950 [INFO] ApplicationProperties:184 - Using Application install path: G:\stm32cubeide\stm32cubeide114\STM32CubeIDE_1.14.0\STM32CubeIDE\plugins\com.st.stm32cube.common.mx_6.10.0.202311202037
2024-04-27 22:26:14,952 [INFO] PluginManage:196 - Search for loadable plugins [exclusion list=, ]
2024-04-27 22:26:14,953 [INFO] PluginManage:310 - Check plugin analytics
2024-04-27 22:26:20,119 [INFO] AnalyticsPlugin:253 - Accepted Software Licenses: STM32CubeMX.6.8.0,STM32CubeMX.6.1.1
2024-04-27 22:26:20,120 [INFO] AnalyticsPlugin:255 - Accepted CMSIS Pack Licenses: 
2024-04-27 22:26:20,120 [INFO] AnalyticsPlugin:257 - Accepted Firmware Licenses: FW.F4.1.27.0,FW.F4.1.28.0
2024-04-27 22:26:20,122 [INFO] PluginManage:359 - Loaded plugin analytics (category:tool,tabindex:-1)
2024-04-27 22:26:20,122 [INFO] PluginManage:310 - Check plugin cadmodel
2024-04-27 22:26:20,125 [INFO] CADModel:105 - Init CAD model plugin
2024-04-27 22:26:20,125 [INFO] PluginManage:359 - Loaded plugin cadmodel (category:power,tabindex:5)
2024-04-27 22:26:20,126 [INFO] PluginManage:310 - Check plugin clock
2024-04-27 22:26:20,132 [INFO] PluginManage:359 - Loaded plugin clock (category:base,tabindex:2)
2024-04-27 22:26:20,132 [INFO] PluginManage:310 - Check plugin ddr
2024-04-27 22:26:20,134 [INFO] PluginManage:359 - Loaded plugin ddr (category:tool,tabindex:6)
2024-04-27 22:26:20,134 [INFO] PluginManage:310 - Check plugin filemanager
2024-04-27 22:26:20,241 [INFO] PluginManage:359 - Loaded plugin filemanager (category:base,tabindex:10)
2024-04-27 22:26:20,241 [INFO] PluginManage:310 - Check plugin ipmanager
2024-04-27 22:26:20,247 [INFO] PluginManage:359 - Loaded plugin ipmanager (category:base,tabindex:5)
2024-04-27 22:26:20,248 [INFO] PluginManage:310 - Check plugin lpbam
2024-04-27 22:26:20,254 [INFO] PluginManage:359 - Loaded plugin lpbam (category:base,tabindex:0)
2024-04-27 22:26:20,254 [INFO] PluginManage:310 - Check plugin memorymap
2024-04-27 22:26:20,262 [INFO] PluginManage:359 - Loaded plugin memorymap (category:base,tabindex:4)
2024-04-27 22:26:20,262 [INFO] PluginManage:310 - Check plugin pinoutandconfiguration
2024-04-27 22:26:20,267 [INFO] PluginManage:359 - Loaded plugin pinoutandconfiguration (category:base,tabindex:1)
2024-04-27 22:26:20,267 [INFO] PluginManage:310 - Check plugin pinoutconfig
2024-04-27 22:26:20,370 [WARN] SupportedApi:132 - Cannot load RTOS API schema: s4s-elt-must-match.1: The content of 'definitions' must match (annotation?, (simpleType | complexType)?, (unique | key | keyref)*)). A problem was found starting at: attribute.
2024-04-27 22:26:20,479 [INFO] PluginManage:359 - Loaded plugin pinoutconfig (category:base,tabindex:0)
2024-04-27 22:26:20,480 [INFO] PluginManage:310 - Check plugin power
2024-04-27 22:26:20,485 [INFO] PluginManage:359 - Loaded plugin power (category:power,tabindex:4)
2024-04-27 22:26:20,485 [INFO] PluginManage:310 - Check plugin projectmanager
2024-04-27 22:26:20,499 [INFO] PluginManage:359 - Loaded plugin projectmanager (category:projectmanager,tabindex:3)
2024-04-27 22:26:20,499 [INFO] PluginManage:310 - Check plugin thirdparty
2024-04-27 22:26:20,610 [INFO] PluginManage:359 - Loaded plugin thirdparty (category:base,tabindex:-1)
2024-04-27 22:26:20,610 [INFO] PluginManage:310 - Check plugin tools
2024-04-27 22:26:20,610 [WARN] IntegrityCheckThread:84 - waiting for thirdparty lock release [integrity check]
2024-04-27 22:26:20,610 [INFO] IntegrityCheckThread:86 - entering critical section [integrity check]
2024-04-27 22:26:20,611 [INFO] ThirdPartyUpdaterWithRetryManager:70 - Updater plugin not ready yet. [1/15]
2024-04-27 22:26:20,613 [INFO] PluginManage:359 - Loaded plugin tools (category:base,tabindex:7)
2024-04-27 22:26:20,613 [INFO] PluginManage:310 - Check plugin tutovideos
2024-04-27 22:26:20,786 [INFO] PluginManage:359 - Loaded plugin tutovideos (category:base,tabindex:-1)
2024-04-27 22:26:20,787 [INFO] PluginManage:310 - Check plugin updater
2024-04-27 22:26:20,796 [INFO] PluginManage:359 - Loaded plugin updater (category:base,tabindex:12)
2024-04-27 22:26:20,796 [INFO] PluginManage:310 - Check plugin userauth
2024-04-27 22:26:20,801 [INFO] UserAuth:114 - Init User Auth plugin
2024-04-27 22:26:20,801 [INFO] PluginManage:359 - Loaded plugin userauth (category:base,tabindex:14)
2024-04-27 22:26:20,801 [INFO] PluginManage:283 - PluginManage : Loaded plugins [17]
2024-04-27 22:26:21,007 [INFO] PinOutPanel:1499 - setPackage(No Configuration,No Configuration)
2024-04-27 22:26:21,081 [INFO] CADModel:165 - CPN selected for project level
2024-04-27 22:26:21,081 [INFO] CADModel:114 - Register for checkConnection events
2024-04-27 22:26:21,095 [INFO] IPUIPlugin:80 - create IPUIPlugin
2024-04-27 22:26:21,095 [INFO] PluginManager:220 - loadIPPluginJar : add adc
2024-04-27 22:26:21,097 [INFO] IPUIPlugin:80 - create IPUIPlugin
2024-04-27 22:26:21,097 [INFO] PluginManager:220 - loadIPPluginJar : add aes
2024-04-27 22:26:21,099 [INFO] IPUIPlugin:80 - create IPUIPlugin
2024-04-27 22:26:21,099 [INFO] PluginManager:220 - loadIPPluginJar : add can
2024-04-27 22:26:21,100 [INFO] IPUIPlugin:80 - create IPUIPlugin
2024-04-27 22:26:21,101 [INFO] PluginManager:220 - loadIPPluginJar : add comp
2024-04-27 22:26:21,102 [INFO] IPUIPlugin:80 - create IPUIPlugin
2024-04-27 22:26:21,102 [INFO] PluginManager:220 - loadIPPluginJar : add cryp
2024-04-27 22:26:21,104 [INFO] IPUIPlugin:80 - create IPUIPlugin
2024-04-27 22:26:21,104 [INFO] PluginManager:220 - loadIPPluginJar : add dfsdm
2024-04-27 22:26:21,108 [INFO] IPUIPlugin:80 - create IPUIPlugin
2024-04-27 22:26:21,109 [INFO] PluginManager:220 - loadIPPluginJar : add dma
2024-04-27 22:26:21,111 [INFO] IPUIPlugin:80 - create IPUIPlugin
2024-04-27 22:26:21,111 [INFO] PluginManager:220 - loadIPPluginJar : add dma3
2024-04-27 22:26:21,112 [INFO] IPUIPlugin:80 - create IPUIPlugin
2024-04-27 22:26:21,112 [INFO] PluginManager:220 - loadIPPluginJar : add fatfs
2024-04-27 22:26:21,116 [INFO] IPUIPlugin:80 - create IPUIPlugin
2024-04-27 22:26:21,116 [INFO] PluginManager:220 - loadIPPluginJar : add fmc
2024-04-27 22:26:21,120 [INFO] IPUIPlugin:80 - create IPUIPlugin
2024-04-27 22:26:21,120 [INFO] PluginManager:220 - loadIPPluginJar : add freertos
2024-04-27 22:26:21,121 [INFO] IPUIPlugin:80 - create IPUIPlugin
2024-04-27 22:26:21,121 [INFO] PluginManager:220 - loadIPPluginJar : add genericplugin
2024-04-27 22:26:21,123 [INFO] IPUIPlugin:80 - create IPUIPlugin
2024-04-27 22:26:21,123 [INFO] PluginManager:220 - loadIPPluginJar : add gfxmmu
2024-04-27 22:26:21,127 [INFO] IPUIPlugin:80 - create IPUIPlugin
2024-04-27 22:26:21,127 [INFO] PluginManager:220 - loadIPPluginJar : add gic
2024-04-27 22:26:21,130 [INFO] IPUIPlugin:80 - create IPUIPlugin
2024-04-27 22:26:21,130 [INFO] PluginManager:220 - loadIPPluginJar : add gpio
2024-04-27 22:26:21,132 [INFO] IPUIPlugin:80 - create IPUIPlugin
2024-04-27 22:26:21,132 [INFO] PluginManager:220 - loadIPPluginJar : add gtzc
2024-04-27 22:26:21,134 [INFO] IPUIPlugin:80 - create IPUIPlugin
2024-04-27 22:26:21,134 [INFO] PluginManager:220 - loadIPPluginJar : add hash
2024-04-27 22:26:21,136 [INFO] IPUIPlugin:80 - create IPUIPlugin
2024-04-27 22:26:21,136 [INFO] PluginManager:220 - loadIPPluginJar : add i2c
2024-04-27 22:26:21,138 [INFO] IPUIPlugin:80 - create IPUIPlugin
2024-04-27 22:26:21,138 [INFO] PluginManager:220 - loadIPPluginJar : add i2s
2024-04-27 22:26:21,141 [INFO] IPUIPlugin:80 - create IPUIPlugin
2024-04-27 22:26:21,141 [INFO] PluginManager:220 - loadIPPluginJar : add i3c
2024-04-27 22:26:21,143 [INFO] IPUIPlugin:80 - create IPUIPlugin
2024-04-27 22:26:21,143 [INFO] PluginManager:220 - loadIPPluginJar : add ipddr
2024-04-27 22:26:21,149 [INFO] IPUIPlugin:80 - create IPUIPlugin
2024-04-27 22:26:21,150 [INFO] PluginManager:220 - loadIPPluginJar : add linkedlist
2024-04-27 22:26:21,152 [INFO] IPUIPlugin:80 - create IPUIPlugin
2024-04-27 22:26:21,152 [INFO] PluginManager:220 - loadIPPluginJar : add lorawan
2024-04-27 22:26:21,154 [INFO] IPUIPlugin:80 - create IPUIPlugin
2024-04-27 22:26:21,155 [INFO] PluginManager:220 - loadIPPluginJar : add ltdc
2024-04-27 22:26:21,162 [INFO] IPUIPlugin:80 - create IPUIPlugin
2024-04-27 22:26:21,162 [INFO] PluginManager:220 - loadIPPluginJar : add mdma
2024-04-27 22:26:21,166 [INFO] IPUIPlugin:80 - create IPUIPlugin
2024-04-27 22:26:21,166 [INFO] PluginManager:220 - loadIPPluginJar : add nvic
2024-04-27 22:26:21,169 [INFO] IPUIPlugin:80 - create IPUIPlugin
2024-04-27 22:26:21,169 [INFO] PluginManager:220 - loadIPPluginJar : add opamp
2024-04-27 22:26:21,172 [INFO] IPUIPlugin:80 - create IPUIPlugin
2024-04-27 22:26:21,172 [INFO] PluginManager:220 - loadIPPluginJar : add openamp
2024-04-27 22:26:21,175 [INFO] IPUIPlugin:80 - create IPUIPlugin
2024-04-27 22:26:21,175 [INFO] PluginManager:220 - loadIPPluginJar : add pdm2pcm
2024-04-27 22:26:21,182 [INFO] IPUIPlugin:80 - create IPUIPlugin
2024-04-27 22:26:21,184 [INFO] PluginManager:220 - loadIPPluginJar : add plateformsettings
2024-04-27 22:26:21,186 [INFO] IPUIPlugin:80 - create IPUIPlugin
2024-04-27 22:26:21,186 [INFO] PluginManager:220 - loadIPPluginJar : add quadspi
2024-04-27 22:26:21,189 [INFO] IPUIPlugin:80 - create IPUIPlugin
2024-04-27 22:26:21,190 [INFO] PluginManager:220 - loadIPPluginJar : add resmgrutility
2024-04-27 22:26:21,193 [INFO] IPUIPlugin:80 - create IPUIPlugin
2024-04-27 22:26:21,193 [INFO] PluginManager:220 - loadIPPluginJar : add sai
2024-04-27 22:26:21,196 [INFO] IPUIPlugin:80 - create IPUIPlugin
2024-04-27 22:26:21,196 [INFO] PluginManager:220 - loadIPPluginJar : add spi
2024-04-27 22:26:21,200 [INFO] IPUIPlugin:80 - create IPUIPlugin
2024-04-27 22:26:21,201 [INFO] PluginManager:220 - loadIPPluginJar : add stm32_wpan
2024-04-27 22:26:21,202 [INFO] IPUIPlugin:80 - create IPUIPlugin
2024-04-27 22:26:21,202 [INFO] PluginManager:220 - loadIPPluginJar : add tim
2024-04-27 22:26:21,206 [INFO] IPUIPlugin:80 - create IPUIPlugin
2024-04-27 22:26:21,206 [INFO] PluginManager:220 - loadIPPluginJar : add touchsensing
2024-04-27 22:26:21,208 [INFO] IPUIPlugin:80 - create IPUIPlugin
2024-04-27 22:26:21,208 [INFO] PluginManager:220 - loadIPPluginJar : add tracer_emb
2024-04-27 22:26:21,209 [INFO] IPUIPlugin:80 - create IPUIPlugin
2024-04-27 22:26:21,209 [INFO] PluginManager:220 - loadIPPluginJar : add ts
2024-04-27 22:26:21,211 [INFO] IPUIPlugin:80 - create IPUIPlugin
2024-04-27 22:26:21,211 [INFO] PluginManager:220 - loadIPPluginJar : add tsc
2024-04-27 22:26:21,213 [INFO] IPUIPlugin:80 - create IPUIPlugin
2024-04-27 22:26:21,213 [INFO] PluginManager:220 - loadIPPluginJar : add ucpd
2024-04-27 22:26:21,215 [INFO] IPUIPlugin:80 - create IPUIPlugin
2024-04-27 22:26:21,215 [INFO] PluginManager:220 - loadIPPluginJar : add usart
2024-04-27 22:26:21,217 [INFO] IPUIPlugin:80 - create IPUIPlugin
2024-04-27 22:26:21,217 [INFO] PluginManager:220 - loadIPPluginJar : add usbx
2024-04-27 22:26:21,337 [INFO] CADModel:165 - CPN selected for project level
2024-04-27 22:26:21,337 [INFO] CADModel:114 - Register for checkConnection events
2024-04-27 22:26:21,337 [FATAL] Updater:308 - Updater called before beeing initialized
2024-04-27 22:26:21,337 [ERROR] CADModel:125 - Updater not yet initialized, retry later 
2024-04-27 22:26:21,437 [INFO] CADModel:165 - CPN selected for project level
2024-04-27 22:26:21,437 [INFO] CADModel:114 - Register for checkConnection events
2024-04-27 22:26:21,437 [FATAL] Updater:308 - Updater called before beeing initialized
2024-04-27 22:26:21,437 [ERROR] CADModel:125 - Updater not yet initialized, retry later 
2024-04-27 22:26:21,440 [FATAL] Updater:308 - Updater called before beeing initialized
2024-04-27 22:26:21,546 [FATAL] Updater:308 - Updater called before beeing initialized
2024-04-27 22:26:21,550 [INFO] DbMcusAds:53 - JSON generation date=Wed Nov 29 17:52:27 ICT 2023 (1701255147349)
2024-04-27 22:26:21,550 [FATAL] Updater:308 - Updater called before beeing initialized
2024-04-27 22:26:21,583 [WARN] DetailPanel:346 - Failed to get advertising image, set to default
2024-04-27 22:26:21,666 [FATAL] Updater:308 - Updater called before beeing initialized
2024-04-27 22:26:21,668 [FATAL] Updater:308 - Updater called before beeing initialized
2024-04-27 22:26:21,668 [FATAL] Updater:308 - Updater called before beeing initialized
2024-04-27 22:26:21,668 [WARN] DetailPanel:346 - Failed to get advertising image, set to default
2024-04-27 22:26:21,669 [FATAL] Updater:308 - Updater called before beeing initialized
2024-04-27 22:26:21,713 [ERROR] Updater:1120 - MainUpdater not yet initialized. External WinMGr cannot be set.
2024-04-27 22:26:21,715 [INFO] Updater:1056 - Updater Version found : 6.10.0
2024-04-27 22:26:21,730 [INFO] ApplicationProperties:184 - Using Application install path: G:\stm32cubeide\stm32cubeide114\STM32CubeIDE_1.14.0\STM32CubeIDE\plugins\com.st.stm32cube.common.mx_6.10.0.202311202037
2024-04-27 22:26:22,603 [INFO] MainUpdater:2873 - connection check result : 10
2024-04-27 22:26:22,604 [INFO] MainUpdater:290 - Updater Check For Update Now.
2024-04-27 22:26:22,604 [INFO] MicroXplorer:498 - Change Database Version : DB.6.0.100
2024-04-27 22:26:22,609 [INFO] McuFinderGlobals:63 - Set McuFinder mode to 2 (CubeIDE integrated)
2024-04-27 22:26:22,802 [INFO] CheckServerUpdateThread:120 - End of CheckServer Thread
2024-04-27 22:26:22,814 [INFO] MainUpdater:2873 - connection check result : 10
2024-04-27 22:26:23,242 [INFO] ApiDb:581 - Connected to CubeFinder SQLite database (C:\Users\Nghia\.stmcufinder\plugins\mcufinder\mcu\cube-finder-db.db)
2024-04-27 22:26:23,320 [INFO] ApiDb:668 - CubeFinder database Data Model version=2.1
2024-04-27 22:26:23,320 [INFO] ApiDb:669 - CubeFinder database Configuration version=3.0.39
2024-04-27 22:26:23,320 [INFO] ApiDb:670 - CubeFinder database generation date=2024-04-15 (1713193726)
2024-04-27 22:26:23,320 [INFO] ApiDb:671 - CubeFinder database FW Pack versions=[FP-ATR-ASTRA1_V2.0.0, FP-SNS-FLIGHT1_V5.0.1, FP-SNS-FLIGHT1_V5.0.2, FP-SNS-MOTENV1_V4.3.1, FP-SNS-MOTENV1_V4.3.2, FP-SNS-MOTENVWB1_V1.3.1, FP-SNS-SMARTAG2_V1.2.0, STM32Cube_FW_C0_V1.1.0, STM32Cube_FW_F4_V1.28.0, STM32Cube_FW_F7_V1.17.0, STM32Cube_FW_G0_V1.6.2, STM32Cube_FW_G4_V1.5.2, STM32Cube_FW_H5_V0.5.1, STM32Cube_FW_H5_V1.1.1, STM32Cube_FW_H5_V1.2.0, STM32Cube_FW_H5_V1.2.0RC4, STM32Cube_FW_H7RS_V1.0.0, STM32Cube_FW_H7RS_V1.0.0RC4, STM32Cube_FW_H7_V1.11.0, STM32Cube_FW_L0_V1.12.2, STM32Cube_FW_L5_V1.5.1, STM32Cube_FW_U0_V1.0.0, STM32Cube_FW_U0_V1.0.0RC1, STM32Cube_FW_U5_V1.3.0RC4, STM32Cube_FW_U5_V1.5.0, STM32Cube_FW_U5_V1.5.0RC1, STM32Cube_FW_WBA_V1.0.0RC1, STM32Cube_FW_WBA_V1.2.0, STM32Cube_FW_WBA_V1.2.0RC2, STM32Cube_FW_WBA_V1.3.0, STM32Cube_FW_WBA_V1.3.0RC1, STM32Cube_FW_WB_V1.15.0RC1, STM32Cube_FW_WB_V1.16.0, STM32Cube_FW_WB_V1.16.0RC2, STM32Cube_FW_WB_V1.18.0, STM32Cube_FW_WB_V1.19.0, STM32Cube_FW_WL_V1.3.0, X-CUBE-ALGOBUILD_V1.3.0, X-CUBE-ALS_V1.0.1, X-CUBE-AZRTOS-F4_V1.1.0, X-CUBE-AZRTOS-F7_V1.1.0, X-CUBE-AZRTOS-G0_V1.1.0, X-CUBE-AZRTOS-G4_V2.0.0, X-CUBE-AZRTOS-H7_V3.2.0, X-CUBE-AZRTOS-L4_V1.0.0, X-CUBE-AZRTOS-L4_V2.0.0, X-CUBE-AZRTOS-L5_V1.1.0, X-CUBE-AZRTOS-WB_V2.0.0, X-CUBE-AZRTOS-WL_V2.0.0, X-CUBE-BLE1_V7.0.0, X-CUBE-BLE2_V3.3.0, X-CUBE-BLEMGR_V3.1.0, X-CUBE-EEPRMA1_V4.1.0, X-CUBE-EEPRMA1_V5.1.0, X-CUBE-FREERTOS_V1.1.0, X-CUBE-GNSS1_V6.0.0, X-CUBE-MEMS1_V10.0.0, X-CUBE-MEMS1_V9.1.0, X-CUBE-MEMS1_V9.4.0, X-CUBE-MEMS1_V9.6.0, X-CUBE-NFC4_V3.0.0, X-CUBE-NFC7_V1.0.1, X-CUBE-SFXS2LP1_V4.0.0, X-CUBE-SUBG2_V5.0.0, X-CUBE-TOF1_V3.4.0]
2024-04-27 22:26:23,376 [INFO] UserAuth:404 - Internet connection configuration mode: 1
2024-04-27 22:26:23,387 [INFO] JxBrowserEngine:152 - Initiate JxBrowser Engine with user profile folder
2024-04-27 22:26:23,455 [INFO] DbBoardsSqlite:226 - include board P-NUCLEO-WB55-NUCLEO as a kit item of type 'Nucleo-64'
2024-04-27 22:26:23,455 [INFO] DbBoardsSqlite:226 - include board P-NUCLEO-WB55-USBDONGLE as a kit item of type 'Nucleo USB Dongle'
2024-04-27 22:26:23,457 [INFO] DbBoardsSqlite:226 - include board STEVAL-IDP005V1 as a kit item of type 'Evaluation Board'
2024-04-27 22:26:23,457 [INFO] DbBoardsSqlite:226 - include board STEVAL-IDP005V2 as a kit item of type 'Evaluation Board'
2024-04-27 22:26:23,861 [WARN] PackLoader:240 - Cannot read IP mode file for STMicroelectronics.FP-SNS-MOTENVWB1.1.4.0
2024-04-27 22:26:23,878 [WARN] PackLoader:240 - Cannot read IP mode file for STMicroelectronics.X-CUBE-SMBUS.2.1.0
2024-04-27 22:26:23,884 [WARN] PackLoader:240 - Cannot read IP mode file for STMicroelectronics.X-CUBE-TOUCHGFX.4.23.1
2024-04-27 22:26:23,889 [WARN] PackLoader:240 - Cannot read IP mode file for STMicroelectronics.X-CUBE-TOUCHGFX.4.23.0
2024-04-27 22:26:23,893 [WARN] PackLoader:240 - Cannot read IP mode file for STMicroelectronics.X-CUBE-TOUCHGFX.4.23.2
2024-04-27 22:26:23,936 [INFO] ApiDb:240 - Found 371 in-development CPN: [B-G473E-ZEST1S, B-WB1M-WPAN1, B-WL5M-SUBG1, NUCLEO-C031C6, NUCLEO-H503RB, NUCLEO-H563ZI, NUCLEO-U545RE-Q, NUCLEO-U5A5ZJ-Q, NUCLEO-WBA52CG, NUCLEO-WBA55CG, STEVAL-MKBOXPRO, STEVAL-PROTEUS1, STEVAL-STWINBX1, STM320518-EVAL, STM32C0116-DK, STM32C011D6Y3TR, STM32C011D6Y6TR, STM32C011F4P3, STM32C011F4P6, STM32C011F4U3, STM32C011F4U6TR, STM32C011F6P3, STM32C011F6P6, STM32C011F6U3, STM32C011F6U6TR, STM32C011J4M3, STM32C011J4M6, STM32C011J6M3, STM32C011J6M6, STM32C0316-DK, STM32C031C4T3, STM32C031C4T6, STM32C031C4U3, STM32C031C4U6, STM32C031C6T3, STM32C031C6T6, STM32C031C6U3, STM32C031C6U6, STM32C031F4P3, STM32C031F4P6, STM32C031F6P3, STM32C031F6P6, STM32C031G4U3, STM32C031G4U6, STM32C031G6U3, STM32C031G6U6, STM32C031K4T3, STM32C031K4T6, STM32C031K4U3, STM32C031K4U6, STM32C031K6T3, STM32C031K6T6, STM32C031K6U3, STM32C031K6U6, STM32G071K8TXN, STM32G071K8UXN, STM32G081GBU6N, STM32G081KBT6N, STM32G081KBUXN, STM32G0B1CCT6N, STM32G0B1KCT6, STM32G0B1NEY6TR, STM32G0B1RCT6N, STM32G0C1CCT6, STM32G0C1CCT6N, STM32G0C1CCU6N, STM32G0C1CET6N, STM32G0C1CEU6N, STM32G0C1KCT6, STM32G0C1NEY6TR, STM32G0C1RCI6N, STM32G0C1RCT6N, STM32G0C1REI6N, STM32G0C1RET6N, STM32G0C1VCI6, STM32G0C1VEI6, STM32G471CCT6, STM32G471CCU6, STM32G471CET3, STM32G471CET6, STM32G471CEU3, STM32G471CEU6, STM32G471MCT6, STM32G471MET3, STM32G471MET6, STM32G471MEY6TR, STM32G471QCT6, STM32G471QET3, STM32G471RCT6, STM32G471RET3, STM32G471RET6, STM32G471VCH6, STM32G471VCI6, STM32G471VCT6, STM32G471VEH3, STM32G471VEH6, STM32G471VEI3, STM32G471VEI6, STM32G471VET3, STM32G471VET6, STM32G474CCT6, STM32H503CBT6, STM32H503CBU6, STM32H503EBY6TR, STM32H503KBU6, STM32H503RBT6, STM32H562AGI6, STM32H562AII6, STM32H562IGK6, STM32H562IGT6, STM32H562IIK6, STM32H562IIT6, STM32H562RGT6, STM32H562RGV6, STM32H562RIT6, STM32H562RIV6, STM32H562VGT6, STM32H562VIT6, STM32H562ZGT6, STM32H562ZIT6, STM32H563AGI6, STM32H563AII3Q, STM32H563AII6, STM32H563IGK6, STM32H563IGT6, STM32H563IIK3Q, STM32H563IIK6, STM32H563IIT3Q, STM32H563IIT6, STM32H563MIY3QTR, STM32H563RGT6, STM32H563RGV6, STM32H563RIT6, STM32H563RIV6, STM32H563VGT6, STM32H563VIT3Q, STM32H563VIT6, STM32H563ZGT6, STM32H563ZIT3Q, STM32H563ZIT6, STM32H573AII3Q, STM32H573AII6, STM32H573I-DK, STM32H573IIK3Q, STM32H573IIK6, STM32H573IIT3Q, STM32H573IIT6, STM32H573MIY3QTR, STM32H573RIT6, STM32H573RIV6, STM32H573VIT3Q, STM32H573VIT6, STM32H573ZIT3Q, STM32H573ZIT6, STM32L4R5QGI6STR, STM32MP131AAE3, STM32MP131AAF3, STM32MP131AAG3, STM32MP131CAE3, STM32MP131CAF3, STM32MP131CAG3, STM32MP131DAE7, STM32MP131DAF7, STM32MP131DAG7, STM32MP131FAE7, STM32MP131FAF7, STM32MP131FAG7, STM32MP133AAE3, STM32MP133AAF3, STM32MP133AAG3, STM32MP133CAE3, STM32MP133CAF3, STM32MP133CAG3, STM32MP133DAE7, STM32MP133DAF7, STM32MP133DAG7, STM32MP133FAE7, STM32MP133FAF7, STM32MP133FAG7, STM32MP135AAE3, STM32MP135AAF3, STM32MP135AAG3, STM32MP135CAE3, STM32MP135CAF3, STM32MP135CAG3, STM32MP135DAE7, STM32MP135DAF7, STM32MP135DAG7, STM32MP135F-DK, STM32MP135FAE7, STM32MP135FAF7, STM32MP135FAF7T, STM32MP135FAF7U, STM32MP135FAG7, STM32U535CBT6, STM32U535CBT6Q, STM32U535CBU6, STM32U535CBU6Q, STM32U535CCT6, STM32U535CCT6Q, STM32U535CCU6, STM32U535CCU6Q, STM32U535CET6, STM32U535CET6Q, STM32U535CEU6, STM32U535CEU6Q, STM32U535JEY6QTR, STM32U535NCY6QTR, STM32U535NEY6QTR, STM32U535RBI6, STM32U535RBI6Q, STM32U535RBT6, STM32U535RBT6Q, STM32U535RCI6, STM32U535RCI6Q, STM32U535RCT6, STM32U535RCT6Q, STM32U535REI6, STM32U535REI6Q, STM32U535RET6, STM32U535RET6Q, STM32U535VCI6, STM32U535VCI6Q, STM32U535VCT6, STM32U535VCT6Q, STM32U535VEI6, STM32U535VEI6Q, STM32U535VET6, STM32U535VET6Q, STM32U545CET6, STM32U545CET6Q, STM32U545CEU6, STM32U545CEU6Q, STM32U545JEY6QTR, STM32U545NEY6QTR, STM32U545REI6, STM32U545REI6Q, STM32U545RET6, STM32U545RET6Q, STM32U545VEI6, STM32U545VEI6Q, STM32U545VET6, STM32U545VET6Q, STM32U595AIH6, STM32U595AIH6Q, STM32U595AJH6, STM32U595AJH6Q, STM32U595QII6, STM32U595QII6Q, STM32U595QJI6, STM32U595QJI6Q, STM32U595RIT6, STM32U595RIT6Q, STM32U595RJT6, STM32U595RJT6Q, STM32U595VIT6, STM32U595VIT6Q, STM32U595VJT6, STM32U595VJT6Q, STM32U595ZIT6, STM32U595ZIT6Q, STM32U595ZIY6QTR, STM32U595ZJT6, STM32U595ZJT6Q, STM32U595ZJY6QTR, STM32U599BJY6QTR, STM32U599NIH6Q, STM32U599NJH6Q, STM32U599VIT6Q, STM32U599VJT6, STM32U599VJT6Q, STM32U599ZIT6Q, STM32U599ZIY6QTR, STM32U599ZJT6Q, STM32U599ZJY6QTR, STM32U5A5AJH6, STM32U5A5AJH6Q, STM32U5A5QJI6, STM32U5A5QJI6Q, STM32U5A5RJT6, STM32U5A5RJT6Q, STM32U5A5VJT6, STM32U5A5VJT6Q, STM32U5A5ZJT6, STM32U5A5ZJT6Q, STM32U5A5ZJY6QTR, STM32U5A9BJY6QTR, STM32U5A9J-DK, STM32U5A9NJH6Q, STM32U5A9VJT6Q, STM32U5A9ZJT6Q, STM32U5A9ZJY6QTR, STM32U5F7VIT6, STM32U5F7VIT6Q, STM32U5F7VJT6, STM32U5F7VJT6Q, STM32U5F9BJY6QTR, STM32U5F9NJH6Q, STM32U5F9VIT6Q, STM32U5F9VJT6Q, STM32U5F9ZIJ6QTR, STM32U5F9ZIT6Q, STM32U5F9ZJJ6QTR, STM32U5F9ZJT6Q, STM32U5G7VJT6, STM32U5G7VJT6Q, STM32U5G9BJY6QTR, STM32U5G9J-DK1, STM32U5G9J-DK2, STM32U5G9NJH6Q, STM32U5G9VJT6Q, STM32U5G9ZJJ6QTR, STM32U5G9ZJT6Q, STM32WB1MMCH6, STM32WBA50KEU6, STM32WBA50KEU6TR, STM32WBA50KGU6, STM32WBA50KGU6TR, STM32WBA52CEU6, STM32WBA52CEU6TR, STM32WBA52CEU7, STM32WBA52CEU7TR, STM32WBA52CGU6, STM32WBA52CGU6TR, STM32WBA52CGU6U, STM32WBA52CGU7, STM32WBA52CGU7TR, STM32WBA52KEU6, STM32WBA52KEU6TR, STM32WBA52KGU6, STM32WBA52KGU6TR, STM32WBA54CEU6, STM32WBA54CEU6TR, STM32WBA54CEU7, STM32WBA54CEU7TR, STM32WBA54CGU6, STM32WBA54CGU6TR, STM32WBA54CGU7, STM32WBA54CGU7TR, STM32WBA54KEU6, STM32WBA54KEU6TR, STM32WBA54KEU7, STM32WBA54KEU7TR, STM32WBA54KGU6, STM32WBA54KGU6TR, STM32WBA54KGU7, STM32WBA54KGU7TR, STM32WBA55CEU6, STM32WBA55CEU6TR, STM32WBA55CEU7, STM32WBA55CEU7TR, STM32WBA55CGU6, STM32WBA55CGU6TR, STM32WBA55CGU6U, STM32WBA55CGU7, STM32WBA55CGU7TR, STM32WBA55G-DK1, STM32WBA55HEF6, STM32WBA55HEF7, STM32WBA55HGF6, STM32WBA55HGF7, STM32WBA55UEI6, STM32WBA55UEI6TR, STM32WBA55UEI7, STM32WBA55UEI7TR, STM32WBA55UGI6, STM32WBA55UGI6TR, STM32WBA55UGI7, STM32WBA55UGI7TR, STM32WL5MOCH6, STM32WL5MOCH6TR]
2024-04-27 22:26:23,944 [WARN] PackLoader:240 - Cannot read IP mode file for STMicroelectronics.X-CUBE-AZRTOS-F7.1.1.0
2024-04-27 22:26:23,963 [WARN] PackLoader:240 - Cannot read IP mode file for STMicroelectronics.FP-SNS-MOTENV1.4.3.2
2024-04-27 22:26:23,974 [WARN] PackLoader:240 - Cannot read IP mode file for STMicroelectronics.FP-SNS-FLIGHT1.5.0.2
2024-04-27 22:26:23,987 [WARN] PackLoader:240 - Cannot read IP mode file for STMicroelectronics.X-CUBE-DISPLAY.3.0.0
2024-04-27 22:26:23,989 [INFO] WebApp:161 - Instantiating new browser for Auth
2024-04-27 22:26:24,008 [WARN] PackLoader:240 - Cannot read IP mode file for STMicroelectronics.X-CUBE-BLE1.7.0.0
2024-04-27 22:26:24,076 [INFO] BoardInfo:889 - No configuration file found for board NUCLEO-H533RE
2024-04-27 22:26:24,076 [WARN] PackLoader:240 - Cannot read IP mode file for emotas.I-CUBE-CANOPEN.1.3.0
2024-04-27 22:26:24,076 [INFO] DbBoards:161 - Board is not supported: NUCLEO-H533RE
2024-04-27 22:26:24,105 [INFO] BoardInfo:889 - No configuration file found for board NUCLEO-H7S3L8
2024-04-27 22:26:24,106 [INFO] DbBoards:161 - Board is not supported: NUCLEO-H7S3L8
2024-04-27 22:26:24,107 [WARN] PackLoader:240 - Cannot read IP mode file for STMicroelectronics.X-CUBE-TOUCHGFX.4.22.1
2024-04-27 22:26:24,151 [WARN] PackLoader:240 - Cannot read IP mode file for STMicroelectronics.X-CUBE-BLEMGR.3.1.0
2024-04-27 22:26:24,163 [WARN] PackLoader:240 - Cannot read IP mode file for STMicroelectronics.FP-SNS-SMARTAG2.1.2.0
2024-04-27 22:26:24,165 [INFO] BoardInfo:889 - No configuration file found for board NUCLEO-U031R8
2024-04-27 22:26:24,165 [INFO] DbBoards:161 - Board is not supported: NUCLEO-U031R8
2024-04-27 22:26:24,167 [INFO] BoardInfo:889 - No configuration file found for board NUCLEO-U083RC
2024-04-27 22:26:24,168 [INFO] DbBoards:161 - Board is not supported: NUCLEO-U083RC
2024-04-27 22:26:24,176 [INFO] LogOutputStream:77 - [STDOUT_REDIRECT] 1 : Invalid condition id : UX_CORESTACK_Condition cause : null
2024-04-27 22:26:24,177 [INFO] LogOutputStream:77 - [STDOUT_REDIRECT] 1 : Invalid condition id : UX_CORESTACK_Condition cause : null
2024-04-27 22:26:24,178 [INFO] LogOutputStream:77 - [STDOUT_REDIRECT] 1 : Invalid condition id : UX_CORESTACK_Condition cause : null
2024-04-27 22:26:24,179 [INFO] LogOutputStream:77 - [STDOUT_REDIRECT] 1 : Invalid condition id : UX_CORESTACK_Condition cause : null
2024-04-27 22:26:24,181 [INFO] LogOutputStream:77 - [STDOUT_REDIRECT] 1 : Invalid condition id : UX_CORESTACK_Condition cause : null
2024-04-27 22:26:24,186 [WARN] PackLoader:240 - Cannot read IP mode file for STMicroelectronics.X-CUBE-AZRTOS-WL.2.0.0
2024-04-27 22:26:24,187 [INFO] BoardInfo:889 - No configuration file found for board P-NUCLEO-WB55
2024-04-27 22:26:24,190 [INFO] DbBoards:161 - Kit is not supported: P-NUCLEO-WB55
2024-04-27 22:26:24,195 [WARN] PackLoader:240 - Cannot read IP mode file for STMicroelectronics.FP-SNS-MOTENV1.5.0.0
2024-04-27 22:26:24,195 [INFO] BoardInfo:889 - No configuration file found for board STEVAL-BFA001V1B
2024-04-27 22:26:24,196 [INFO] DbBoards:161 - Kit is not supported: STEVAL-BFA001V1B
2024-04-27 22:26:24,198 [INFO] BoardInfo:889 - No configuration file found for board STEVAL-BFA001V2B
2024-04-27 22:26:24,199 [INFO] DbBoards:161 - Kit is not supported: STEVAL-BFA001V2B
2024-04-27 22:26:24,209 [WARN] PackLoader:240 - Cannot read IP mode file for WES.I-CUBE-Cesium.1.3.0
2024-04-27 22:26:24,216 [WARN] PackLoader:240 - Cannot read IP mode file for STMicroelectronics.X-CUBE-BLE2.3.3.0
2024-04-27 22:26:24,275 [WARN] PackLoader:240 - Cannot read IP mode file for STMicroelectronics.X-CUBE-TCPP.4.1.0
2024-04-27 22:26:24,289 [WARN] PackLoader:240 - Cannot read IP mode file for STMicroelectronics.X-CUBE-ALGOBUILD.1.3.0
2024-04-27 22:26:24,313 [WARN] PackLoader:240 - Cannot read IP mode file for STMicroelectronics.X-CUBE-AZRTOS-G0.1.1.0
2024-04-27 22:26:24,348 [WARN] PackLoader:240 - Cannot read IP mode file for STMicroelectronics.X-CUBE-SAFEA1.1.2.2
2024-04-27 22:26:24,359 [WARN] PackLoader:240 - Cannot read IP mode file for STMicroelectronics.X-CUBE-NFC4.3.0.0
2024-04-27 22:26:24,377 [WARN] PackLoader:240 - Cannot read IP mode file for STMicroelectronics.X-CUBE-BLEMGR.3.0.0
2024-04-27 22:26:24,393 [INFO] BoardInfo:889 - No configuration file found for board STM32H7S78-DK
2024-04-27 22:26:24,394 [INFO] DbBoards:161 - Board is not supported: STM32H7S78-DK
2024-04-27 22:26:24,394 [WARN] PackLoader:240 - Cannot read IP mode file for STMicroelectronics.FP-ATR-SIGFOX1.3.2.0
2024-04-27 22:26:24,411 [WARN] PackLoader:240 - Cannot read IP mode file for STMicroelectronics.X-CUBE-EEPRMA1.5.1.0
2024-04-27 22:26:24,445 [INFO] BoardInfo:889 - No configuration file found for board STM32U083C-DK
2024-04-27 22:26:24,446 [INFO] DbBoards:161 - Board is not supported: STM32U083C-DK
2024-04-27 22:26:24,458 [INFO] DbBoards:168 - Found 199 boards, 190 are supported
2024-04-27 22:26:24,459 [INFO] DbBoards:169 - Found 199 boards, 3 of them is supported for  Bsp
2024-04-27 22:26:24,464 [INFO] ApiDb:668 - CubeFinder database Data Model version=2.1
2024-04-27 22:26:24,465 [INFO] ApiDb:669 - CubeFinder database Configuration version=3.0.39
2024-04-27 22:26:24,465 [INFO] ApiDb:670 - CubeFinder database generation date=2024-04-15 (1713193726)
2024-04-27 22:26:24,465 [INFO] ApiDb:671 - CubeFinder database FW Pack versions=[FP-ATR-ASTRA1_V2.0.0, FP-SNS-FLIGHT1_V5.0.1, FP-SNS-FLIGHT1_V5.0.2, FP-SNS-MOTENV1_V4.3.1, FP-SNS-MOTENV1_V4.3.2, FP-SNS-MOTENVWB1_V1.3.1, FP-SNS-SMARTAG2_V1.2.0, STM32Cube_FW_C0_V1.1.0, STM32Cube_FW_F4_V1.28.0, STM32Cube_FW_F7_V1.17.0, STM32Cube_FW_G0_V1.6.2, STM32Cube_FW_G4_V1.5.2, STM32Cube_FW_H5_V0.5.1, STM32Cube_FW_H5_V1.1.1, STM32Cube_FW_H5_V1.2.0, STM32Cube_FW_H5_V1.2.0RC4, STM32Cube_FW_H7RS_V1.0.0, STM32Cube_FW_H7RS_V1.0.0RC4, STM32Cube_FW_H7_V1.11.0, STM32Cube_FW_L0_V1.12.2, STM32Cube_FW_L5_V1.5.1, STM32Cube_FW_U0_V1.0.0, STM32Cube_FW_U0_V1.0.0RC1, STM32Cube_FW_U5_V1.3.0RC4, STM32Cube_FW_U5_V1.5.0, STM32Cube_FW_U5_V1.5.0RC1, STM32Cube_FW_WBA_V1.0.0RC1, STM32Cube_FW_WBA_V1.2.0, STM32Cube_FW_WBA_V1.2.0RC2, STM32Cube_FW_WBA_V1.3.0, STM32Cube_FW_WBA_V1.3.0RC1, STM32Cube_FW_WB_V1.15.0RC1, STM32Cube_FW_WB_V1.16.0, STM32Cube_FW_WB_V1.16.0RC2, STM32Cube_FW_WB_V1.18.0, STM32Cube_FW_WB_V1.19.0, STM32Cube_FW_WL_V1.3.0, X-CUBE-ALGOBUILD_V1.3.0, X-CUBE-ALS_V1.0.1, X-CUBE-AZRTOS-F4_V1.1.0, X-CUBE-AZRTOS-F7_V1.1.0, X-CUBE-AZRTOS-G0_V1.1.0, X-CUBE-AZRTOS-G4_V2.0.0, X-CUBE-AZRTOS-H7_V3.2.0, X-CUBE-AZRTOS-L4_V1.0.0, X-CUBE-AZRTOS-L4_V2.0.0, X-CUBE-AZRTOS-L5_V1.1.0, X-CUBE-AZRTOS-WB_V2.0.0, X-CUBE-AZRTOS-WL_V2.0.0, X-CUBE-BLE1_V7.0.0, X-CUBE-BLE2_V3.3.0, X-CUBE-BLEMGR_V3.1.0, X-CUBE-EEPRMA1_V4.1.0, X-CUBE-EEPRMA1_V5.1.0, X-CUBE-FREERTOS_V1.1.0, X-CUBE-GNSS1_V6.0.0, X-CUBE-MEMS1_V10.0.0, X-CUBE-MEMS1_V9.1.0, X-CUBE-MEMS1_V9.4.0, X-CUBE-MEMS1_V9.6.0, X-CUBE-NFC4_V3.0.0, X-CUBE-NFC7_V1.0.1, X-CUBE-SFXS2LP1_V4.0.0, X-CUBE-SUBG2_V5.0.0, X-CUBE-TOF1_V3.4.0]
2024-04-27 22:26:24,477 [WARN] PackLoader:240 - Cannot read IP mode file for SEGGER.I-CUBE-embOS.1.3.1
2024-04-27 22:26:24,537 [WARN] PackLoader:240 - Cannot read IP mode file for STMicroelectronics.X-CUBE-GNSS1.6.0.0
2024-04-27 22:26:24,557 [WARN] PackLoader:240 - Cannot read IP mode file for STMicroelectronics.X-CUBE-AZRTOS-F4.1.1.0
2024-04-27 22:26:24,565 [WARN] PackLoader:240 - Cannot read IP mode file for wolfSSL.I-CUBE-wolfSSL.5.6.3
2024-04-27 22:26:24,572 [WARN] PackLoader:240 - Cannot read IP mode file for STMicroelectronics.X-CUBE-FREERTOS.1.2.0
2024-04-27 22:26:24,595 [WARN] PackLoader:240 - Cannot read IP mode file for STMicroelectronics.X-CUBE-AZRTOS-L5.2.0.0
2024-04-27 22:26:24,649 [WARN] PackLoader:240 - Cannot read IP mode file for STMicroelectronics.X-CUBE-MEMS1.9.6.0
2024-04-27 22:26:24,831 [WARN] PackLoader:240 - Cannot read IP mode file for STMicroelectronics.X-CUBE-EEPRMA1.4.2.0
2024-04-27 22:26:24,842 [WARN] PackLoader:240 - Cannot read IP mode file for STMicroelectronics.X-CUBE-NFC6.3.1.0
2024-04-27 22:26:24,852 [WARN] PackLoader:240 - Cannot read IP mode file for ITTIA_DB.I-CUBE-ITTIADB.8.8.0
2024-04-27 22:26:24,863 [WARN] PackLoader:240 - Cannot read IP mode file for STMicroelectronics.X-CUBE-BLEMGR.2.0.0
2024-04-27 22:26:24,869 [WARN] PackLoader:240 - Cannot read IP mode file for STMicroelectronics.X-CUBE-AI.9.0.0
2024-04-27 22:26:24,888 [WARN] ConditionMgr:438 - getConditionDescription Invalid condition id : UX DEVICE CLASS RTOS Condition cause : null
2024-04-27 22:26:24,889 [WARN] ConditionMgr:438 - getConditionDescription Invalid condition id : UX DEVICE CLASS RTOS Condition cause : null
2024-04-27 22:26:24,893 [WARN] PackLoader:240 - Cannot read IP mode file for STMicroelectronics.X-CUBE-AZRTOS-H7.3.1.0
2024-04-27 22:26:24,894 [WARN] ConditionMgr:1039 - genDependencies : Invalid condition id : UX DEVICE CLASS RTOS Condition cause : null
2024-04-27 22:26:24,894 [WARN] ConditionMgr:1039 - genDependencies : Invalid condition id : UX DEVICE CLASS RTOS Condition cause : null
2024-04-27 22:26:24,895 [WARN] ConditionMgr:1039 - genDependencies : Invalid condition id : UX DEVICE CLASS RTOS Condition cause : null
2024-04-27 22:26:24,896 [WARN] ConditionMgr:1039 - genDependencies : Invalid condition id : UX DEVICE CLASS RTOS Condition cause : null
2024-04-27 22:26:24,896 [WARN] ConditionMgr:1039 - genDependencies : Invalid condition id : UX DEVICE CLASS RTOS Condition cause : null
2024-04-27 22:26:24,903 [WARN] PackLoader:240 - Cannot read IP mode file for STMicroelectronics.X-CUBE-NFC7.1.0.1
2024-04-27 22:26:24,911 [WARN] PackLoader:240 - Cannot read IP mode file for STMicroelectronics.X-CUBE-NFC6.3.0.0
2024-04-27 22:26:24,919 [WARN] PackLoader:240 - Cannot read IP mode file for STMicroelectronics.X-CUBE-EEPRMA1.4.1.0
2024-04-27 22:26:24,925 [WARN] PackLoader:240 - Cannot read IP mode file for STMicroelectronics.X-CUBE-AI.8.1.0
2024-04-27 22:26:24,945 [WARN] ConditionMgr:438 - getConditionDescription Invalid condition id : LAN8742 Phy interface Condition cause : null
2024-04-27 22:26:24,946 [WARN] PackLoader:240 - Cannot read IP mode file for STMicroelectronics.X-CUBE-AZRTOS-L4.2.0.0
2024-04-27 22:26:24,948 [WARN] ConditionMgr:1039 - genDependencies : Invalid condition id : LAN8742 Phy interface Condition cause : null
2024-04-27 22:26:24,948 [WARN] ConditionMgr:1039 - genDependencies : Invalid condition id : LAN8742 Phy interface Condition cause : null
2024-04-27 22:26:24,949 [WARN] ConditionMgr:1039 - genDependencies : Invalid condition id : LAN8742 Phy interface Condition cause : null
2024-04-27 22:26:24,959 [WARN] PackLoader:240 - Cannot read IP mode file for STMicroelectronics.X-CUBE-SFXS2LP1.4.0.0
2024-04-27 22:26:24,966 [WARN] PackLoader:240 - Cannot read IP mode file for STMicroelectronics.X-CUBE-ISPU.1.1.0
2024-04-27 22:26:24,987 [WARN] ConditionMgr:438 - getConditionDescription Invalid condition id : UX DEVICE CLASS RTOS Condition cause : null
2024-04-27 22:26:24,988 [WARN] ConditionMgr:438 - getConditionDescription Invalid condition id : UX DEVICE CLASS RTOS Condition cause : null
2024-04-27 22:26:24,990 [WARN] PackLoader:240 - Cannot read IP mode file for STMicroelectronics.X-CUBE-AZRTOS-WB.2.0.0
2024-04-27 22:26:24,991 [WARN] ConditionMgr:1039 - genDependencies : Invalid condition id : UX DEVICE CLASS RTOS Condition cause : null
2024-04-27 22:26:24,992 [WARN] ConditionMgr:1039 - genDependencies : Invalid condition id : UX DEVICE CLASS RTOS Condition cause : null
2024-04-27 22:26:24,992 [WARN] ConditionMgr:1039 - genDependencies : Invalid condition id : UX DEVICE CLASS RTOS Condition cause : null
2024-04-27 22:26:24,992 [WARN] ConditionMgr:1039 - genDependencies : Invalid condition id : UX DEVICE CLASS RTOS Condition cause : null
2024-04-27 22:26:24,993 [WARN] ConditionMgr:1039 - genDependencies : Invalid condition id : UX DEVICE CLASS RTOS Condition cause : null
2024-04-27 22:26:25,004 [WARN] PackLoader:240 - Cannot read IP mode file for STMicroelectronics.X-CUBE-SUBG2.5.0.0
2024-04-27 22:26:25,032 [WARN] PackLoader:240 - Cannot read IP mode file for STMicroelectronics.X-CUBE-TOF1.3.3.1
2024-04-27 22:26:25,059 [WARN] PackLoader:240 - Cannot read IP mode file for STMicroelectronics.X-CUBE-AZRTOS-G4.2.0.0
2024-04-27 22:26:25,063 [INFO] WebApp:780 - Register for checkConnection events
2024-04-27 22:26:25,063 [INFO] WebApp:414 - Apply proxy settings
2024-04-27 22:26:25,063 [INFO] WebApp:499 - Chromium requires no authentication
2024-04-27 22:26:25,075 [INFO] WebApp:442 - Direct internet connection detected
2024-04-27 22:26:25,077 [WARN] PackLoader:240 - Cannot read IP mode file for Infineon.AIROC-Wi-Fi-Bluetooth-STM32.1.5.1
2024-04-27 22:26:25,085 [WARN] PackLoader:240 - Cannot read IP mode file for STMicroelectronics.FP-SNS-MOTENVWB1.1.3.0
2024-04-27 22:26:25,093 [WARN] PackLoader:240 - Cannot read IP mode file for STMicroelectronics.FP-SNS-MOTENVWB1.1.3.1
2024-04-27 22:26:25,098 [WARN] PackLoader:240 - Cannot read IP mode file for STMicroelectronics.X-CUBE-ISPU.2.0.0
2024-04-27 22:26:25,137 [WARN] PackLoader:240 - Cannot read IP mode file for STMicroelectronics.X-CUBE-MEMS1.10.0.0
2024-04-27 22:26:25,277 [WARN] PackLoader:240 - Cannot read IP mode file for STMicroelectronics.X-CUBE-FREERTOS.1.1.0
2024-04-27 22:26:25,284 [WARN] PackLoader:240 - Cannot read IP mode file for portGmbH.I-Cube-SoM-uGOAL.1.1.0
2024-04-27 22:26:25,289 [WARN] PackLoader:240 - Cannot read IP mode file for STMicroelectronics.X-CUBE-ALS.1.0.1
2024-04-27 22:26:25,312 [WARN] PackLoader:240 - Cannot read IP mode file for STMicroelectronics.X-CUBE-AZRTOS-H7RS.1.0.0
2024-04-27 22:26:25,319 [WARN] PackLoader:240 - Cannot read IP mode file for STMicroelectronics.FP-ATR-ASTRA1.2.0.0
2024-04-27 22:26:25,320 [INFO] WebApp:192 - Starting web application
2024-04-27 22:26:25,320 [INFO] WebApp:544 - Web application path used G:\stm32cubeide\stm32cubeide114\STM32CubeIDE_1.14.0\STM32CubeIDE\plugins\com.st.stm32cube.common.mx_6.10.0.202311202037\db\plugins\mcufinder\reactClient1\index.html
2024-04-27 22:26:25,331 [WARN] PackLoader:240 - Cannot read IP mode file for STMicroelectronics.X-CUBE-TOF1.3.4.0
2024-04-27 22:26:25,359 [WARN] PackLoader:240 - Cannot read IP mode file for STMicroelectronics.X-CUBE-TOF1.3.4.1
2024-04-27 22:26:25,402 [WARN] PackLoader:240 - Cannot read IP mode file for STMicroelectronics.X-CUBE-AZRTOS-H7.3.2.0
2024-04-27 22:26:25,408 [INFO] ThirdParty:978 - Integrity check success = true
2024-04-27 22:26:25,408 [INFO] IntegrityCheckThread:100 - exiting critical section [integrity check]
2024-04-27 22:26:25,408 [INFO] IntegrityCheckThread:103 - End integrity checks thread
2024-04-27 22:26:26,856 [INFO] ApiDb:240 - Found 371 in-development CPN: [B-G473E-ZEST1S, B-WB1M-WPAN1, B-WL5M-SUBG1, NUCLEO-C031C6, NUCLEO-H503RB, NUCLEO-H563ZI, NUCLEO-U545RE-Q, NUCLEO-U5A5ZJ-Q, NUCLEO-WBA52CG, NUCLEO-WBA55CG, STEVAL-MKBOXPRO, STEVAL-PROTEUS1, STEVAL-STWINBX1, STM320518-EVAL, STM32C0116-DK, STM32C011D6Y3TR, STM32C011D6Y6TR, STM32C011F4P3, STM32C011F4P6, STM32C011F4U3, STM32C011F4U6TR, STM32C011F6P3, STM32C011F6P6, STM32C011F6U3, STM32C011F6U6TR, STM32C011J4M3, STM32C011J4M6, STM32C011J6M3, STM32C011J6M6, STM32C0316-DK, STM32C031C4T3, STM32C031C4T6, STM32C031C4U3, STM32C031C4U6, STM32C031C6T3, STM32C031C6T6, STM32C031C6U3, STM32C031C6U6, STM32C031F4P3, STM32C031F4P6, STM32C031F6P3, STM32C031F6P6, STM32C031G4U3, STM32C031G4U6, STM32C031G6U3, STM32C031G6U6, STM32C031K4T3, STM32C031K4T6, STM32C031K4U3, STM32C031K4U6, STM32C031K6T3, STM32C031K6T6, STM32C031K6U3, STM32C031K6U6, STM32G071K8TXN, STM32G071K8UXN, STM32G081GBU6N, STM32G081KBT6N, STM32G081KBUXN, STM32G0B1CCT6N, STM32G0B1KCT6, STM32G0B1NEY6TR, STM32G0B1RCT6N, STM32G0C1CCT6, STM32G0C1CCT6N, STM32G0C1CCU6N, STM32G0C1CET6N, STM32G0C1CEU6N, STM32G0C1KCT6, STM32G0C1NEY6TR, STM32G0C1RCI6N, STM32G0C1RCT6N, STM32G0C1REI6N, STM32G0C1RET6N, STM32G0C1VCI6, STM32G0C1VEI6, STM32G471CCT6, STM32G471CCU6, STM32G471CET3, STM32G471CET6, STM32G471CEU3, STM32G471CEU6, STM32G471MCT6, STM32G471MET3, STM32G471MET6, STM32G471MEY6TR, STM32G471QCT6, STM32G471QET3, STM32G471RCT6, STM32G471RET3, STM32G471RET6, STM32G471VCH6, STM32G471VCI6, STM32G471VCT6, STM32G471VEH3, STM32G471VEH6, STM32G471VEI3, STM32G471VEI6, STM32G471VET3, STM32G471VET6, STM32G474CCT6, STM32H503CBT6, STM32H503CBU6, STM32H503EBY6TR, STM32H503KBU6, STM32H503RBT6, STM32H562AGI6, STM32H562AII6, STM32H562IGK6, STM32H562IGT6, STM32H562IIK6, STM32H562IIT6, STM32H562RGT6, STM32H562RGV6, STM32H562RIT6, STM32H562RIV6, STM32H562VGT6, STM32H562VIT6, STM32H562ZGT6, STM32H562ZIT6, STM32H563AGI6, STM32H563AII3Q, STM32H563AII6, STM32H563IGK6, STM32H563IGT6, STM32H563IIK3Q, STM32H563IIK6, STM32H563IIT3Q, STM32H563IIT6, STM32H563MIY3QTR, STM32H563RGT6, STM32H563RGV6, STM32H563RIT6, STM32H563RIV6, STM32H563VGT6, STM32H563VIT3Q, STM32H563VIT6, STM32H563ZGT6, STM32H563ZIT3Q, STM32H563ZIT6, STM32H573AII3Q, STM32H573AII6, STM32H573I-DK, STM32H573IIK3Q, STM32H573IIK6, STM32H573IIT3Q, STM32H573IIT6, STM32H573MIY3QTR, STM32H573RIT6, STM32H573RIV6, STM32H573VIT3Q, STM32H573VIT6, STM32H573ZIT3Q, STM32H573ZIT6, STM32L4R5QGI6STR, STM32MP131AAE3, STM32MP131AAF3, STM32MP131AAG3, STM32MP131CAE3, STM32MP131CAF3, STM32MP131CAG3, STM32MP131DAE7, STM32MP131DAF7, STM32MP131DAG7, STM32MP131FAE7, STM32MP131FAF7, STM32MP131FAG7, STM32MP133AAE3, STM32MP133AAF3, STM32MP133AAG3, STM32MP133CAE3, STM32MP133CAF3, STM32MP133CAG3, STM32MP133DAE7, STM32MP133DAF7, STM32MP133DAG7, STM32MP133FAE7, STM32MP133FAF7, STM32MP133FAG7, STM32MP135AAE3, STM32MP135AAF3, STM32MP135AAG3, STM32MP135CAE3, STM32MP135CAF3, STM32MP135CAG3, STM32MP135DAE7, STM32MP135DAF7, STM32MP135DAG7, STM32MP135F-DK, STM32MP135FAE7, STM32MP135FAF7, STM32MP135FAF7T, STM32MP135FAF7U, STM32MP135FAG7, STM32U535CBT6, STM32U535CBT6Q, STM32U535CBU6, STM32U535CBU6Q, STM32U535CCT6, STM32U535CCT6Q, STM32U535CCU6, STM32U535CCU6Q, STM32U535CET6, STM32U535CET6Q, STM32U535CEU6, STM32U535CEU6Q, STM32U535JEY6QTR, STM32U535NCY6QTR, STM32U535NEY6QTR, STM32U535RBI6, STM32U535RBI6Q, STM32U535RBT6, STM32U535RBT6Q, STM32U535RCI6, STM32U535RCI6Q, STM32U535RCT6, STM32U535RCT6Q, STM32U535REI6, STM32U535REI6Q, STM32U535RET6, STM32U535RET6Q, STM32U535VCI6, STM32U535VCI6Q, STM32U535VCT6, STM32U535VCT6Q, STM32U535VEI6, STM32U535VEI6Q, STM32U535VET6, STM32U535VET6Q, STM32U545CET6, STM32U545CET6Q, STM32U545CEU6, STM32U545CEU6Q, STM32U545JEY6QTR, STM32U545NEY6QTR, STM32U545REI6, STM32U545REI6Q, STM32U545RET6, STM32U545RET6Q, STM32U545VEI6, STM32U545VEI6Q, STM32U545VET6, STM32U545VET6Q, STM32U595AIH6, STM32U595AIH6Q, STM32U595AJH6, STM32U595AJH6Q, STM32U595QII6, STM32U595QII6Q, STM32U595QJI6, STM32U595QJI6Q, STM32U595RIT6, STM32U595RIT6Q, STM32U595RJT6, STM32U595RJT6Q, STM32U595VIT6, STM32U595VIT6Q, STM32U595VJT6, STM32U595VJT6Q, STM32U595ZIT6, STM32U595ZIT6Q, STM32U595ZIY6QTR, STM32U595ZJT6, STM32U595ZJT6Q, STM32U595ZJY6QTR, STM32U599BJY6QTR, STM32U599NIH6Q, STM32U599NJH6Q, STM32U599VIT6Q, STM32U599VJT6, STM32U599VJT6Q, STM32U599ZIT6Q, STM32U599ZIY6QTR, STM32U599ZJT6Q, STM32U599ZJY6QTR, STM32U5A5AJH6, STM32U5A5AJH6Q, STM32U5A5QJI6, STM32U5A5QJI6Q, STM32U5A5RJT6, STM32U5A5RJT6Q, STM32U5A5VJT6, STM32U5A5VJT6Q, STM32U5A5ZJT6, STM32U5A5ZJT6Q, STM32U5A5ZJY6QTR, STM32U5A9BJY6QTR, STM32U5A9J-DK, STM32U5A9NJH6Q, STM32U5A9VJT6Q, STM32U5A9ZJT6Q, STM32U5A9ZJY6QTR, STM32U5F7VIT6, STM32U5F7VIT6Q, STM32U5F7VJT6, STM32U5F7VJT6Q, STM32U5F9BJY6QTR, STM32U5F9NJH6Q, STM32U5F9VIT6Q, STM32U5F9VJT6Q, STM32U5F9ZIJ6QTR, STM32U5F9ZIT6Q, STM32U5F9ZJJ6QTR, STM32U5F9ZJT6Q, STM32U5G7VJT6, STM32U5G7VJT6Q, STM32U5G9BJY6QTR, STM32U5G9J-DK1, STM32U5G9J-DK2, STM32U5G9NJH6Q, STM32U5G9VJT6Q, STM32U5G9ZJJ6QTR, STM32U5G9ZJT6Q, STM32WB1MMCH6, STM32WBA50KEU6, STM32WBA50KEU6TR, STM32WBA50KGU6, STM32WBA50KGU6TR, STM32WBA52CEU6, STM32WBA52CEU6TR, STM32WBA52CEU7, STM32WBA52CEU7TR, STM32WBA52CGU6, STM32WBA52CGU6TR, STM32WBA52CGU6U, STM32WBA52CGU7, STM32WBA52CGU7TR, STM32WBA52KEU6, STM32WBA52KEU6TR, STM32WBA52KGU6, STM32WBA52KGU6TR, STM32WBA54CEU6, STM32WBA54CEU6TR, STM32WBA54CEU7, STM32WBA54CEU7TR, STM32WBA54CGU6, STM32WBA54CGU6TR, STM32WBA54CGU7, STM32WBA54CGU7TR, STM32WBA54KEU6, STM32WBA54KEU6TR, STM32WBA54KEU7, STM32WBA54KEU7TR, STM32WBA54KGU6, STM32WBA54KGU6TR, STM32WBA54KGU7, STM32WBA54KGU7TR, STM32WBA55CEU6, STM32WBA55CEU6TR, STM32WBA55CEU7, STM32WBA55CEU7TR, STM32WBA55CGU6, STM32WBA55CGU6TR, STM32WBA55CGU6U, STM32WBA55CGU7, STM32WBA55CGU7TR, STM32WBA55G-DK1, STM32WBA55HEF6, STM32WBA55HEF7, STM32WBA55HGF6, STM32WBA55HGF7, STM32WBA55UEI6, STM32WBA55UEI6TR, STM32WBA55UEI7, STM32WBA55UEI7TR, STM32WBA55UGI6, STM32WBA55UGI6TR, STM32WBA55UGI7, STM32WBA55UGI7TR, STM32WL5MOCH6, STM32WL5MOCH6TR]
2024-04-27 22:26:26,861 [INFO] DbMcus:218 - Found 4092 MCUs, 4092 are supported
2024-04-27 22:26:26,862 [INFO] ApiDb:423 - Load user favorites file C:\Users\Nghia/.stm32cubeide/favorites.mcus.txt: 0 item(s)
2024-04-27 22:26:26,862 [INFO] ApiDb:427 - User favorites MCUs=[]
2024-04-27 22:26:26,863 [INFO] DbMcus:224 - Set 0 / 0 favorites MCUs
2024-04-27 22:26:27,211 [INFO] ApiDb:423 - Load user favorites file C:\Users\Nghia/.stm32cubeide/favorites.boards.txt: 0 item(s)
2024-04-27 22:26:27,211 [INFO] ApiDb:427 - User favorites Boards=[]
2024-04-27 22:26:27,211 [INFO] DbBoards:198 - Set 0 / 0 favorites Boards
2024-04-27 22:26:27,211 [INFO] McuFinderGlobals:76 - Set McuFinderConnectedMode to true
2024-04-27 22:26:27,218 [INFO] MultiScanPanel:200 - Auto-refresh data requested => check proxy status ongoing
2024-04-27 22:26:27,220 [INFO] FinderPluginLoader:95 - Searching for filters in installed packs
2024-04-27 22:26:29,357 [INFO] LoadUrlFilesThread:185 - End of LoadServerUrlFiles without Thread
2024-04-27 22:26:29,386 [INFO] DetailPanel:341 - Set advertising image to C:/Users/Nghia/STM32Cube/Repository/\en.prom-stm32wl3-mcu-finder.jpg
2024-04-27 22:26:46,193 [ERROR] LogOutputStream:75 - [STDERR_REDIRECT] SLF4J: Failed to load class "org.slf4j.impl.StaticLoggerBinder".
2024-04-27 22:26:46,193 [ERROR] LogOutputStream:75 - [STDERR_REDIRECT] SLF4J: Defaulting to no-operation (NOP) logger implementation
2024-04-27 22:26:46,194 [ERROR] LogOutputStream:75 - [STDERR_REDIRECT] SLF4J: See http://www.slf4j.org/codes.html#StaticLoggerBinder for further details.
2024-04-27 22:26:57,569 [INFO] MainUpdater:2873 - connection check result : 10
2024-04-27 22:26:57,570 [INFO] MainUpdater:2873 - connection check result : 10
2024-04-27 22:26:57,597 [INFO] MicroXplorer:468 - Change Database Path : 
2024-04-27 22:26:57,598 [INFO] MicroXplorer:498 - Change Database Version : DB.6.0.100
2024-04-27 22:26:57,604 [WARN] ThirdParty:871 - waiting for thirdparty lock release [close project]
2024-04-27 22:26:57,604 [INFO] ThirdParty:873 - entering critical section [close project]
2024-04-27 22:26:57,605 [INFO] ThirdParty:883 - exiting critical section [close project]
2024-04-27 22:26:57,610 [INFO] PinOutPanel:1499 - setPackage(No Configuration,No Configuration)
2024-04-27 22:26:57,616 [INFO] UtilMem:75 - Begin LoadConfig() Used Memory: 374742704 Bytes (429916160)
2024-04-27 22:26:57,620 [INFO] MicroXplorer:468 - Change Database Path : 
2024-04-27 22:26:57,620 [INFO] MicroXplorer:498 - Change Database Version : DB.6.0.100
2024-04-27 22:26:57,621 [INFO] OpenFileManager:312 - Change cursor
2024-04-27 22:26:57,667 [INFO] Mcu:2016 - Initializing MCU STM32F411V(C-E)Tx STM32F411VETx STM32F411VET6
2024-04-27 22:26:59,454 [INFO] Context:659 - Trying to add GPIOservice into a context  which must be forbidden
2024-04-27 22:27:00,186 [INFO] RtosManager:555 - Registered RTOS mode: class=CMSIS, group=RTOS, mode=CMSIS_V1, owner=FREERTOS
2024-04-27 22:27:00,187 [INFO] RtosManager:555 - Registered RTOS mode: class=CMSIS, group=RTOS2, mode=CMSIS_V2, owner=FREERTOS
2024-04-27 22:27:00,187 [INFO] RtosManager:555 - Registered RTOS mode: class=RTOS, group=Core, mode=CMSIS_V1, owner=FREERTOS
2024-04-27 22:27:00,187 [INFO] RtosManager:555 - Registered RTOS mode: class=RTOS, group=Core, mode=CMSIS_V2, owner=FREERTOS
2024-04-27 22:27:00,187 [WARN] ModelIntegratedComponent:184 - Missing modes for component STMicroelectronics:FreeRTOS:0.0.1:STMicroelectronics:RTOS:FreeRTOS:Core:::10.2.0:
2024-04-27 22:27:00,199 [WARN] ModelIntegratedComponent:182 - Modes not found for component STMicroelectronics:USB_HOST:1.0.0:STMicroelectronics:USB::USB Host:Audio HS::1.0:USB_HOST_1_0_RESTRICTED_HS
2024-04-27 22:27:00,199 [WARN] ModelIntegratedComponent:188 - Modes not found for component STMicroelectronics:USB_HOST:1.0.0:STMicroelectronics:USB::USB Host:Audio HS::1.0:USB_HOST_1_0_RESTRICTED_HS
2024-04-27 22:27:00,199 [WARN] ModelIntegratedComponent:182 - Modes not found for component STMicroelectronics:USB_HOST:1.0.0:STMicroelectronics:USB::USB Host:CDC HS::1.0:USB_HOST_1_0_RESTRICTED_HS
2024-04-27 22:27:00,199 [WARN] ModelIntegratedComponent:188 - Modes not found for component STMicroelectronics:USB_HOST:1.0.0:STMicroelectronics:USB::USB Host:CDC HS::1.0:USB_HOST_1_0_RESTRICTED_HS
2024-04-27 22:27:00,199 [WARN] ModelIntegratedComponent:182 - Modes not found for component STMicroelectronics:USB_HOST:1.0.0:STMicroelectronics:USB::USB Host:MSC HS::1.0:USB_HOST_1_0_RESTRICTED_HS
2024-04-27 22:27:00,199 [WARN] ModelIntegratedComponent:188 - Modes not found for component STMicroelectronics:USB_HOST:1.0.0:STMicroelectronics:USB::USB Host:MSC HS::1.0:USB_HOST_1_0_RESTRICTED_HS
2024-04-27 22:27:00,199 [WARN] ModelIntegratedComponent:182 - Modes not found for component STMicroelectronics:USB_HOST:1.0.0:STMicroelectronics:USB::USB Host:HID HS::1.0:USB_HOST_1_0_RESTRICTED_HS
2024-04-27 22:27:00,199 [WARN] ModelIntegratedComponent:188 - Modes not found for component STMicroelectronics:USB_HOST:1.0.0:STMicroelectronics:USB::USB Host:HID HS::1.0:USB_HOST_1_0_RESTRICTED_HS
2024-04-27 22:27:00,200 [WARN] ModelIntegratedComponent:182 - Modes not found for component STMicroelectronics:USB_HOST:1.0.0:STMicroelectronics:USB::USB Host:MTP HS::1.0:USB_HOST_1_0_RESTRICTED_HS
2024-04-27 22:27:00,200 [WARN] ModelIntegratedComponent:188 - Modes not found for component STMicroelectronics:USB_HOST:1.0.0:STMicroelectronics:USB::USB Host:MTP HS::1.0:USB_HOST_1_0_RESTRICTED_HS
2024-04-27 22:27:00,218 [WARN] ModelIntegratedComponent:63 - No mode defined for component null
2024-04-27 22:27:00,218 [WARN] ModelIntegratedComponent:63 - No mode defined for component null
2024-04-27 22:27:00,218 [WARN] ModelIntegratedComponent:63 - No mode defined for component null
2024-04-27 22:27:00,219 [WARN] ModelIntegratedComponent:63 - No mode defined for component null
2024-04-27 22:27:00,219 [WARN] ModelIntegratedComponent:63 - No mode defined for component null
2024-04-27 22:27:00,219 [WARN] ModelIntegratedComponent:63 - No mode defined for component null
2024-04-27 22:27:00,219 [WARN] ModelIntegratedComponent:63 - No mode defined for component null
2024-04-27 22:27:00,219 [WARN] ModelIntegratedComponent:63 - No mode defined for component null
2024-04-27 22:27:00,219 [WARN] ModelIntegratedComponent:63 - No mode defined for component null
2024-04-27 22:27:00,220 [WARN] ModelIntegratedComponent:63 - No mode defined for component null
2024-04-27 22:27:00,220 [WARN] ModelIntegratedComponent:63 - No mode defined for component null
2024-04-27 22:27:00,220 [WARN] ModelIntegratedComponent:63 - No mode defined for component null
2024-04-27 22:27:00,220 [WARN] ModelIntegratedComponent:63 - No mode defined for component null
2024-04-27 22:27:00,221 [WARN] ModelIntegratedComponent:63 - No mode defined for component null
2024-04-27 22:27:00,221 [WARN] ModelIntegratedComponent:63 - No mode defined for component null
2024-04-27 22:27:00,221 [WARN] ModelIntegratedComponent:63 - No mode defined for component null
2024-04-27 22:27:00,221 [WARN] ModelIntegratedComponent:63 - No mode defined for component null
2024-04-27 22:27:00,221 [WARN] ModelIntegratedComponent:63 - No mode defined for component null
2024-04-27 22:27:00,221 [WARN] ModelIntegratedComponent:63 - No mode defined for component null
2024-04-27 22:27:00,221 [WARN] ModelIntegratedComponent:63 - No mode defined for component null
2024-04-27 22:27:00,221 [WARN] ModelIntegratedComponent:63 - No mode defined for component null
2024-04-27 22:27:00,221 [WARN] ModelIntegratedComponent:63 - No mode defined for component null
2024-04-27 22:27:00,221 [WARN] ModelIntegratedComponent:63 - No mode defined for component null
2024-04-27 22:27:00,221 [WARN] ModelIntegratedComponent:63 - No mode defined for component null
2024-04-27 22:27:00,222 [WARN] ModelIntegratedComponent:63 - No mode defined for component null
2024-04-27 22:27:00,222 [WARN] ModelIntegratedComponent:63 - No mode defined for component null
2024-04-27 22:27:00,222 [WARN] ModelIntegratedComponent:63 - No mode defined for component null
2024-04-27 22:27:00,222 [WARN] ModelIntegratedComponent:63 - No mode defined for component null
2024-04-27 22:27:00,222 [WARN] ModelIntegratedComponent:63 - No mode defined for component null
2024-04-27 22:27:00,222 [WARN] ModelIntegratedComponent:63 - No mode defined for component null
2024-04-27 22:27:00,222 [WARN] ModelIntegratedComponent:63 - No mode defined for component null
2024-04-27 22:27:00,222 [WARN] ModelIntegratedComponent:63 - No mode defined for component null
2024-04-27 22:27:00,222 [WARN] ModelIntegratedComponent:63 - No mode defined for component null
2024-04-27 22:27:00,387 [WARN] ModelIntegratedComponent:182 - Modes not found for component STMicroelectronics:USB_DEVICE:1.0.0:STMicroelectronics:USB::USB Device:Audio HS::1.0:USB_DEVICE_1_0_RESTRICTED_HS
2024-04-27 22:27:00,387 [WARN] ModelIntegratedComponent:188 - Modes not found for component STMicroelectronics:USB_DEVICE:1.0.0:STMicroelectronics:USB::USB Device:Audio HS::1.0:USB_DEVICE_1_0_RESTRICTED_HS
2024-04-27 22:27:00,387 [WARN] ModelIntegratedComponent:182 - Modes not found for component STMicroelectronics:USB_DEVICE:1.0.0:STMicroelectronics:USB::USB Device:CDC HS::1.0:USB_DEVICE_1_0_RESTRICTED_HS
2024-04-27 22:27:00,387 [WARN] ModelIntegratedComponent:188 - Modes not found for component STMicroelectronics:USB_DEVICE:1.0.0:STMicroelectronics:USB::USB Device:CDC HS::1.0:USB_DEVICE_1_0_RESTRICTED_HS
2024-04-27 22:27:00,387 [WARN] ModelIntegratedComponent:182 - Modes not found for component STMicroelectronics:USB_DEVICE:1.0.0:STMicroelectronics:USB::USB Device:DFU HS::1.0:USB_DEVICE_1_0_RESTRICTED_HS
2024-04-27 22:27:00,387 [WARN] ModelIntegratedComponent:188 - Modes not found for component STMicroelectronics:USB_DEVICE:1.0.0:STMicroelectronics:USB::USB Device:DFU HS::1.0:USB_DEVICE_1_0_RESTRICTED_HS
2024-04-27 22:27:00,387 [WARN] ModelIntegratedComponent:182 - Modes not found for component STMicroelectronics:USB_DEVICE:1.0.0:STMicroelectronics:USB::USB Device:HID HS::1.0:USB_DEVICE_1_0_RESTRICTED_HS
2024-04-27 22:27:00,387 [WARN] ModelIntegratedComponent:188 - Modes not found for component STMicroelectronics:USB_DEVICE:1.0.0:STMicroelectronics:USB::USB Device:HID HS::1.0:USB_DEVICE_1_0_RESTRICTED_HS
2024-04-27 22:27:00,387 [WARN] ModelIntegratedComponent:182 - Modes not found for component STMicroelectronics:USB_DEVICE:1.0.0:STMicroelectronics:USB::USB Device:Custom HID HS::1.0:USB_DEVICE_1_0_RESTRICTED_HS
2024-04-27 22:27:00,387 [WARN] ModelIntegratedComponent:188 - Modes not found for component STMicroelectronics:USB_DEVICE:1.0.0:STMicroelectronics:USB::USB Device:Custom HID HS::1.0:USB_DEVICE_1_0_RESTRICTED_HS
2024-04-27 22:27:00,387 [WARN] ModelIntegratedComponent:182 - Modes not found for component STMicroelectronics:USB_DEVICE:1.0.0:STMicroelectronics:USB::USB Device:MSC HS::1.0:USB_DEVICE_1_0_RESTRICTED_HS
2024-04-27 22:27:00,387 [WARN] ModelIntegratedComponent:188 - Modes not found for component STMicroelectronics:USB_DEVICE:1.0.0:STMicroelectronics:USB::USB Device:MSC HS::1.0:USB_DEVICE_1_0_RESTRICTED_HS
2024-04-27 22:27:00,416 [INFO] ThirdPartyModel:298 - Start build external matchings
2024-04-27 22:27:01,495 [INFO] ThirdPartyModel:316 - End build external matchings
2024-04-27 22:27:01,532 [INFO] ImportTextPane:194 - (OptionalMessage_ERROR) IP (DMA) : Parameter (Instance) has Id (USART2_TX) currently not set
2024-04-27 22:27:01,532 [INFO] ImportTextPane:194 - (OptionalMessage_ERROR) IP (DMA) : Parameter (Channel) has Id (USART2_TX) currently not set
2024-04-27 22:27:01,532 [INFO] ImportTextPane:194 - (OptionalMessage_ERROR) IP (DMA) : Parameter (Direction) has Id (USART2_TX) currently not set
2024-04-27 22:27:01,532 [INFO] ImportTextPane:194 - (OptionalMessage_ERROR) IP (DMA) : Parameter (PeriphInc) has Id (USART2_TX) currently not set
2024-04-27 22:27:01,532 [INFO] ImportTextPane:194 - (OptionalMessage_ERROR) IP (DMA) : Parameter (MemInc) has Id (USART2_TX) currently not set
2024-04-27 22:27:01,533 [INFO] ImportTextPane:194 - (OptionalMessage_ERROR) IP (DMA) : Parameter (PeriphDataAlignment) has Id (USART2_TX) currently not set
2024-04-27 22:27:01,533 [INFO] ImportTextPane:194 - (OptionalMessage_ERROR) IP (DMA) : Parameter (MemDataAlignment) has Id (USART2_TX) currently not set
2024-04-27 22:27:01,533 [INFO] ImportTextPane:194 - (OptionalMessage_ERROR) IP (DMA) : Parameter (Mode) has Id (USART2_TX) currently not set
2024-04-27 22:27:01,533 [INFO] ImportTextPane:194 - (OptionalMessage_ERROR) IP (DMA) : Parameter (Priority) has Id (USART2_TX) currently not set
2024-04-27 22:27:01,533 [INFO] ImportTextPane:194 - (OptionalMessage_ERROR) IP (DMA) : Parameter (FIFOMode) has Id (USART2_TX) currently not set
2024-04-27 22:27:01,913 [INFO] UtilMem:75 - End LoadConfig() Used Memory: 360759352 Bytes (615514112)
2024-04-27 22:27:02,118 [INFO] MicroXplorer:468 - Change Database Path : 
2024-04-27 22:27:02,118 [INFO] MicroXplorer:498 - Change Database Version : DB.6.0.100
2024-04-27 22:27:02,119 [WARN] ThirdParty:833 - waiting for thirdparty lock release [change project]
2024-04-27 22:27:02,119 [INFO] ThirdParty:835 - entering critical section [change project]
2024-04-27 22:27:02,119 [INFO] ThirdParty:1030 - CMSIS Pack Vendor :STMicroelectronics X-CUBE-ISPU 1.1.0
2024-04-27 22:27:02,119 [INFO] ThirdParty:1030 - CMSIS Pack Vendor :STMicroelectronics USBPD 4.1
2024-04-27 22:27:02,120 [INFO] ThirdParty:1030 - CMSIS Pack Vendor :STMicroelectronics X-CUBE-GNSS1 6.0.0
2024-04-27 22:27:02,120 [INFO] ThirdParty:1030 - CMSIS Pack Vendor :STMicroelectronics USB_HOST 2.0.0
2024-04-27 22:27:02,120 [INFO] ThirdParty:1030 - CMSIS Pack Vendor :STMicroelectronics FP-SNS-MOTENVWB1 1.4.0
2024-04-27 22:27:02,120 [INFO] ThirdParty:1030 - CMSIS Pack Vendor :STMicroelectronics X-CUBE-AZRTOS-F4 1.1.0
2024-04-27 22:27:02,120 [INFO] ThirdParty:1030 - CMSIS Pack Vendor :STMicroelectronics LIBJPEG 8.0.0
2024-04-27 22:27:02,120 [INFO] ThirdParty:1030 - CMSIS Pack Vendor :wolfSSL I-CUBE-wolfSSL 5.6.3
2024-04-27 22:27:02,120 [INFO] ThirdParty:1030 - CMSIS Pack Vendor :STMicroelectronics X-CUBE-SMBUS 2.1.0
2024-04-27 22:27:02,120 [INFO] ThirdParty:1030 - CMSIS Pack Vendor :STMicroelectronics USB_DEVICE 3.0.0
2024-04-27 22:27:02,120 [INFO] ThirdParty:1030 - CMSIS Pack Vendor :STMicroelectronics X-CUBE-TCPP 4.1.0
2024-04-27 22:27:02,120 [INFO] ThirdParty:1030 - CMSIS Pack Vendor :STMicroelectronics X-CUBE-FREERTOS 1.2.0
2024-04-27 22:27:02,120 [INFO] ThirdParty:1030 - CMSIS Pack Vendor :STMicroelectronics X-CUBE-AZRTOS-WB 2.0.0
2024-04-27 22:27:02,120 [INFO] ThirdParty:1030 - CMSIS Pack Vendor :STMicroelectronics X-CUBE-TOUCHGFX 4.23.1
2024-04-27 22:27:02,120 [INFO] ThirdParty:1030 - CMSIS Pack Vendor :STMicroelectronics X-CUBE-TOUCHGFX 4.23.0
2024-04-27 22:27:02,120 [INFO] ThirdParty:1030 - CMSIS Pack Vendor :STMicroelectronics X-CUBE-TOUCHGFX 4.23.2
2024-04-27 22:27:02,120 [INFO] ThirdParty:1030 - CMSIS Pack Vendor :STMicroelectronics X-CUBE-AZRTOS-F7 1.1.0
2024-04-27 22:27:02,120 [INFO] ThirdParty:1030 - CMSIS Pack Vendor :STMicroelectronics X-CUBE-AZRTOS-L5 2.0.0
2024-04-27 22:27:02,120 [INFO] ThirdParty:1030 - CMSIS Pack Vendor :STMicroelectronics USB_DEVICE 2.0.0
2024-04-27 22:27:02,120 [INFO] ThirdParty:1030 - CMSIS Pack Vendor :STMicroelectronics X-CUBE-MEMS1 9.6.0
2024-04-27 22:27:02,121 [INFO] ThirdParty:1030 - CMSIS Pack Vendor :STMicroelectronics X-CUBE-EEPRMA1 4.2.0
2024-04-27 22:27:02,121 [INFO] ThirdParty:1030 - CMSIS Pack Vendor :STMicroelectronics X-CUBE-NFC6 3.1.0
2024-04-27 22:27:02,121 [INFO] ThirdParty:1030 - CMSIS Pack Vendor :ITTIA_DB I-CUBE-ITTIADB 8.8.0
2024-04-27 22:27:02,121 [INFO] ThirdParty:1030 - CMSIS Pack Vendor :STMicroelectronics FP-SNS-MOTENV1 4.3.2
2024-04-27 22:27:02,121 [INFO] ThirdParty:1030 - CMSIS Pack Vendor :STMicroelectronics X-CUBE-ALGOBUILD 1.3.0
2024-04-27 22:27:02,121 [INFO] ThirdParty:1030 - CMSIS Pack Vendor :STMicroelectronics FreeRTOS 0.0.1
2024-04-27 22:27:02,121 [INFO] ThirdParty:1030 - CMSIS Pack Vendor :STMicroelectronics X-CUBE-AZRTOS-G0 1.1.0
2024-04-27 22:27:02,121 [INFO] ThirdParty:1030 - CMSIS Pack Vendor :STMicroelectronics X-CUBE-BLEMGR 2.0.0
2024-04-27 22:27:02,121 [INFO] ThirdParty:1030 - CMSIS Pack Vendor :STMicroelectronics X-CUBE-SAFEA1 1.2.2
2024-04-27 22:27:02,121 [INFO] ThirdParty:1030 - CMSIS Pack Vendor :STMicroelectronics X-CUBE-NFC4 3.0.0
2024-04-27 22:27:02,121 [INFO] ThirdParty:1030 - CMSIS Pack Vendor :STMicroelectronics X-CUBE-SUBG2 5.0.0
2024-04-27 22:27:02,121 [INFO] ThirdParty:1030 - CMSIS Pack Vendor :STMicroelectronics STM32_WPAN 1.0.0
2024-04-27 22:27:02,121 [INFO] ThirdParty:1030 - CMSIS Pack Vendor :STMicroelectronics lwIP 2.0.3
2024-04-27 22:27:02,122 [INFO] ThirdParty:1030 - CMSIS Pack Vendor :STMicroelectronics FP-SNS-FLIGHT1 5.0.2
2024-04-27 22:27:02,122 [INFO] ThirdParty:1030 - CMSIS Pack Vendor :STMicroelectronics USB_HOST 1.0.0
2024-04-27 22:27:02,122 [INFO] ThirdParty:1030 - CMSIS Pack Vendor :STMicroelectronics X-CUBE-TOF1 3.3.1
2024-04-27 22:27:02,122 [INFO] ThirdParty:1030 - CMSIS Pack Vendor :STMicroelectronics X-CUBE-AI 9.0.0
2024-04-27 22:27:02,122 [INFO] ThirdParty:1030 - CMSIS Pack Vendor :STMicroelectronics X-CUBE-AZRTOS-G4 2.0.0
2024-04-27 22:27:02,122 [INFO] ThirdParty:1030 - CMSIS Pack Vendor :STMicroelectronics PDM2PCM 3.1.0
2024-04-27 22:27:02,122 [INFO] ThirdParty:1030 - CMSIS Pack Vendor :STMicroelectronics X-CUBE-AZRTOS-H7 3.1.0
2024-04-27 22:27:02,122 [INFO] ThirdParty:1030 - CMSIS Pack Vendor :Infineon AIROC-Wi-Fi-Bluetooth-STM32 1.5.1
2024-04-27 22:27:02,122 [INFO] ThirdParty:1030 - CMSIS Pack Vendor :STMicroelectronics X-CUBE-BLEMGR 3.0.0
2024-04-27 22:27:02,122 [INFO] ThirdParty:1030 - CMSIS Pack Vendor :STMicroelectronics PDM2PCM 3.3.0
2024-04-27 22:27:02,122 [INFO] ThirdParty:1030 - CMSIS Pack Vendor :STMicroelectronics X-CUBE-DISPLAY 3.0.0
2024-04-27 22:27:02,122 [INFO] ThirdParty:1030 - CMSIS Pack Vendor :STMicroelectronics FP-SNS-MOTENVWB1 1.3.0
2024-04-27 22:27:02,122 [INFO] ThirdParty:1030 - CMSIS Pack Vendor :STMicroelectronics FP-SNS-MOTENVWB1 1.3.1
2024-04-27 22:27:02,122 [INFO] ThirdParty:1030 - CMSIS Pack Vendor :STMicroelectronics X-CUBE-BLE1 7.0.0
2024-04-27 22:27:02,122 [INFO] ThirdParty:1030 - CMSIS Pack Vendor :STMicroelectronics FP-ATR-SIGFOX1 3.2.0
2024-04-27 22:27:02,122 [INFO] ThirdParty:1030 - CMSIS Pack Vendor :STMicroelectronics X-CUBE-ISPU 2.0.0
2024-04-27 22:27:02,123 [INFO] ThirdParty:1030 - CMSIS Pack Vendor :STMicroelectronics X-CUBE-EEPRMA1 5.1.0
2024-04-27 22:27:02,123 [INFO] ThirdParty:1030 - CMSIS Pack Vendor :STMicroelectronics HAL Drivers 0.0.0
2024-04-27 22:27:02,123 [INFO] ThirdParty:1030 - CMSIS Pack Vendor :STMicroelectronics MBEDTLS 2.16.2
2024-04-27 22:27:02,123 [INFO] ThirdParty:1030 - CMSIS Pack Vendor :emotas I-CUBE-CANOPEN 1.3.0
2024-04-27 22:27:02,123 [INFO] ThirdParty:1030 - CMSIS Pack Vendor :STMicroelectronics X-CUBE-MEMS1 10.0.0
2024-04-27 22:27:02,123 [INFO] ThirdParty:1030 - CMSIS Pack Vendor :STMicroelectronics X-CUBE-FREERTOS 1.1.0
2024-04-27 22:27:02,123 [INFO] ThirdParty:1030 - CMSIS Pack Vendor :STMicroelectronics X-CUBE-NFC7 1.0.1
2024-04-27 22:27:02,123 [INFO] ThirdParty:1030 - CMSIS Pack Vendor :STMicroelectronics MBEDTLS 2.14.1
2024-04-27 22:27:02,123 [INFO] ThirdParty:1030 - CMSIS Pack Vendor :STMicroelectronics X-CUBE-TOUCHGFX 4.22.1
2024-04-27 22:27:02,123 [INFO] ThirdParty:1030 - CMSIS Pack Vendor :STMicroelectronics X-CUBE-NFC6 3.0.0
2024-04-27 22:27:02,123 [INFO] ThirdParty:1030 - CMSIS Pack Vendor :STMicroelectronics X-CUBE-EEPRMA1 4.1.0
2024-04-27 22:27:02,123 [INFO] ThirdParty:1030 - CMSIS Pack Vendor :portGmbH I-Cube-SoM-uGOAL 1.1.0
2024-04-27 22:27:02,123 [INFO] ThirdParty:1030 - CMSIS Pack Vendor :STMicroelectronics X-CUBE-ALS 1.0.1
2024-04-27 22:27:02,123 [INFO] ThirdParty:1030 - CMSIS Pack Vendor :STMicroelectronics X-CUBE-BLEMGR 3.1.0
2024-04-27 22:27:02,123 [INFO] ThirdParty:1030 - CMSIS Pack Vendor :STMicroelectronics ThreadX 1.0.0
2024-04-27 22:27:02,123 [INFO] ThirdParty:1030 - CMSIS Pack Vendor :STMicroelectronics FP-SNS-SMARTAG2 1.2.0
2024-04-27 22:27:02,123 [INFO] ThirdParty:1030 - CMSIS Pack Vendor :STMicroelectronics X-CUBE-AZRTOS-WL 2.0.0
2024-04-27 22:27:02,123 [INFO] ThirdParty:1030 - CMSIS Pack Vendor :SEGGER I-CUBE-embOS 1.3.1
2024-04-27 22:27:02,123 [INFO] ThirdParty:1030 - CMSIS Pack Vendor :STMicroelectronics FP-SNS-MOTENV1 5.0.0
2024-04-27 22:27:02,123 [INFO] ThirdParty:1030 - CMSIS Pack Vendor :STMicroelectronics USB_DEVICE 1.0.0
2024-04-27 22:27:02,123 [INFO] ThirdParty:1030 - CMSIS Pack Vendor :STMicroelectronics X-CUBE-AI 8.1.0
2024-04-27 22:27:02,123 [INFO] ThirdParty:1030 - CMSIS Pack Vendor :STMicroelectronics X-CUBE-AZRTOS-H7RS 1.0.0
2024-04-27 22:27:02,124 [INFO] ThirdParty:1030 - CMSIS Pack Vendor :STMicroelectronics X-CUBE-AZRTOS-L4 2.0.0
2024-04-27 22:27:02,124 [INFO] ThirdParty:1030 - CMSIS Pack Vendor :STMicroelectronics ThreadX 0.0.2
2024-04-27 22:27:02,124 [INFO] ThirdParty:1030 - CMSIS Pack Vendor :WES I-CUBE-Cesium 1.3.0
2024-04-27 22:27:02,124 [INFO] ThirdParty:1030 - CMSIS Pack Vendor :STMicroelectronics FP-ATR-ASTRA1 2.0.0
2024-04-27 22:27:02,124 [INFO] ThirdParty:1030 - CMSIS Pack Vendor :STMicroelectronics lwIP 2.1.2
2024-04-27 22:27:02,124 [INFO] ThirdParty:1030 - CMSIS Pack Vendor :STMicroelectronics X-CUBE-SFXS2LP1 4.0.0
2024-04-27 22:27:02,124 [INFO] ThirdParty:1030 - CMSIS Pack Vendor :STMicroelectronics X-CUBE-BLE2 3.3.0
2024-04-27 22:27:02,124 [INFO] ThirdParty:1030 - CMSIS Pack Vendor :STMicroelectronics X-CUBE-TOF1 3.4.0
2024-04-27 22:27:02,124 [INFO] ThirdParty:1030 - CMSIS Pack Vendor :STMicroelectronics X-CUBE-TOF1 3.4.1
2024-04-27 22:27:02,124 [INFO] ThirdParty:1030 - CMSIS Pack Vendor :STMicroelectronics X-CUBE-AZRTOS-H7 3.2.0
2024-04-27 22:27:02,124 [INFO] ThirdParty:1030 - CMSIS Pack Vendor :STMicroelectronics PDM2PCM 3.2.0
2024-04-27 22:27:02,124 [INFO] ThirdParty:841 - exiting critical section [change project]
2024-04-27 22:27:02,590 [INFO] PinOutPanel:1499 - setPackage(No Configuration,No Configuration)
2024-04-27 22:27:02,592 [INFO] PinOutPanel:1499 - setPackage(STM32F411VETx,LQFP100)
2024-04-27 22:27:03,033 [INFO] UtilMem:75 - Before build in PCC Used Memory: 469203688 Bytes (615514112)
2024-04-27 22:27:03,887 [INFO] UtilMem:75 - After build in PCC Used Memory: 599480160 Bytes (615514112)
2024-04-27 22:27:03,961 [INFO] IPUIPlugin:80 - create IPUIPlugin
2024-04-27 22:27:03,962 [INFO] IPUIPlugin:80 - create IPUIPlugin
2024-04-27 22:27:03,962 [INFO] IPUIPlugin:80 - create IPUIPlugin
2024-04-27 22:27:03,963 [INFO] IPUIPlugin:80 - create IPUIPlugin
2024-04-27 22:27:03,963 [INFO] IPUIPlugin:80 - create IPUIPlugin
2024-04-27 22:27:03,963 [INFO] IPUIPlugin:80 - create IPUIPlugin
2024-04-27 22:27:03,963 [INFO] IPUIPlugin:80 - create IPUIPlugin
2024-04-27 22:27:03,963 [INFO] IPUIPlugin:80 - create IPUIPlugin
2024-04-27 22:27:03,963 [INFO] IPUIPlugin:80 - create IPUIPlugin
2024-04-27 22:27:03,963 [INFO] IPUIPlugin:80 - create IPUIPlugin
2024-04-27 22:27:03,964 [INFO] IPUIPlugin:80 - create IPUIPlugin
2024-04-27 22:27:03,964 [INFO] IPUIPlugin:80 - create IPUIPlugin
2024-04-27 22:27:03,964 [INFO] IPUIPlugin:80 - create IPUIPlugin
2024-04-27 22:27:03,964 [INFO] IPUIPlugin:80 - create IPUIPlugin
2024-04-27 22:27:03,964 [INFO] IPUIPlugin:80 - create IPUIPlugin
2024-04-27 22:27:03,964 [INFO] IPUIPlugin:80 - create IPUIPlugin
2024-04-27 22:27:03,965 [INFO] IPUIPlugin:80 - create IPUIPlugin
2024-04-27 22:27:03,965 [INFO] IPUIPlugin:80 - create IPUIPlugin
2024-04-27 22:27:03,965 [INFO] IPUIPlugin:80 - create IPUIPlugin
2024-04-27 22:27:03,966 [INFO] IPUIPlugin:80 - create IPUIPlugin
2024-04-27 22:27:03,966 [INFO] IPUIPlugin:80 - create IPUIPlugin
2024-04-27 22:27:03,966 [INFO] IPUIPlugin:80 - create IPUIPlugin
2024-04-27 22:27:03,967 [INFO] IPUIPlugin:80 - create IPUIPlugin
2024-04-27 22:27:03,967 [INFO] IPUIPlugin:80 - create IPUIPlugin
2024-04-27 22:27:03,967 [INFO] IPUIPlugin:80 - create IPUIPlugin
2024-04-27 22:27:03,968 [INFO] IPUIPlugin:80 - create IPUIPlugin
2024-04-27 22:27:03,968 [INFO] IPUIPlugin:80 - create IPUIPlugin
2024-04-27 22:27:03,968 [INFO] IPUIPlugin:80 - create IPUIPlugin
2024-04-27 22:27:03,969 [INFO] IPUIPlugin:80 - create IPUIPlugin
2024-04-27 22:27:03,969 [INFO] IPUIPlugin:80 - create IPUIPlugin
2024-04-27 22:27:03,969 [INFO] IPUIPlugin:80 - create IPUIPlugin
2024-04-27 22:27:03,970 [INFO] IPUIPlugin:80 - create IPUIPlugin
2024-04-27 22:27:03,970 [INFO] IPUIPlugin:80 - create IPUIPlugin
2024-04-27 22:27:03,970 [INFO] IPUIPlugin:80 - create IPUIPlugin
2024-04-27 22:27:03,971 [INFO] IPUIPlugin:80 - create IPUIPlugin
2024-04-27 22:27:03,971 [INFO] IPUIPlugin:80 - create IPUIPlugin
2024-04-27 22:27:03,971 [INFO] IPUIPlugin:80 - create IPUIPlugin
2024-04-27 22:27:03,971 [INFO] IPUIPlugin:80 - create IPUIPlugin
2024-04-27 22:27:03,972 [INFO] IPUIPlugin:80 - create IPUIPlugin
2024-04-27 22:27:03,972 [INFO] IPUIPlugin:80 - create IPUIPlugin
2024-04-27 22:27:03,972 [INFO] IPUIPlugin:80 - create IPUIPlugin
2024-04-27 22:27:03,973 [INFO] IPUIPlugin:80 - create IPUIPlugin
2024-04-27 22:27:03,973 [INFO] IPUIPlugin:80 - create IPUIPlugin
2024-04-27 22:27:04,082 [INFO] ApiDbMcu:508 - Load IP Config File for PDM2PCM
2024-04-27 22:27:04,339 [INFO] CADModel:165 - CPN selected for project levelSTM32F411VET6
2024-04-27 22:27:04,339 [INFO] CADModel:114 - Register for checkConnection events
2024-04-27 22:27:04,392 [INFO] OpenFileManager:343 - Restore cursor
2024-04-27 22:27:05,547 [INFO] UtilMem:75 - End SaveConfig() Used Memory: 487475832 Bytes (621805568)
2024-04-27 22:27:05,648 [INFO] UtilMem:75 - End SaveConfig() Used Memory: 504944144 Bytes (621805568)
2024-04-27 22:27:06,070 [INFO] BlockDiagram:2759 - set Specific Code input for plugin: NVIC
2024-04-27 22:27:06,070 [INFO] BlockDiagram:2759 - set Specific Code input for plugin: USART
2024-04-27 22:27:06,070 [INFO] BlockDiagram:2759 - set Specific Code input for plugin: DMA
2024-04-27 22:27:06,070 [INFO] BlockDiagram:2759 - set Specific Code input for plugin: TIM1_8
2024-04-27 22:27:06,070 [INFO] BlockDiagram:2759 - set Specific Code input for plugin: TIM1_8
2024-04-27 22:27:06,070 [INFO] BlockDiagram:2759 - set Specific Code input for plugin: TIM1_8
2024-04-27 22:27:06,071 [INFO] BlockDiagram:2759 - set Specific Code input for plugin: TIM1_8
2024-04-27 22:27:06,071 [INFO] BlockDiagram:2759 - set Specific Code input for plugin: SYS
2024-04-27 22:27:06,071 [INFO] BlockDiagram:2759 - set Specific Code input for plugin: GPIO
2024-04-27 22:27:06,071 [INFO] BlockDiagram:2759 - set Specific Code input for plugin: RCC
2024-04-27 22:27:06,073 [INFO] CodeGenerator:807 - code generatio: config db path: G:\stm32cubeide\stm32cubeide114\STM32CubeIDE_1.14.0\STM32CubeIDE\plugins\com.st.stm32cube.common.mx_6.10.0.202311202037\\db\
2024-04-27 22:27:06,553 [INFO] CodeEngine:255 - oldGeneratedFile, G:\stm32cubeide\fileSave_cubeIDE\final_capstone_project\follower_robot\follower_robot\MXTmpFiles\license.tmp_save
2024-04-27 22:27:06,942 [INFO] CodeEngine:279 - Generated code: G:\stm32cubeide\fileSave_cubeIDE\final_capstone_project\follower_robot\follower_robot\MXTmpFiles\license.tmp
2024-04-27 22:27:07,002 [INFO] CodeEngine:255 - oldGeneratedFile, G:\stm32cubeide\fileSave_cubeIDE\final_capstone_project\follower_robot\follower_robot\MXTmpFiles\gpio.tmp_save
2024-04-27 22:27:07,184 [INFO] CodeEngine:279 - Generated code: G:\stm32cubeide\fileSave_cubeIDE\final_capstone_project\follower_robot\follower_robot\MXTmpFiles\gpio.tmp
2024-04-27 22:27:07,594 [INFO] CodeEngine:255 - oldGeneratedFile, G:\stm32cubeide\fileSave_cubeIDE\final_capstone_project\follower_robot\follower_robot\MXTmpFiles\dma.tmp_save
2024-04-27 22:27:07,809 [INFO] CodeEngine:279 - Generated code: G:\stm32cubeide\fileSave_cubeIDE\final_capstone_project\follower_robot\follower_robot\MXTmpFiles\dma.tmp
2024-04-27 22:27:07,812 [INFO] CodeEngine:255 - oldGeneratedFile, G:\stm32cubeide\fileSave_cubeIDE\final_capstone_project\follower_robot\follower_robot\MXTmpFiles\dma_GV.tmp_save
2024-04-27 22:27:07,899 [INFO] CodeEngine:279 - Generated code: G:\stm32cubeide\fileSave_cubeIDE\final_capstone_project\follower_robot\follower_robot\MXTmpFiles\dma_GV.tmp
2024-04-27 22:27:07,916 [INFO] CodeEngine:255 - oldGeneratedFile, G:\stm32cubeide\fileSave_cubeIDE\final_capstone_project\follower_robot\follower_robot\Core\Src\stm32f4xx_it.c_save
2024-04-27 22:27:08,284 [INFO] CodeEngine:279 - Generated code: G:\stm32cubeide\fileSave_cubeIDE\final_capstone_project\follower_robot\follower_robot\Core\Src\stm32f4xx_it.c
2024-04-27 22:27:08,291 [INFO] CodeEngine:255 - oldGeneratedFile, G:\stm32cubeide\fileSave_cubeIDE\final_capstone_project\follower_robot\follower_robot\Core\Inc\stm32f4xx_it.h_save
2024-04-27 22:27:08,384 [INFO] CodeEngine:279 - Generated code: G:\stm32cubeide\fileSave_cubeIDE\final_capstone_project\follower_robot\follower_robot\Core\Inc\stm32f4xx_it.h
2024-04-27 22:27:08,396 [INFO] CodeEngine:255 - oldGeneratedFile, G:\stm32cubeide\fileSave_cubeIDE\final_capstone_project\follower_robot\follower_robot\Core\Src\stm32f4xx_hal_msp.c_save
2024-04-27 22:27:08,601 [INFO] CodeEngine:279 - Generated code: G:\stm32cubeide\fileSave_cubeIDE\final_capstone_project\follower_robot\follower_robot\Core\Src\stm32f4xx_hal_msp.c
2024-04-27 22:27:08,618 [INFO] CodeEngine:255 - oldGeneratedFile, G:\stm32cubeide\fileSave_cubeIDE\final_capstone_project\follower_robot\follower_robot\MXTmpFiles\system.tmp_save
2024-04-27 22:27:08,699 [INFO] CodeEngine:279 - Generated code: G:\stm32cubeide\fileSave_cubeIDE\final_capstone_project\follower_robot\follower_robot\MXTmpFiles\system.tmp
2024-04-27 22:27:08,712 [INFO] CodeEngine:311 - oldGeneratedFile, G:\stm32cubeide\fileSave_cubeIDE\final_capstone_project\follower_robot\follower_robot\Core\Inc\stm32f4xx_hal_conf.h_save
2024-04-27 22:27:08,841 [INFO] CodeEngine:335 - Generated code: G:\stm32cubeide\fileSave_cubeIDE\final_capstone_project\follower_robot\follower_robot\Core\Inc\stm32f4xx_hal_conf.h
2024-04-27 22:27:08,896 [WARN] IPConfigManager:3440 - IP not found : TIM
2024-04-27 22:27:08,897 [WARN] CodeGenerator:3939 - IP not found : null
2024-04-27 22:27:08,904 [INFO] CodeEngine:255 - oldGeneratedFile, G:\stm32cubeide\fileSave_cubeIDE\final_capstone_project\follower_robot\follower_robot\Core\Inc\main.h_save
2024-04-27 22:27:09,027 [INFO] CodeEngine:279 - Generated code: G:\stm32cubeide\fileSave_cubeIDE\final_capstone_project\follower_robot\follower_robot\Core\Inc\main.h
2024-04-27 22:27:09,032 [INFO] CodeEngine:255 - oldGeneratedFile, G:\stm32cubeide\fileSave_cubeIDE\final_capstone_project\follower_robot\follower_robot\Core\Src\main.c_save
2024-04-27 22:27:09,221 [INFO] CodeEngine:279 - Generated code: G:\stm32cubeide\fileSave_cubeIDE\final_capstone_project\follower_robot\follower_robot\Core\Src\main.c
2024-04-27 22:27:10,093 [INFO] ProjectBuilder:3076 - Time for Copy HAL[1] : 168mS.
2024-04-27 22:27:10,100 [INFO] ProjectBuilder:4485 - Project Generator version: 4.2.0-B44
2024-04-27 22:27:10,453 [INFO] ConfigFileManager:1495 - The Die is : DIE431
2024-04-27 22:27:10,467 [INFO] ApiDbMcu:508 - Load IP Config File for FATFS
2024-04-27 22:27:10,510 [INFO] ApiDbMcu:508 - Load IP Config File for FREERTOS
2024-04-27 22:27:10,519 [INFO] ApiDbMcu:508 - Load IP Config File for LIBJPEG
2024-04-27 22:27:10,574 [INFO] ApiDbMcu:508 - Load IP Config File for MBEDTLS
2024-04-27 22:27:10,628 [INFO] ApiDbMcu:508 - Load IP Config File for USB_DEVICE
2024-04-27 22:27:10,643 [INFO] ApiDbMcu:508 - Load IP Config File for USB_HOST
2024-04-27 22:27:11,530 [INFO] LogOutputStream:77 - [STDOUT_REDIRECT] 
2024-04-27 22:27:13,902 [INFO] ProjectBuilder:4747 - Time for Generating toolchain IDE Files: 3801mS.
2024-04-27 22:27:13,904 [INFO] ProjectBuilder:2947 - Time for Copy CMSIS : 2mS.
2024-04-27 22:27:13,905 [INFO] ProjectBuilder:2947 - Time for Copy CMSIS : 0mS.
2024-04-27 22:27:14,590 [INFO] McuFinderGlobals:76 - Set McuFinderConnectedMode to true
2024-04-27 22:27:15,312 [INFO] ApiDb:448 - Save user favorites file C:\Users\Nghia/.stm32cubeide/favorites.mcus.txt: 0 item(s)
2024-04-27 22:27:15,312 [INFO] ApiDb:452 - User favorites MCUs=[]
2024-04-27 22:45:25,527 [ERROR] LogOutputStream:75 - [STDERR_REDIRECT] 
