2024-05-08 23:22:16,659 [INFO] Activator:176 - 


2024-05-08 23:22:16,669 [INFO] Activator:177 - !SESSION log4j initialized
2024-05-08 23:22:25,154 [INFO] LogOutputStream:77 - [STDOUT_REDIRECT] 
2024-05-08 23:22:33,758 [INFO] ApplicationProperties:184 - Using Application install path: G:\stm32cubeide\stm32cubeide114\STM32CubeIDE_1.14.0\STM32CubeIDE\plugins\com.st.stm32cube.common.mx_6.10.0.202311202037
2024-05-08 23:22:33,777 [INFO] DbMcusXml:78 - Set database path to: G:\stm32cubeide\stm32cubeide114\STM32CubeIDE_1.14.0\STM32CubeIDE\plugins\com.st.stm32cube.common.mx_6.10.0.202311202037\\db\/mcu/
2024-05-08 23:22:33,778 [INFO] ApiDb:274 - Set plugin database path to: G:\stm32cubeide\stm32cubeide114\STM32CubeIDE_1.14.0\STM32CubeIDE\plugins\com.st.stm32cube.common.mx_6.10.0.202311202037\\db\/plugins/boardmanager/
2024-05-08 23:22:33,778 [WARN] ApiDb:259 - Overriding images path with different value:  => G:\stm32cubeide\stm32cubeide114\STM32CubeIDE_1.14.0\STM32CubeIDE\plugins\com.st.stm32cube.common.mx_6.10.0.202311202037\\db\/plugins/mcufinder/images/
2024-05-08 23:22:33,793 [INFO] ApiDb:250 - Set database path to: C:\Users\Nghia\.stmcufinder\plugins\mcufinder//mcu/
2024-05-08 23:22:33,795 [INFO] DbMcusAds:125 - Set database path to: C:\Users\Nghia\.stmcufinder\plugins\mcufinder//mcu/
2024-05-08 23:22:33,797 [INFO] CrossReferenceDbSqlite:203 - Set database path to: C:\Users\Nghia\.stmcufinder\plugins\mcufinder//mcu/cs/
2024-05-08 23:22:33,923 [INFO] RulesReader:64 - Compatibility file has been processed (297 Rules)
2024-05-08 23:22:34,003 [INFO] DbMcusXml:78 - Set database path to: G:\stm32cubeide\stm32cubeide114\STM32CubeIDE_1.14.0\STM32CubeIDE\plugins\com.st.stm32cube.common.mx_6.10.0.202311202037\\db\/mcu/
2024-05-08 23:22:34,003 [INFO] ApiDb:274 - Set plugin database path to: G:\stm32cubeide\stm32cubeide114\STM32CubeIDE_1.14.0\STM32CubeIDE\plugins\com.st.stm32cube.common.mx_6.10.0.202311202037\\db\/plugins/boardmanager/
2024-05-08 23:22:34,003 [INFO] ApiDb:261 - Set plugin images path to: G:\stm32cubeide\stm32cubeide114\STM32CubeIDE_1.14.0\STM32CubeIDE\plugins\com.st.stm32cube.common.mx_6.10.0.202311202037\\db\/plugins/mcufinder/images/
2024-05-08 23:22:34,003 [WARN] DbFile:41 - Overriding database path with different value: C:\Users\Nghia\.stmcufinder\plugins\mcufinder/ => C:\Users\Nghia\.stmcufinder\plugins\mcufinder
2024-05-08 23:22:34,003 [INFO] ApiDb:250 - Set database path to: C:\Users\Nghia\.stmcufinder\plugins\mcufinder//mcu/
2024-05-08 23:22:34,003 [WARN] DbFile:41 - Overriding database path with different value: C:\Users\Nghia\.stmcufinder\plugins\mcufinder/ => C:\Users\Nghia\.stmcufinder\plugins\mcufinder
2024-05-08 23:22:34,003 [INFO] DbMcusAds:125 - Set database path to: C:\Users\Nghia\.stmcufinder\plugins\mcufinder//mcu/
2024-05-08 23:22:34,003 [WARN] DbFile:41 - Overriding database path with different value: C:\Users\Nghia\.stmcufinder\plugins\mcufinder/ => C:\Users\Nghia\.stmcufinder\plugins\mcufinder
2024-05-08 23:22:34,004 [WARN] DbFile:41 - Overriding database path with different value: C:\Users\Nghia\.stmcufinder\plugins\mcufinder/ => C:\Users\Nghia\.stmcufinder\plugins\mcufinder
2024-05-08 23:22:34,004 [INFO] CrossReferenceDbSqlite:203 - Set database path to: C:\Users\Nghia\.stmcufinder\plugins\mcufinder//mcu/cs/
2024-05-08 23:22:34,075 [INFO] MainPanel:264 - HeapMemory: 268435456
2024-05-08 23:22:34,163 [INFO] DbMcusXml:78 - Set database path to: G:\stm32cubeide\stm32cubeide114\STM32CubeIDE_1.14.0\STM32CubeIDE\plugins\com.st.stm32cube.common.mx_6.10.0.202311202037\\db\/mcu/
2024-05-08 23:22:34,163 [INFO] ApiDb:274 - Set plugin database path to: G:\stm32cubeide\stm32cubeide114\STM32CubeIDE_1.14.0\STM32CubeIDE\plugins\com.st.stm32cube.common.mx_6.10.0.202311202037\\db\/plugins/boardmanager/
2024-05-08 23:22:34,163 [INFO] ApiDb:261 - Set plugin images path to: G:\stm32cubeide\stm32cubeide114\STM32CubeIDE_1.14.0\STM32CubeIDE\plugins\com.st.stm32cube.common.mx_6.10.0.202311202037\\db\/plugins/mcufinder/images/
2024-05-08 23:22:34,164 [WARN] DbFile:41 - Overriding database path with different value: C:\Users\Nghia\.stmcufinder\plugins\mcufinder/ => C:\Users\Nghia\.stmcufinder\plugins\mcufinder
2024-05-08 23:22:34,164 [INFO] ApiDb:250 - Set database path to: C:\Users\Nghia\.stmcufinder\plugins\mcufinder//mcu/
2024-05-08 23:22:34,164 [WARN] DbFile:41 - Overriding database path with different value: C:\Users\Nghia\.stmcufinder\plugins\mcufinder/ => C:\Users\Nghia\.stmcufinder\plugins\mcufinder
2024-05-08 23:22:34,164 [INFO] DbMcusAds:125 - Set database path to: C:\Users\Nghia\.stmcufinder\plugins\mcufinder//mcu/
2024-05-08 23:22:34,164 [WARN] DbFile:41 - Overriding database path with different value: C:\Users\Nghia\.stmcufinder\plugins\mcufinder/ => C:\Users\Nghia\.stmcufinder\plugins\mcufinder
2024-05-08 23:22:34,164 [WARN] DbFile:41 - Overriding database path with different value: C:\Users\Nghia\.stmcufinder\plugins\mcufinder/ => C:\Users\Nghia\.stmcufinder\plugins\mcufinder
2024-05-08 23:22:34,164 [INFO] CrossReferenceDbSqlite:203 - Set database path to: C:\Users\Nghia\.stmcufinder\plugins\mcufinder//mcu/cs/
2024-05-08 23:22:34,182 [INFO] ApplicationProperties:184 - Using Application install path: G:\stm32cubeide\stm32cubeide114\STM32CubeIDE_1.14.0\STM32CubeIDE\plugins\com.st.stm32cube.common.mx_6.10.0.202311202037
2024-05-08 23:22:34,184 [INFO] PluginManage:196 - Search for loadable plugins [exclusion list=, ]
2024-05-08 23:22:34,185 [INFO] PluginManage:310 - Check plugin analytics
2024-05-08 23:22:35,604 [ERROR] ConfigurationRetriever:142 - IOException on connection: Connect timed out
2024-05-08 23:22:39,256 [INFO] AnalyticsPlugin:253 - Accepted Software Licenses: STM32CubeMX.6.8.0,STM32CubeMX.6.1.1
2024-05-08 23:22:39,256 [INFO] AnalyticsPlugin:255 - Accepted CMSIS Pack Licenses: 
2024-05-08 23:22:39,256 [INFO] AnalyticsPlugin:257 - Accepted Firmware Licenses: FW.F4.1.27.0,FW.F4.1.28.0
2024-05-08 23:22:39,258 [INFO] PluginManage:359 - Loaded plugin analytics (category:tool,tabindex:-1)
2024-05-08 23:22:39,258 [INFO] PluginManage:310 - Check plugin cadmodel
2024-05-08 23:22:39,273 [INFO] CADModel:105 - Init CAD model plugin
2024-05-08 23:22:39,273 [INFO] PluginManage:359 - Loaded plugin cadmodel (category:power,tabindex:5)
2024-05-08 23:22:39,273 [INFO] PluginManage:310 - Check plugin clock
2024-05-08 23:22:39,292 [INFO] PluginManage:359 - Loaded plugin clock (category:base,tabindex:2)
2024-05-08 23:22:39,293 [INFO] PluginManage:310 - Check plugin ddr
2024-05-08 23:22:39,295 [INFO] PluginManage:359 - Loaded plugin ddr (category:tool,tabindex:6)
2024-05-08 23:22:39,295 [INFO] PluginManage:310 - Check plugin filemanager
2024-05-08 23:22:39,426 [INFO] PluginManage:359 - Loaded plugin filemanager (category:base,tabindex:10)
2024-05-08 23:22:39,426 [INFO] PluginManage:310 - Check plugin ipmanager
2024-05-08 23:22:39,435 [INFO] PluginManage:359 - Loaded plugin ipmanager (category:base,tabindex:5)
2024-05-08 23:22:39,435 [INFO] PluginManage:310 - Check plugin lpbam
2024-05-08 23:22:39,451 [INFO] PluginManage:359 - Loaded plugin lpbam (category:base,tabindex:0)
2024-05-08 23:22:39,451 [INFO] PluginManage:310 - Check plugin memorymap
2024-05-08 23:22:39,476 [INFO] PluginManage:359 - Loaded plugin memorymap (category:base,tabindex:4)
2024-05-08 23:22:39,476 [INFO] PluginManage:310 - Check plugin pinoutandconfiguration
2024-05-08 23:22:39,492 [INFO] PluginManage:359 - Loaded plugin pinoutandconfiguration (category:base,tabindex:1)
2024-05-08 23:22:39,492 [INFO] PluginManage:310 - Check plugin pinoutconfig
2024-05-08 23:22:39,584 [WARN] SupportedApi:132 - Cannot load RTOS API schema: s4s-elt-must-match.1: The content of 'definitions' must match (annotation?, (simpleType | complexType)?, (unique | key | keyref)*)). A problem was found starting at: attribute.
2024-05-08 23:22:39,671 [ERROR] ConfigurationRetriever:142 - IOException on connection: Read timed out
2024-05-08 23:22:39,716 [INFO] PluginManage:359 - Loaded plugin pinoutconfig (category:base,tabindex:0)
2024-05-08 23:22:39,716 [INFO] PluginManage:310 - Check plugin power
2024-05-08 23:22:39,744 [INFO] PluginManage:359 - Loaded plugin power (category:power,tabindex:4)
2024-05-08 23:22:39,744 [INFO] PluginManage:310 - Check plugin projectmanager
2024-05-08 23:22:39,763 [INFO] PluginManage:359 - Loaded plugin projectmanager (category:projectmanager,tabindex:3)
2024-05-08 23:22:39,763 [INFO] PluginManage:310 - Check plugin thirdparty
2024-05-08 23:22:40,117 [INFO] PluginManage:359 - Loaded plugin thirdparty (category:base,tabindex:-1)
2024-05-08 23:22:40,117 [WARN] IntegrityCheckThread:84 - waiting for thirdparty lock release [integrity check]
2024-05-08 23:22:40,117 [INFO] PluginManage:310 - Check plugin tools
2024-05-08 23:22:40,118 [INFO] IntegrityCheckThread:86 - entering critical section [integrity check]
2024-05-08 23:22:40,118 [INFO] ThirdPartyUpdaterWithRetryManager:70 - Updater plugin not ready yet. [1/15]
2024-05-08 23:22:40,152 [INFO] PluginManage:359 - Loaded plugin tools (category:base,tabindex:7)
2024-05-08 23:22:40,153 [INFO] PluginManage:310 - Check plugin tutovideos
2024-05-08 23:22:40,392 [INFO] PluginManage:359 - Loaded plugin tutovideos (category:base,tabindex:-1)
2024-05-08 23:22:40,393 [INFO] PluginManage:310 - Check plugin updater
2024-05-08 23:22:40,405 [INFO] PluginManage:359 - Loaded plugin updater (category:base,tabindex:12)
2024-05-08 23:22:40,405 [INFO] PluginManage:310 - Check plugin userauth
2024-05-08 23:22:40,411 [INFO] UserAuth:114 - Init User Auth plugin
2024-05-08 23:22:40,412 [INFO] PluginManage:359 - Loaded plugin userauth (category:base,tabindex:14)
2024-05-08 23:22:40,412 [INFO] PluginManage:283 - PluginManage : Loaded plugins [17]
2024-05-08 23:22:40,673 [INFO] PinOutPanel:1499 - setPackage(No Configuration,No Configuration)
2024-05-08 23:22:40,749 [INFO] CADModel:165 - CPN selected for project level
2024-05-08 23:22:40,749 [INFO] CADModel:114 - Register for checkConnection events
2024-05-08 23:22:40,772 [INFO] IPUIPlugin:80 - create IPUIPlugin
2024-05-08 23:22:40,772 [INFO] PluginManager:220 - loadIPPluginJar : add adc
2024-05-08 23:22:40,807 [INFO] IPUIPlugin:80 - create IPUIPlugin
2024-05-08 23:22:40,807 [INFO] PluginManager:220 - loadIPPluginJar : add aes
2024-05-08 23:22:40,850 [INFO] IPUIPlugin:80 - create IPUIPlugin
2024-05-08 23:22:40,850 [INFO] PluginManager:220 - loadIPPluginJar : add can
2024-05-08 23:22:40,872 [INFO] IPUIPlugin:80 - create IPUIPlugin
2024-05-08 23:22:40,872 [INFO] PluginManager:220 - loadIPPluginJar : add comp
2024-05-08 23:22:40,915 [INFO] IPUIPlugin:80 - create IPUIPlugin
2024-05-08 23:22:40,915 [INFO] PluginManager:220 - loadIPPluginJar : add cryp
2024-05-08 23:22:40,943 [INFO] IPUIPlugin:80 - create IPUIPlugin
2024-05-08 23:22:40,943 [INFO] PluginManager:220 - loadIPPluginJar : add dfsdm
2024-05-08 23:22:40,956 [INFO] IPUIPlugin:80 - create IPUIPlugin
2024-05-08 23:22:40,956 [INFO] PluginManager:220 - loadIPPluginJar : add dma
2024-05-08 23:22:40,996 [INFO] IPUIPlugin:80 - create IPUIPlugin
2024-05-08 23:22:40,996 [INFO] PluginManager:220 - loadIPPluginJar : add dma3
2024-05-08 23:22:41,014 [INFO] IPUIPlugin:80 - create IPUIPlugin
2024-05-08 23:22:41,014 [INFO] PluginManager:220 - loadIPPluginJar : add fatfs
2024-05-08 23:22:41,057 [INFO] IPUIPlugin:80 - create IPUIPlugin
2024-05-08 23:22:41,057 [INFO] PluginManager:220 - loadIPPluginJar : add fmc
2024-05-08 23:22:41,070 [INFO] IPUIPlugin:80 - create IPUIPlugin
2024-05-08 23:22:41,070 [INFO] PluginManager:220 - loadIPPluginJar : add freertos
2024-05-08 23:22:41,097 [INFO] IPUIPlugin:80 - create IPUIPlugin
2024-05-08 23:22:41,097 [INFO] PluginManager:220 - loadIPPluginJar : add genericplugin
2024-05-08 23:22:41,224 [INFO] IPUIPlugin:80 - create IPUIPlugin
2024-05-08 23:22:41,224 [INFO] PluginManager:220 - loadIPPluginJar : add gfxmmu
2024-05-08 23:22:41,440 [INFO] IPUIPlugin:80 - create IPUIPlugin
2024-05-08 23:22:41,440 [INFO] PluginManager:220 - loadIPPluginJar : add gic
2024-05-08 23:22:41,460 [INFO] IPUIPlugin:80 - create IPUIPlugin
2024-05-08 23:22:41,460 [INFO] PluginManager:220 - loadIPPluginJar : add gpio
2024-05-08 23:22:41,587 [INFO] IPUIPlugin:80 - create IPUIPlugin
2024-05-08 23:22:41,587 [INFO] PluginManager:220 - loadIPPluginJar : add gtzc
2024-05-08 23:22:41,626 [INFO] IPUIPlugin:80 - create IPUIPlugin
2024-05-08 23:22:41,626 [INFO] PluginManager:220 - loadIPPluginJar : add hash
2024-05-08 23:22:41,683 [INFO] IPUIPlugin:80 - create IPUIPlugin
2024-05-08 23:22:41,683 [INFO] PluginManager:220 - loadIPPluginJar : add i2c
2024-05-08 23:22:41,725 [INFO] IPUIPlugin:80 - create IPUIPlugin
2024-05-08 23:22:41,725 [INFO] PluginManager:220 - loadIPPluginJar : add i2s
2024-05-08 23:22:41,768 [INFO] IPUIPlugin:80 - create IPUIPlugin
2024-05-08 23:22:41,769 [INFO] PluginManager:220 - loadIPPluginJar : add i3c
2024-05-08 23:22:41,865 [INFO] IPUIPlugin:80 - create IPUIPlugin
2024-05-08 23:22:41,865 [INFO] PluginManager:220 - loadIPPluginJar : add ipddr
2024-05-08 23:22:41,952 [INFO] IPUIPlugin:80 - create IPUIPlugin
2024-05-08 23:22:41,952 [INFO] PluginManager:220 - loadIPPluginJar : add linkedlist
2024-05-08 23:22:41,984 [INFO] IPUIPlugin:80 - create IPUIPlugin
2024-05-08 23:22:41,984 [INFO] PluginManager:220 - loadIPPluginJar : add lorawan
2024-05-08 23:22:42,018 [INFO] IPUIPlugin:80 - create IPUIPlugin
2024-05-08 23:22:42,018 [INFO] PluginManager:220 - loadIPPluginJar : add ltdc
2024-05-08 23:22:42,030 [INFO] IPUIPlugin:80 - create IPUIPlugin
2024-05-08 23:22:42,030 [INFO] PluginManager:220 - loadIPPluginJar : add mdma
2024-05-08 23:22:42,041 [INFO] IPUIPlugin:80 - create IPUIPlugin
2024-05-08 23:22:42,041 [INFO] PluginManager:220 - loadIPPluginJar : add nvic
2024-05-08 23:22:42,118 [INFO] IPUIPlugin:80 - create IPUIPlugin
2024-05-08 23:22:42,118 [INFO] PluginManager:220 - loadIPPluginJar : add opamp
2024-05-08 23:22:42,209 [INFO] IPUIPlugin:80 - create IPUIPlugin
2024-05-08 23:22:42,209 [INFO] PluginManager:220 - loadIPPluginJar : add openamp
2024-05-08 23:22:42,253 [INFO] IPUIPlugin:80 - create IPUIPlugin
2024-05-08 23:22:42,253 [INFO] PluginManager:220 - loadIPPluginJar : add pdm2pcm
2024-05-08 23:22:42,266 [INFO] IPUIPlugin:80 - create IPUIPlugin
2024-05-08 23:22:42,268 [INFO] PluginManager:220 - loadIPPluginJar : add plateformsettings
2024-05-08 23:22:42,288 [INFO] IPUIPlugin:80 - create IPUIPlugin
2024-05-08 23:22:42,289 [INFO] PluginManager:220 - loadIPPluginJar : add quadspi
2024-05-08 23:22:42,301 [INFO] IPUIPlugin:80 - create IPUIPlugin
2024-05-08 23:22:42,301 [INFO] PluginManager:220 - loadIPPluginJar : add resmgrutility
2024-05-08 23:22:42,348 [INFO] IPUIPlugin:80 - create IPUIPlugin
2024-05-08 23:22:42,348 [INFO] PluginManager:220 - loadIPPluginJar : add sai
2024-05-08 23:22:42,385 [INFO] IPUIPlugin:80 - create IPUIPlugin
2024-05-08 23:22:42,385 [INFO] PluginManager:220 - loadIPPluginJar : add spi
2024-05-08 23:22:42,465 [INFO] IPUIPlugin:80 - create IPUIPlugin
2024-05-08 23:22:42,465 [INFO] PluginManager:220 - loadIPPluginJar : add stm32_wpan
2024-05-08 23:22:42,493 [INFO] IPUIPlugin:80 - create IPUIPlugin
2024-05-08 23:22:42,493 [INFO] PluginManager:220 - loadIPPluginJar : add tim
2024-05-08 23:22:42,571 [ERROR] ConfigurationRetriever:142 - IOException on connection: Read timed out
2024-05-08 23:22:42,588 [INFO] IPUIPlugin:80 - create IPUIPlugin
2024-05-08 23:22:42,588 [INFO] PluginManager:220 - loadIPPluginJar : add touchsensing
2024-05-08 23:22:42,628 [INFO] IPUIPlugin:80 - create IPUIPlugin
2024-05-08 23:22:42,628 [INFO] PluginManager:220 - loadIPPluginJar : add tracer_emb
2024-05-08 23:22:42,654 [INFO] IPUIPlugin:80 - create IPUIPlugin
2024-05-08 23:22:42,654 [INFO] PluginManager:220 - loadIPPluginJar : add ts
2024-05-08 23:22:42,681 [INFO] IPUIPlugin:80 - create IPUIPlugin
2024-05-08 23:22:42,681 [INFO] PluginManager:220 - loadIPPluginJar : add tsc
2024-05-08 23:22:42,706 [INFO] IPUIPlugin:80 - create IPUIPlugin
2024-05-08 23:22:42,706 [INFO] PluginManager:220 - loadIPPluginJar : add ucpd
2024-05-08 23:22:42,758 [INFO] IPUIPlugin:80 - create IPUIPlugin
2024-05-08 23:22:42,758 [INFO] PluginManager:220 - loadIPPluginJar : add usart
2024-05-08 23:22:42,814 [INFO] IPUIPlugin:80 - create IPUIPlugin
2024-05-08 23:22:42,814 [INFO] PluginManager:220 - loadIPPluginJar : add usbx
2024-05-08 23:22:42,951 [INFO] CADModel:165 - CPN selected for project level
2024-05-08 23:22:42,952 [INFO] CADModel:114 - Register for checkConnection events
2024-05-08 23:22:42,952 [FATAL] Updater:308 - Updater called before beeing initialized
2024-05-08 23:22:42,952 [ERROR] CADModel:125 - Updater not yet initialized, retry later 
2024-05-08 23:22:43,078 [INFO] CADModel:165 - CPN selected for project level
2024-05-08 23:22:43,079 [INFO] CADModel:114 - Register for checkConnection events
2024-05-08 23:22:43,079 [FATAL] Updater:308 - Updater called before beeing initialized
2024-05-08 23:22:43,079 [ERROR] CADModel:125 - Updater not yet initialized, retry later 
2024-05-08 23:22:43,082 [FATAL] Updater:308 - Updater called before beeing initialized
2024-05-08 23:22:43,119 [INFO] ThirdPartyUpdaterWithRetryManager:70 - Updater plugin not ready yet. [2/15]
2024-05-08 23:22:43,199 [FATAL] Updater:308 - Updater called before beeing initialized
2024-05-08 23:22:43,207 [INFO] DbMcusAds:53 - JSON generation date=Wed Nov 29 17:52:27 ICT 2023 (1701255147349)
2024-05-08 23:22:43,207 [FATAL] Updater:308 - Updater called before beeing initialized
2024-05-08 23:22:43,279 [WARN] DetailPanel:346 - Failed to get advertising image, set to default
2024-05-08 23:22:43,357 [FATAL] Updater:308 - Updater called before beeing initialized
2024-05-08 23:22:43,359 [FATAL] Updater:308 - Updater called before beeing initialized
2024-05-08 23:22:43,359 [FATAL] Updater:308 - Updater called before beeing initialized
2024-05-08 23:22:43,359 [WARN] DetailPanel:346 - Failed to get advertising image, set to default
2024-05-08 23:22:43,359 [FATAL] Updater:308 - Updater called before beeing initialized
2024-05-08 23:22:43,419 [ERROR] Updater:1120 - MainUpdater not yet initialized. External WinMGr cannot be set.
2024-05-08 23:22:43,430 [INFO] Updater:1056 - Updater Version found : 6.10.0
2024-05-08 23:22:43,452 [INFO] ApplicationProperties:184 - Using Application install path: G:\stm32cubeide\stm32cubeide114\STM32CubeIDE_1.14.0\STM32CubeIDE\plugins\com.st.stm32cube.common.mx_6.10.0.202311202037
2024-05-08 23:22:46,120 [FATAL] Updater:308 - Updater called before beeing initialized
2024-05-08 23:22:46,120 [ERROR] IntegrityCheckThread:130 - Cannot retrieve database content from updater: error 21
2024-05-08 23:22:46,121 [INFO] ThirdParty:978 - Integrity check success = false
2024-05-08 23:22:46,121 [INFO] IntegrityCheckThread:100 - exiting critical section [integrity check]
2024-05-08 23:22:46,121 [INFO] IntegrityCheckThread:103 - End integrity checks thread
2024-05-08 23:22:55,167 [INFO] MainUpdater:2873 - connection check result : 10
2024-05-08 23:22:55,168 [INFO] MainUpdater:290 - Updater Check For Update Now.
2024-05-08 23:22:55,168 [INFO] MicroXplorer:498 - Change Database Version : DB.6.0.100
2024-05-08 23:22:55,187 [INFO] McuFinderGlobals:63 - Set McuFinder mode to 2 (CubeIDE integrated)
2024-05-08 23:22:55,261 [INFO] UserAuth:404 - Internet connection configuration mode: 1
2024-05-08 23:22:55,299 [INFO] JxBrowserEngine:152 - Initiate JxBrowser Engine with user profile folder
2024-05-08 23:22:55,398 [INFO] CheckServerUpdateThread:120 - End of CheckServer Thread
2024-05-08 23:22:57,262 [INFO] WebApp:161 - Instantiating new browser for Auth
2024-05-08 23:22:58,047 [INFO] WebApp:780 - Register for checkConnection events
2024-05-08 23:22:58,048 [INFO] WebApp:414 - Apply proxy settings
2024-05-08 23:22:58,048 [INFO] WebApp:499 - Chromium requires no authentication
2024-05-08 23:22:58,056 [INFO] WebApp:442 - Direct internet connection detected
2024-05-08 23:22:58,237 [INFO] WebApp:192 - Starting web application
2024-05-08 23:22:58,237 [INFO] WebApp:544 - Web application path used G:\stm32cubeide\stm32cubeide114\STM32CubeIDE_1.14.0\STM32CubeIDE\plugins\com.st.stm32cube.common.mx_6.10.0.202311202037\db\plugins\mcufinder\reactClient1\index.html
2024-05-08 23:23:19,234 [ERROR] LogOutputStream:75 - [STDERR_REDIRECT] SLF4J: Failed to load class "org.slf4j.impl.StaticLoggerBinder".
2024-05-08 23:23:19,234 [ERROR] LogOutputStream:75 - [STDERR_REDIRECT] SLF4J: Defaulting to no-operation (NOP) logger implementation
2024-05-08 23:23:19,235 [ERROR] LogOutputStream:75 - [STDERR_REDIRECT] SLF4J: See http://www.slf4j.org/codes.html#StaticLoggerBinder for further details.
