2024-05-11 17:50:42,169 [INFO] Activator:176 - 


2024-05-11 17:50:42,174 [INFO] Activator:177 - !SESSION log4j initialized
2024-05-11 17:50:48,804 [INFO] LogOutputStream:77 - [STDOUT_REDIRECT] 
2024-05-11 17:50:55,278 [INFO] ApplicationProperties:184 - Using Application install path: G:\stm32cubeide\stm32cubeide114\STM32CubeIDE_1.14.0\STM32CubeIDE\plugins\com.st.stm32cube.common.mx_6.10.0.202311202037
2024-05-11 17:50:55,296 [INFO] DbMcusXml:78 - Set database path to: G:\stm32cubeide\stm32cubeide114\STM32CubeIDE_1.14.0\STM32CubeIDE\plugins\com.st.stm32cube.common.mx_6.10.0.202311202037\\db\/mcu/
2024-05-11 17:50:55,297 [INFO] ApiDb:274 - Set plugin database path to: G:\stm32cubeide\stm32cubeide114\STM32CubeIDE_1.14.0\STM32CubeIDE\plugins\com.st.stm32cube.common.mx_6.10.0.202311202037\\db\/plugins/boardmanager/
2024-05-11 17:50:55,297 [WARN] ApiDb:259 - Overriding images path with different value:  => G:\stm32cubeide\stm32cubeide114\STM32CubeIDE_1.14.0\STM32CubeIDE\plugins\com.st.stm32cube.common.mx_6.10.0.202311202037\\db\/plugins/mcufinder/images/
2024-05-11 17:50:55,313 [INFO] ApiDb:250 - Set database path to: C:\Users\Nghia\.stmcufinder\plugins\mcufinder//mcu/
2024-05-11 17:50:55,315 [INFO] DbMcusAds:125 - Set database path to: C:\Users\Nghia\.stmcufinder\plugins\mcufinder//mcu/
2024-05-11 17:50:55,316 [INFO] CrossReferenceDbSqlite:203 - Set database path to: C:\Users\Nghia\.stmcufinder\plugins\mcufinder//mcu/cs/
2024-05-11 17:50:55,417 [INFO] RulesReader:64 - Compatibility file has been processed (297 Rules)
2024-05-11 17:50:55,495 [INFO] DbMcusXml:78 - Set database path to: G:\stm32cubeide\stm32cubeide114\STM32CubeIDE_1.14.0\STM32CubeIDE\plugins\com.st.stm32cube.common.mx_6.10.0.202311202037\\db\/mcu/
2024-05-11 17:50:55,495 [INFO] ApiDb:274 - Set plugin database path to: G:\stm32cubeide\stm32cubeide114\STM32CubeIDE_1.14.0\STM32CubeIDE\plugins\com.st.stm32cube.common.mx_6.10.0.202311202037\\db\/plugins/boardmanager/
2024-05-11 17:50:55,496 [INFO] ApiDb:261 - Set plugin images path to: G:\stm32cubeide\stm32cubeide114\STM32CubeIDE_1.14.0\STM32CubeIDE\plugins\com.st.stm32cube.common.mx_6.10.0.202311202037\\db\/plugins/mcufinder/images/
2024-05-11 17:50:55,496 [WARN] DbFile:41 - Overriding database path with different value: C:\Users\Nghia\.stmcufinder\plugins\mcufinder/ => C:\Users\Nghia\.stmcufinder\plugins\mcufinder
2024-05-11 17:50:55,496 [INFO] ApiDb:250 - Set database path to: C:\Users\Nghia\.stmcufinder\plugins\mcufinder//mcu/
2024-05-11 17:50:55,496 [WARN] DbFile:41 - Overriding database path with different value: C:\Users\Nghia\.stmcufinder\plugins\mcufinder/ => C:\Users\Nghia\.stmcufinder\plugins\mcufinder
2024-05-11 17:50:55,496 [INFO] DbMcusAds:125 - Set database path to: C:\Users\Nghia\.stmcufinder\plugins\mcufinder//mcu/
2024-05-11 17:50:55,496 [WARN] DbFile:41 - Overriding database path with different value: C:\Users\Nghia\.stmcufinder\plugins\mcufinder/ => C:\Users\Nghia\.stmcufinder\plugins\mcufinder
2024-05-11 17:50:55,496 [WARN] DbFile:41 - Overriding database path with different value: C:\Users\Nghia\.stmcufinder\plugins\mcufinder/ => C:\Users\Nghia\.stmcufinder\plugins\mcufinder
2024-05-11 17:50:55,496 [INFO] CrossReferenceDbSqlite:203 - Set database path to: C:\Users\Nghia\.stmcufinder\plugins\mcufinder//mcu/cs/
2024-05-11 17:50:55,575 [INFO] MainPanel:264 - HeapMemory: 268435456
2024-05-11 17:50:55,688 [INFO] DbMcusXml:78 - Set database path to: G:\stm32cubeide\stm32cubeide114\STM32CubeIDE_1.14.0\STM32CubeIDE\plugins\com.st.stm32cube.common.mx_6.10.0.202311202037\\db\/mcu/
2024-05-11 17:50:55,688 [INFO] ApiDb:274 - Set plugin database path to: G:\stm32cubeide\stm32cubeide114\STM32CubeIDE_1.14.0\STM32CubeIDE\plugins\com.st.stm32cube.common.mx_6.10.0.202311202037\\db\/plugins/boardmanager/
2024-05-11 17:50:55,688 [INFO] ApiDb:261 - Set plugin images path to: G:\stm32cubeide\stm32cubeide114\STM32CubeIDE_1.14.0\STM32CubeIDE\plugins\com.st.stm32cube.common.mx_6.10.0.202311202037\\db\/plugins/mcufinder/images/
2024-05-11 17:50:55,688 [WARN] DbFile:41 - Overriding database path with different value: C:\Users\Nghia\.stmcufinder\plugins\mcufinder/ => C:\Users\Nghia\.stmcufinder\plugins\mcufinder
2024-05-11 17:50:55,688 [INFO] ApiDb:250 - Set database path to: C:\Users\Nghia\.stmcufinder\plugins\mcufinder//mcu/
2024-05-11 17:50:55,688 [WARN] DbFile:41 - Overriding database path with different value: C:\Users\Nghia\.stmcufinder\plugins\mcufinder/ => C:\Users\Nghia\.stmcufinder\plugins\mcufinder
2024-05-11 17:50:55,688 [INFO] DbMcusAds:125 - Set database path to: C:\Users\Nghia\.stmcufinder\plugins\mcufinder//mcu/
2024-05-11 17:50:55,688 [WARN] DbFile:41 - Overriding database path with different value: C:\Users\Nghia\.stmcufinder\plugins\mcufinder/ => C:\Users\Nghia\.stmcufinder\plugins\mcufinder
2024-05-11 17:50:55,690 [WARN] DbFile:41 - Overriding database path with different value: C:\Users\Nghia\.stmcufinder\plugins\mcufinder/ => C:\Users\Nghia\.stmcufinder\plugins\mcufinder
2024-05-11 17:50:55,690 [INFO] CrossReferenceDbSqlite:203 - Set database path to: C:\Users\Nghia\.stmcufinder\plugins\mcufinder//mcu/cs/
2024-05-11 17:50:55,713 [INFO] ApplicationProperties:184 - Using Application install path: G:\stm32cubeide\stm32cubeide114\STM32CubeIDE_1.14.0\STM32CubeIDE\plugins\com.st.stm32cube.common.mx_6.10.0.202311202037
2024-05-11 17:50:55,715 [INFO] PluginManage:196 - Search for loadable plugins [exclusion list=, ]
2024-05-11 17:50:55,717 [INFO] PluginManage:310 - Check plugin analytics
2024-05-11 17:51:00,883 [INFO] AnalyticsPlugin:253 - Accepted Software Licenses: STM32CubeMX.6.8.0,STM32CubeMX.6.1.1
2024-05-11 17:51:00,883 [INFO] AnalyticsPlugin:255 - Accepted CMSIS Pack Licenses: 
2024-05-11 17:51:00,884 [INFO] AnalyticsPlugin:257 - Accepted Firmware Licenses: FW.F4.1.27.0,FW.F4.1.28.0
2024-05-11 17:51:00,887 [INFO] PluginManage:359 - Loaded plugin analytics (category:tool,tabindex:-1)
2024-05-11 17:51:00,887 [INFO] PluginManage:310 - Check plugin cadmodel
2024-05-11 17:51:00,899 [INFO] CADModel:105 - Init CAD model plugin
2024-05-11 17:51:00,900 [INFO] PluginManage:359 - Loaded plugin cadmodel (category:power,tabindex:5)
2024-05-11 17:51:00,900 [INFO] PluginManage:310 - Check plugin clock
2024-05-11 17:51:00,918 [INFO] PluginManage:359 - Loaded plugin clock (category:base,tabindex:2)
2024-05-11 17:51:00,918 [INFO] PluginManage:310 - Check plugin ddr
2024-05-11 17:51:00,921 [INFO] PluginManage:359 - Loaded plugin ddr (category:tool,tabindex:6)
2024-05-11 17:51:00,921 [INFO] PluginManage:310 - Check plugin filemanager
2024-05-11 17:51:01,045 [INFO] PluginManage:359 - Loaded plugin filemanager (category:base,tabindex:10)
2024-05-11 17:51:01,045 [INFO] PluginManage:310 - Check plugin ipmanager
2024-05-11 17:51:01,051 [INFO] PluginManage:359 - Loaded plugin ipmanager (category:base,tabindex:5)
2024-05-11 17:51:01,051 [INFO] PluginManage:310 - Check plugin lpbam
2024-05-11 17:51:01,064 [INFO] PluginManage:359 - Loaded plugin lpbam (category:base,tabindex:0)
2024-05-11 17:51:01,065 [INFO] PluginManage:310 - Check plugin memorymap
2024-05-11 17:51:01,085 [INFO] PluginManage:359 - Loaded plugin memorymap (category:base,tabindex:4)
2024-05-11 17:51:01,085 [INFO] PluginManage:310 - Check plugin pinoutandconfiguration
2024-05-11 17:51:01,098 [INFO] PluginManage:359 - Loaded plugin pinoutandconfiguration (category:base,tabindex:1)
2024-05-11 17:51:01,098 [INFO] PluginManage:310 - Check plugin pinoutconfig
2024-05-11 17:51:01,189 [WARN] SupportedApi:132 - Cannot load RTOS API schema: s4s-elt-must-match.1: The content of 'definitions' must match (annotation?, (simpleType | complexType)?, (unique | key | keyref)*)). A problem was found starting at: attribute.
2024-05-11 17:51:01,312 [INFO] PluginManage:359 - Loaded plugin pinoutconfig (category:base,tabindex:0)
2024-05-11 17:51:01,312 [INFO] PluginManage:310 - Check plugin power
2024-05-11 17:51:01,330 [INFO] PluginManage:359 - Loaded plugin power (category:power,tabindex:4)
2024-05-11 17:51:01,331 [INFO] PluginManage:310 - Check plugin projectmanager
2024-05-11 17:51:01,348 [INFO] PluginManage:359 - Loaded plugin projectmanager (category:projectmanager,tabindex:3)
2024-05-11 17:51:01,349 [INFO] PluginManage:310 - Check plugin thirdparty
2024-05-11 17:51:01,594 [INFO] PluginManage:359 - Loaded plugin thirdparty (category:base,tabindex:-1)
2024-05-11 17:51:01,594 [WARN] IntegrityCheckThread:84 - waiting for thirdparty lock release [integrity check]
2024-05-11 17:51:01,594 [INFO] PluginManage:310 - Check plugin tools
2024-05-11 17:51:01,594 [INFO] IntegrityCheckThread:86 - entering critical section [integrity check]
2024-05-11 17:51:01,595 [INFO] ThirdPartyUpdaterWithRetryManager:70 - Updater plugin not ready yet. [1/15]
2024-05-11 17:51:01,625 [INFO] PluginManage:359 - Loaded plugin tools (category:base,tabindex:7)
2024-05-11 17:51:01,625 [INFO] PluginManage:310 - Check plugin tutovideos
2024-05-11 17:51:01,801 [INFO] PluginManage:359 - Loaded plugin tutovideos (category:base,tabindex:-1)
2024-05-11 17:51:01,801 [INFO] PluginManage:310 - Check plugin updater
2024-05-11 17:51:01,815 [INFO] PluginManage:359 - Loaded plugin updater (category:base,tabindex:12)
2024-05-11 17:51:01,815 [INFO] PluginManage:310 - Check plugin userauth
2024-05-11 17:51:01,821 [INFO] UserAuth:114 - Init User Auth plugin
2024-05-11 17:51:01,822 [INFO] PluginManage:359 - Loaded plugin userauth (category:base,tabindex:14)
2024-05-11 17:51:01,822 [INFO] PluginManage:283 - PluginManage : Loaded plugins [17]
2024-05-11 17:51:02,036 [INFO] PinOutPanel:1499 - setPackage(No Configuration,No Configuration)
2024-05-11 17:51:02,105 [INFO] CADModel:165 - CPN selected for project level
2024-05-11 17:51:02,105 [INFO] CADModel:114 - Register for checkConnection events
2024-05-11 17:51:02,128 [INFO] IPUIPlugin:80 - create IPUIPlugin
2024-05-11 17:51:02,128 [INFO] PluginManager:220 - loadIPPluginJar : add adc
2024-05-11 17:51:02,157 [INFO] IPUIPlugin:80 - create IPUIPlugin
2024-05-11 17:51:02,157 [INFO] PluginManager:220 - loadIPPluginJar : add aes
2024-05-11 17:51:02,193 [INFO] IPUIPlugin:80 - create IPUIPlugin
2024-05-11 17:51:02,193 [INFO] PluginManager:220 - loadIPPluginJar : add can
2024-05-11 17:51:02,211 [INFO] IPUIPlugin:80 - create IPUIPlugin
2024-05-11 17:51:02,211 [INFO] PluginManager:220 - loadIPPluginJar : add comp
2024-05-11 17:51:02,240 [INFO] IPUIPlugin:80 - create IPUIPlugin
2024-05-11 17:51:02,240 [INFO] PluginManager:220 - loadIPPluginJar : add cryp
2024-05-11 17:51:02,266 [INFO] IPUIPlugin:80 - create IPUIPlugin
2024-05-11 17:51:02,267 [INFO] PluginManager:220 - loadIPPluginJar : add dfsdm
2024-05-11 17:51:02,293 [INFO] IPUIPlugin:80 - create IPUIPlugin
2024-05-11 17:51:02,294 [INFO] PluginManager:220 - loadIPPluginJar : add dma
2024-05-11 17:51:02,331 [INFO] IPUIPlugin:80 - create IPUIPlugin
2024-05-11 17:51:02,331 [INFO] PluginManager:220 - loadIPPluginJar : add dma3
2024-05-11 17:51:02,348 [INFO] IPUIPlugin:80 - create IPUIPlugin
2024-05-11 17:51:02,348 [INFO] PluginManager:220 - loadIPPluginJar : add fatfs
2024-05-11 17:51:02,388 [INFO] IPUIPlugin:80 - create IPUIPlugin
2024-05-11 17:51:02,388 [INFO] PluginManager:220 - loadIPPluginJar : add fmc
2024-05-11 17:51:02,411 [INFO] IPUIPlugin:80 - create IPUIPlugin
2024-05-11 17:51:02,411 [INFO] PluginManager:220 - loadIPPluginJar : add freertos
2024-05-11 17:51:02,431 [INFO] IPUIPlugin:80 - create IPUIPlugin
2024-05-11 17:51:02,431 [INFO] PluginManager:220 - loadIPPluginJar : add genericplugin
2024-05-11 17:51:02,522 [INFO] IPUIPlugin:80 - create IPUIPlugin
2024-05-11 17:51:02,522 [INFO] PluginManager:220 - loadIPPluginJar : add gfxmmu
2024-05-11 17:51:02,638 [INFO] IPUIPlugin:80 - create IPUIPlugin
2024-05-11 17:51:02,638 [INFO] PluginManager:220 - loadIPPluginJar : add gic
2024-05-11 17:51:02,648 [INFO] IPUIPlugin:80 - create IPUIPlugin
2024-05-11 17:51:02,650 [INFO] PluginManager:220 - loadIPPluginJar : add gpio
2024-05-11 17:51:02,728 [INFO] IPUIPlugin:80 - create IPUIPlugin
2024-05-11 17:51:02,728 [INFO] PluginManager:220 - loadIPPluginJar : add gtzc
2024-05-11 17:51:02,757 [INFO] IPUIPlugin:80 - create IPUIPlugin
2024-05-11 17:51:02,757 [INFO] PluginManager:220 - loadIPPluginJar : add hash
2024-05-11 17:51:02,803 [INFO] IPUIPlugin:80 - create IPUIPlugin
2024-05-11 17:51:02,803 [INFO] PluginManager:220 - loadIPPluginJar : add i2c
2024-05-11 17:51:02,835 [INFO] IPUIPlugin:80 - create IPUIPlugin
2024-05-11 17:51:02,835 [INFO] PluginManager:220 - loadIPPluginJar : add i2s
2024-05-11 17:51:02,877 [INFO] IPUIPlugin:80 - create IPUIPlugin
2024-05-11 17:51:02,877 [INFO] PluginManager:220 - loadIPPluginJar : add i3c
2024-05-11 17:51:02,978 [INFO] IPUIPlugin:80 - create IPUIPlugin
2024-05-11 17:51:02,978 [INFO] PluginManager:220 - loadIPPluginJar : add ipddr
2024-05-11 17:51:03,059 [INFO] IPUIPlugin:80 - create IPUIPlugin
2024-05-11 17:51:03,059 [INFO] PluginManager:220 - loadIPPluginJar : add linkedlist
2024-05-11 17:51:03,087 [INFO] IPUIPlugin:80 - create IPUIPlugin
2024-05-11 17:51:03,087 [INFO] PluginManager:220 - loadIPPluginJar : add lorawan
2024-05-11 17:51:03,117 [INFO] IPUIPlugin:80 - create IPUIPlugin
2024-05-11 17:51:03,117 [INFO] PluginManager:220 - loadIPPluginJar : add ltdc
2024-05-11 17:51:03,131 [INFO] IPUIPlugin:80 - create IPUIPlugin
2024-05-11 17:51:03,131 [INFO] PluginManager:220 - loadIPPluginJar : add mdma
2024-05-11 17:51:03,141 [INFO] IPUIPlugin:80 - create IPUIPlugin
2024-05-11 17:51:03,141 [INFO] PluginManager:220 - loadIPPluginJar : add nvic
2024-05-11 17:51:03,173 [INFO] IPUIPlugin:80 - create IPUIPlugin
2024-05-11 17:51:03,174 [INFO] PluginManager:220 - loadIPPluginJar : add opamp
2024-05-11 17:51:03,228 [INFO] IPUIPlugin:80 - create IPUIPlugin
2024-05-11 17:51:03,228 [INFO] PluginManager:220 - loadIPPluginJar : add openamp
2024-05-11 17:51:03,269 [INFO] IPUIPlugin:80 - create IPUIPlugin
2024-05-11 17:51:03,269 [INFO] PluginManager:220 - loadIPPluginJar : add pdm2pcm
2024-05-11 17:51:03,281 [INFO] IPUIPlugin:80 - create IPUIPlugin
2024-05-11 17:51:03,284 [INFO] PluginManager:220 - loadIPPluginJar : add plateformsettings
2024-05-11 17:51:03,303 [INFO] IPUIPlugin:80 - create IPUIPlugin
2024-05-11 17:51:03,303 [INFO] PluginManager:220 - loadIPPluginJar : add quadspi
2024-05-11 17:51:03,315 [INFO] IPUIPlugin:80 - create IPUIPlugin
2024-05-11 17:51:03,315 [INFO] PluginManager:220 - loadIPPluginJar : add resmgrutility
2024-05-11 17:51:03,355 [INFO] IPUIPlugin:80 - create IPUIPlugin
2024-05-11 17:51:03,355 [INFO] PluginManager:220 - loadIPPluginJar : add sai
2024-05-11 17:51:03,386 [INFO] IPUIPlugin:80 - create IPUIPlugin
2024-05-11 17:51:03,386 [INFO] PluginManager:220 - loadIPPluginJar : add spi
2024-05-11 17:51:03,447 [INFO] IPUIPlugin:80 - create IPUIPlugin
2024-05-11 17:51:03,447 [INFO] PluginManager:220 - loadIPPluginJar : add stm32_wpan
2024-05-11 17:51:03,466 [INFO] IPUIPlugin:80 - create IPUIPlugin
2024-05-11 17:51:03,466 [INFO] PluginManager:220 - loadIPPluginJar : add tim
2024-05-11 17:51:03,514 [INFO] IPUIPlugin:80 - create IPUIPlugin
2024-05-11 17:51:03,514 [INFO] PluginManager:220 - loadIPPluginJar : add touchsensing
2024-05-11 17:51:03,534 [INFO] IPUIPlugin:80 - create IPUIPlugin
2024-05-11 17:51:03,534 [INFO] PluginManager:220 - loadIPPluginJar : add tracer_emb
2024-05-11 17:51:03,555 [INFO] IPUIPlugin:80 - create IPUIPlugin
2024-05-11 17:51:03,555 [INFO] PluginManager:220 - loadIPPluginJar : add ts
2024-05-11 17:51:03,573 [INFO] IPUIPlugin:80 - create IPUIPlugin
2024-05-11 17:51:03,573 [INFO] PluginManager:220 - loadIPPluginJar : add tsc
2024-05-11 17:51:03,592 [INFO] IPUIPlugin:80 - create IPUIPlugin
2024-05-11 17:51:03,592 [INFO] PluginManager:220 - loadIPPluginJar : add ucpd
2024-05-11 17:51:03,631 [INFO] IPUIPlugin:80 - create IPUIPlugin
2024-05-11 17:51:03,631 [INFO] PluginManager:220 - loadIPPluginJar : add usart
2024-05-11 17:51:03,669 [INFO] IPUIPlugin:80 - create IPUIPlugin
2024-05-11 17:51:03,669 [INFO] PluginManager:220 - loadIPPluginJar : add usbx
2024-05-11 17:51:03,792 [INFO] CADModel:165 - CPN selected for project level
2024-05-11 17:51:03,792 [INFO] CADModel:114 - Register for checkConnection events
2024-05-11 17:51:03,793 [FATAL] Updater:308 - Updater called before beeing initialized
2024-05-11 17:51:03,793 [ERROR] CADModel:125 - Updater not yet initialized, retry later 
2024-05-11 17:51:03,916 [INFO] CADModel:165 - CPN selected for project level
2024-05-11 17:51:03,916 [INFO] CADModel:114 - Register for checkConnection events
2024-05-11 17:51:03,916 [FATAL] Updater:308 - Updater called before beeing initialized
2024-05-11 17:51:03,916 [ERROR] CADModel:125 - Updater not yet initialized, retry later 
2024-05-11 17:51:03,920 [FATAL] Updater:308 - Updater called before beeing initialized
2024-05-11 17:51:04,057 [FATAL] Updater:308 - Updater called before beeing initialized
2024-05-11 17:51:04,071 [INFO] DbMcusAds:53 - JSON generation date=Wed Nov 29 17:52:27 ICT 2023 (1701255147349)
2024-05-11 17:51:04,071 [FATAL] Updater:308 - Updater called before beeing initialized
2024-05-11 17:51:04,141 [WARN] DetailPanel:346 - Failed to get advertising image, set to default
2024-05-11 17:51:04,231 [FATAL] Updater:308 - Updater called before beeing initialized
2024-05-11 17:51:04,233 [FATAL] Updater:308 - Updater called before beeing initialized
2024-05-11 17:51:04,233 [FATAL] Updater:308 - Updater called before beeing initialized
2024-05-11 17:51:04,233 [WARN] DetailPanel:346 - Failed to get advertising image, set to default
2024-05-11 17:51:04,234 [FATAL] Updater:308 - Updater called before beeing initialized
2024-05-11 17:51:04,297 [ERROR] Updater:1120 - MainUpdater not yet initialized. External WinMGr cannot be set.
2024-05-11 17:51:04,307 [INFO] Updater:1056 - Updater Version found : 6.10.0
2024-05-11 17:51:04,325 [INFO] ApplicationProperties:184 - Using Application install path: G:\stm32cubeide\stm32cubeide114\STM32CubeIDE_1.14.0\STM32CubeIDE\plugins\com.st.stm32cube.common.mx_6.10.0.202311202037
2024-05-11 17:51:04,596 [INFO] ThirdPartyUpdaterWithRetryManager:70 - Updater plugin not ready yet. [2/15]
2024-05-11 17:51:05,156 [INFO] MainUpdater:2873 - connection check result : 10
2024-05-11 17:51:05,157 [INFO] MainUpdater:290 - Updater Check For Update Now.
2024-05-11 17:51:05,157 [INFO] MicroXplorer:498 - Change Database Version : DB.6.0.100
2024-05-11 17:51:05,176 [INFO] McuFinderGlobals:63 - Set McuFinder mode to 2 (CubeIDE integrated)
2024-05-11 17:51:05,365 [INFO] CheckServerUpdateThread:120 - End of CheckServer Thread
2024-05-11 17:51:06,023 [INFO] UserAuth:404 - Internet connection configuration mode: 1
2024-05-11 17:51:06,043 [INFO] JxBrowserEngine:152 - Initiate JxBrowser Engine with user profile folder
2024-05-11 17:51:07,970 [WARN] PackLoader:240 - Cannot read IP mode file for STMicroelectronics.FP-SNS-MOTENVWB1.1.4.0
2024-05-11 17:51:08,031 [WARN] PackLoader:240 - Cannot read IP mode file for STMicroelectronics.X-CUBE-SMBUS.2.1.0
2024-05-11 17:51:08,053 [INFO] WebApp:161 - Instantiating new browser for Auth
2024-05-11 17:51:08,205 [WARN] PackLoader:240 - Cannot read IP mode file for STMicroelectronics.X-CUBE-TOUCHGFX.4.23.1
2024-05-11 17:51:08,235 [WARN] PackLoader:240 - Cannot read IP mode file for STMicroelectronics.X-CUBE-TOUCHGFX.4.23.0
2024-05-11 17:51:08,254 [WARN] PackLoader:240 - Cannot read IP mode file for STMicroelectronics.X-CUBE-TOUCHGFX.4.23.2
2024-05-11 17:51:08,306 [WARN] PackLoader:240 - Cannot read IP mode file for STMicroelectronics.X-CUBE-AZRTOS-F7.1.1.0
2024-05-11 17:51:08,326 [WARN] PackLoader:240 - Cannot read IP mode file for STMicroelectronics.FP-SNS-MOTENV1.4.3.2
2024-05-11 17:51:08,343 [WARN] PackLoader:240 - Cannot read IP mode file for STMicroelectronics.FP-SNS-FLIGHT1.5.0.2
2024-05-11 17:51:08,362 [WARN] PackLoader:240 - Cannot read IP mode file for STMicroelectronics.X-CUBE-DISPLAY.3.0.0
2024-05-11 17:51:08,379 [WARN] PackLoader:240 - Cannot read IP mode file for STMicroelectronics.X-CUBE-BLE1.7.0.0
2024-05-11 17:51:08,393 [WARN] PackLoader:240 - Cannot read IP mode file for emotas.I-CUBE-CANOPEN.1.3.0
2024-05-11 17:51:08,405 [WARN] PackLoader:240 - Cannot read IP mode file for STMicroelectronics.X-CUBE-TOUCHGFX.4.22.1
2024-05-11 17:51:08,423 [WARN] PackLoader:240 - Cannot read IP mode file for STMicroelectronics.X-CUBE-BLEMGR.3.1.0
2024-05-11 17:51:08,437 [WARN] PackLoader:240 - Cannot read IP mode file for STMicroelectronics.FP-SNS-SMARTAG2.1.2.0
2024-05-11 17:51:08,458 [INFO] LogOutputStream:77 - [STDOUT_REDIRECT] 1 : Invalid condition id : UX_CORESTACK_Condition cause : null
2024-05-11 17:51:08,459 [INFO] LogOutputStream:77 - [STDOUT_REDIRECT] 1 : Invalid condition id : UX_CORESTACK_Condition cause : null
2024-05-11 17:51:08,460 [INFO] LogOutputStream:77 - [STDOUT_REDIRECT] 1 : Invalid condition id : UX_CORESTACK_Condition cause : null
2024-05-11 17:51:08,462 [INFO] LogOutputStream:77 - [STDOUT_REDIRECT] 1 : Invalid condition id : UX_CORESTACK_Condition cause : null
2024-05-11 17:51:08,463 [INFO] LogOutputStream:77 - [STDOUT_REDIRECT] 1 : Invalid condition id : UX_CORESTACK_Condition cause : null
2024-05-11 17:51:08,467 [WARN] PackLoader:240 - Cannot read IP mode file for STMicroelectronics.X-CUBE-AZRTOS-WL.2.0.0
2024-05-11 17:51:08,483 [WARN] PackLoader:240 - Cannot read IP mode file for STMicroelectronics.FP-SNS-MOTENV1.5.0.0
2024-05-11 17:51:08,504 [WARN] PackLoader:240 - Cannot read IP mode file for WES.I-CUBE-Cesium.1.3.0
2024-05-11 17:51:08,518 [WARN] PackLoader:240 - Cannot read IP mode file for STMicroelectronics.X-CUBE-BLE2.3.3.0
2024-05-11 17:51:08,536 [WARN] PackLoader:240 - Cannot read IP mode file for STMicroelectronics.X-CUBE-TCPP.4.1.0
2024-05-11 17:51:08,551 [WARN] PackLoader:240 - Cannot read IP mode file for STMicroelectronics.X-CUBE-ALGOBUILD.1.3.0
2024-05-11 17:51:08,585 [WARN] PackLoader:240 - Cannot read IP mode file for STMicroelectronics.X-CUBE-AZRTOS-G0.1.1.0
2024-05-11 17:51:08,605 [WARN] PackLoader:240 - Cannot read IP mode file for STMicroelectronics.X-CUBE-SAFEA1.1.2.2
2024-05-11 17:51:08,623 [WARN] PackLoader:240 - Cannot read IP mode file for STMicroelectronics.X-CUBE-NFC4.3.0.0
2024-05-11 17:51:08,651 [WARN] PackLoader:240 - Cannot read IP mode file for STMicroelectronics.X-CUBE-BLEMGR.3.0.0
2024-05-11 17:51:08,670 [WARN] PackLoader:240 - Cannot read IP mode file for STMicroelectronics.FP-ATR-SIGFOX1.3.2.0
2024-05-11 17:51:08,684 [WARN] PackLoader:240 - Cannot read IP mode file for STMicroelectronics.X-CUBE-EEPRMA1.5.1.0
2024-05-11 17:51:08,720 [WARN] PackLoader:240 - Cannot read IP mode file for SEGGER.I-CUBE-embOS.1.3.1
2024-05-11 17:51:08,756 [WARN] PackLoader:240 - Cannot read IP mode file for STMicroelectronics.X-CUBE-ALGOBUILD.1.4.0
2024-05-11 17:51:08,766 [WARN] PackLoader:240 - Cannot read IP mode file for STMicroelectronics.X-CUBE-GNSS1.6.0.0
2024-05-11 17:51:08,788 [WARN] PackLoader:240 - Cannot read IP mode file for STMicroelectronics.X-CUBE-AZRTOS-F4.1.1.0
2024-05-11 17:51:08,801 [WARN] PackLoader:240 - Cannot read IP mode file for wolfSSL.I-CUBE-wolfSSL.5.6.3
2024-05-11 17:51:08,812 [WARN] PackLoader:240 - Cannot read IP mode file for STMicroelectronics.X-CUBE-FREERTOS.1.2.0
2024-05-11 17:51:08,884 [WARN] PackLoader:240 - Cannot read IP mode file for STMicroelectronics.X-CUBE-AZRTOS-L5.2.0.0
2024-05-11 17:51:09,049 [WARN] PackLoader:240 - Cannot read IP mode file for STMicroelectronics.X-CUBE-MEMS1.9.6.0
2024-05-11 17:51:09,238 [WARN] PackLoader:240 - Cannot read IP mode file for STMicroelectronics.X-CUBE-EEPRMA1.4.2.0
2024-05-11 17:51:09,258 [WARN] PackLoader:240 - Cannot read IP mode file for STMicroelectronics.X-CUBE-NFC6.3.1.0
2024-05-11 17:51:09,268 [INFO] WebApp:780 - Register for checkConnection events
2024-05-11 17:51:09,268 [INFO] WebApp:414 - Apply proxy settings
2024-05-11 17:51:09,268 [INFO] WebApp:499 - Chromium requires no authentication
2024-05-11 17:51:09,277 [WARN] PackLoader:240 - Cannot read IP mode file for ITTIA_DB.I-CUBE-ITTIADB.8.8.0
2024-05-11 17:51:09,283 [INFO] WebApp:442 - Direct internet connection detected
2024-05-11 17:51:09,298 [WARN] PackLoader:240 - Cannot read IP mode file for STMicroelectronics.X-CUBE-BLEMGR.2.0.0
2024-05-11 17:51:09,317 [WARN] PackLoader:240 - Cannot read IP mode file for STMicroelectronics.X-CUBE-AI.9.0.0
2024-05-11 17:51:09,379 [WARN] ConditionMgr:438 - getConditionDescription Invalid condition id : UX DEVICE CLASS RTOS Condition cause : null
2024-05-11 17:51:09,379 [WARN] ConditionMgr:438 - getConditionDescription Invalid condition id : UX DEVICE CLASS RTOS Condition cause : null
2024-05-11 17:51:09,383 [WARN] PackLoader:240 - Cannot read IP mode file for STMicroelectronics.X-CUBE-AZRTOS-H7.3.1.0
2024-05-11 17:51:09,384 [WARN] ConditionMgr:1039 - genDependencies : Invalid condition id : UX DEVICE CLASS RTOS Condition cause : null
2024-05-11 17:51:09,384 [WARN] ConditionMgr:1039 - genDependencies : Invalid condition id : UX DEVICE CLASS RTOS Condition cause : null
2024-05-11 17:51:09,385 [WARN] ConditionMgr:1039 - genDependencies : Invalid condition id : UX DEVICE CLASS RTOS Condition cause : null
2024-05-11 17:51:09,386 [WARN] ConditionMgr:1039 - genDependencies : Invalid condition id : UX DEVICE CLASS RTOS Condition cause : null
2024-05-11 17:51:09,386 [WARN] ConditionMgr:1039 - genDependencies : Invalid condition id : UX DEVICE CLASS RTOS Condition cause : null
2024-05-11 17:51:09,409 [WARN] PackLoader:240 - Cannot read IP mode file for STMicroelectronics.X-CUBE-NFC7.1.0.1
2024-05-11 17:51:09,428 [WARN] PackLoader:240 - Cannot read IP mode file for STMicroelectronics.X-CUBE-NFC6.3.0.0
2024-05-11 17:51:09,448 [WARN] PackLoader:240 - Cannot read IP mode file for STMicroelectronics.X-CUBE-EEPRMA1.4.1.0
2024-05-11 17:51:09,465 [WARN] PackLoader:240 - Cannot read IP mode file for STMicroelectronics.X-CUBE-AI.8.1.0
2024-05-11 17:51:09,505 [WARN] ConditionMgr:438 - getConditionDescription Invalid condition id : LAN8742 Phy interface Condition cause : null
2024-05-11 17:51:09,507 [WARN] PackLoader:240 - Cannot read IP mode file for STMicroelectronics.X-CUBE-AZRTOS-L4.2.0.0
2024-05-11 17:51:09,508 [WARN] ConditionMgr:1039 - genDependencies : Invalid condition id : LAN8742 Phy interface Condition cause : null
2024-05-11 17:51:09,508 [WARN] ConditionMgr:1039 - genDependencies : Invalid condition id : LAN8742 Phy interface Condition cause : null
2024-05-11 17:51:09,510 [WARN] ConditionMgr:1039 - genDependencies : Invalid condition id : LAN8742 Phy interface Condition cause : null
2024-05-11 17:51:09,529 [WARN] PackLoader:240 - Cannot read IP mode file for STMicroelectronics.X-CUBE-SFXS2LP1.4.0.0
2024-05-11 17:51:09,543 [WARN] PackLoader:240 - Cannot read IP mode file for STMicroelectronics.X-CUBE-ISPU.1.1.0
2024-05-11 17:51:09,570 [WARN] ConditionMgr:438 - getConditionDescription Invalid condition id : UX DEVICE CLASS RTOS Condition cause : null
2024-05-11 17:51:09,570 [WARN] ConditionMgr:438 - getConditionDescription Invalid condition id : UX DEVICE CLASS RTOS Condition cause : null
2024-05-11 17:51:09,573 [WARN] PackLoader:240 - Cannot read IP mode file for STMicroelectronics.X-CUBE-AZRTOS-WB.2.0.0
2024-05-11 17:51:09,573 [WARN] ConditionMgr:1039 - genDependencies : Invalid condition id : UX DEVICE CLASS RTOS Condition cause : null
2024-05-11 17:51:09,574 [WARN] ConditionMgr:1039 - genDependencies : Invalid condition id : UX DEVICE CLASS RTOS Condition cause : null
2024-05-11 17:51:09,574 [WARN] ConditionMgr:1039 - genDependencies : Invalid condition id : UX DEVICE CLASS RTOS Condition cause : null
2024-05-11 17:51:09,574 [WARN] ConditionMgr:1039 - genDependencies : Invalid condition id : UX DEVICE CLASS RTOS Condition cause : null
2024-05-11 17:51:09,574 [WARN] ConditionMgr:1039 - genDependencies : Invalid condition id : UX DEVICE CLASS RTOS Condition cause : null
2024-05-11 17:51:09,594 [WARN] PackLoader:240 - Cannot read IP mode file for STMicroelectronics.X-CUBE-SUBG2.5.0.0
2024-05-11 17:51:09,627 [INFO] WebApp:192 - Starting web application
2024-05-11 17:51:09,627 [INFO] WebApp:544 - Web application path used G:\stm32cubeide\stm32cubeide114\STM32CubeIDE_1.14.0\STM32CubeIDE\plugins\com.st.stm32cube.common.mx_6.10.0.202311202037\db\plugins\mcufinder\reactClient1\index.html
2024-05-11 17:51:09,630 [WARN] PackLoader:240 - Cannot read IP mode file for STMicroelectronics.X-CUBE-TOF1.3.3.1
2024-05-11 17:51:09,670 [WARN] PackLoader:240 - Cannot read IP mode file for STMicroelectronics.X-CUBE-AZRTOS-G4.2.0.0
2024-05-11 17:51:09,698 [WARN] PackLoader:240 - Cannot read IP mode file for Infineon.AIROC-Wi-Fi-Bluetooth-STM32.1.5.1
2024-05-11 17:51:09,721 [WARN] PackLoader:240 - Cannot read IP mode file for STMicroelectronics.FP-SNS-MOTENVWB1.1.3.0
2024-05-11 17:51:09,747 [WARN] PackLoader:240 - Cannot read IP mode file for STMicroelectronics.FP-SNS-MOTENVWB1.1.3.1
2024-05-11 17:51:09,768 [WARN] PackLoader:240 - Cannot read IP mode file for STMicroelectronics.X-CUBE-ISPU.2.0.0
2024-05-11 17:51:09,841 [WARN] PackLoader:240 - Cannot read IP mode file for STMicroelectronics.X-CUBE-MEMS1.10.0.0
2024-05-11 17:51:10,026 [WARN] PackLoader:240 - Cannot read IP mode file for STMicroelectronics.X-CUBE-FREERTOS.1.1.0
2024-05-11 17:51:10,046 [WARN] PackLoader:240 - Cannot read IP mode file for portGmbH.I-Cube-SoM-uGOAL.1.1.0
2024-05-11 17:51:10,062 [WARN] PackLoader:240 - Cannot read IP mode file for STMicroelectronics.X-CUBE-ALS.1.0.1
2024-05-11 17:51:10,116 [WARN] PackLoader:240 - Cannot read IP mode file for STMicroelectronics.X-CUBE-AZRTOS-H7RS.1.0.0
2024-05-11 17:51:10,140 [WARN] PackLoader:240 - Cannot read IP mode file for STMicroelectronics.FP-ATR-ASTRA1.2.0.0
2024-05-11 17:51:10,173 [WARN] PackLoader:240 - Cannot read IP mode file for STMicroelectronics.X-CUBE-TOF1.3.4.0
2024-05-11 17:51:10,223 [WARN] PackLoader:240 - Cannot read IP mode file for STMicroelectronics.X-CUBE-TOF1.3.4.1
2024-05-11 17:51:10,280 [WARN] PackLoader:240 - Cannot read IP mode file for STMicroelectronics.X-CUBE-AZRTOS-H7.3.2.0
2024-05-11 17:51:10,292 [INFO] ThirdParty:978 - Integrity check success = true
2024-05-11 17:51:10,292 [INFO] IntegrityCheckThread:100 - exiting critical section [integrity check]
2024-05-11 17:51:10,292 [INFO] IntegrityCheckThread:103 - End integrity checks thread
2024-05-11 17:51:31,142 [ERROR] LogOutputStream:75 - [STDERR_REDIRECT] SLF4J: Failed to load class "org.slf4j.impl.StaticLoggerBinder".
2024-05-11 17:51:31,143 [ERROR] LogOutputStream:75 - [STDERR_REDIRECT] SLF4J: Defaulting to no-operation (NOP) logger implementation
2024-05-11 17:51:31,144 [ERROR] LogOutputStream:75 - [STDERR_REDIRECT] SLF4J: See http://www.slf4j.org/codes.html#StaticLoggerBinder for further details.
2024-05-11 17:51:57,167 [ERROR] LogOutputStream:75 - [STDERR_REDIRECT] 
