2024-05-02 13:31:08,918 [INFO] Activator:176 - 


2024-05-02 13:31:08,923 [INFO] Activator:177 - !SESSION log4j initialized
2024-05-02 13:31:16,846 [INFO] LogOutputStream:77 - [STDOUT_REDIRECT] 
2024-05-02 13:31:23,170 [INFO] ApplicationProperties:184 - Using Application install path: G:\stm32cubeide\stm32cubeide114\STM32CubeIDE_1.14.0\STM32CubeIDE\plugins\com.st.stm32cube.common.mx_6.10.0.202311202037
2024-05-02 13:31:23,221 [INFO] DbMcusXml:78 - Set database path to: G:\stm32cubeide\stm32cubeide114\STM32CubeIDE_1.14.0\STM32CubeIDE\plugins\com.st.stm32cube.common.mx_6.10.0.202311202037\\db\/mcu/
2024-05-02 13:31:23,230 [INFO] ApiDb:274 - Set plugin database path to: G:\stm32cubeide\stm32cubeide114\STM32CubeIDE_1.14.0\STM32CubeIDE\plugins\com.st.stm32cube.common.mx_6.10.0.202311202037\\db\/plugins/boardmanager/
2024-05-02 13:31:23,233 [WARN] ApiDb:259 - Overriding images path with different value:  => G:\stm32cubeide\stm32cubeide114\STM32CubeIDE_1.14.0\STM32CubeIDE\plugins\com.st.stm32cube.common.mx_6.10.0.202311202037\\db\/plugins/mcufinder/images/
2024-05-02 13:31:23,290 [INFO] ApiDb:250 - Set database path to: C:\Users\Nghia\.stmcufinder\plugins\mcufinder//mcu/
2024-05-02 13:31:23,293 [INFO] DbMcusAds:125 - Set database path to: C:\Users\Nghia\.stmcufinder\plugins\mcufinder//mcu/
2024-05-02 13:31:23,299 [INFO] CrossReferenceDbSqlite:203 - Set database path to: C:\Users\Nghia\.stmcufinder\plugins\mcufinder//mcu/cs/
2024-05-02 13:31:23,545 [INFO] RulesReader:64 - Compatibility file has been processed (297 Rules)
2024-05-02 13:31:23,635 [INFO] DbMcusXml:78 - Set database path to: G:\stm32cubeide\stm32cubeide114\STM32CubeIDE_1.14.0\STM32CubeIDE\plugins\com.st.stm32cube.common.mx_6.10.0.202311202037\\db\/mcu/
2024-05-02 13:31:23,635 [INFO] ApiDb:274 - Set plugin database path to: G:\stm32cubeide\stm32cubeide114\STM32CubeIDE_1.14.0\STM32CubeIDE\plugins\com.st.stm32cube.common.mx_6.10.0.202311202037\\db\/plugins/boardmanager/
2024-05-02 13:31:23,635 [INFO] ApiDb:261 - Set plugin images path to: G:\stm32cubeide\stm32cubeide114\STM32CubeIDE_1.14.0\STM32CubeIDE\plugins\com.st.stm32cube.common.mx_6.10.0.202311202037\\db\/plugins/mcufinder/images/
2024-05-02 13:31:23,635 [WARN] DbFile:41 - Overriding database path with different value: C:\Users\Nghia\.stmcufinder\plugins\mcufinder/ => C:\Users\Nghia\.stmcufinder\plugins\mcufinder
2024-05-02 13:31:23,636 [INFO] ApiDb:250 - Set database path to: C:\Users\Nghia\.stmcufinder\plugins\mcufinder//mcu/
2024-05-02 13:31:23,636 [WARN] DbFile:41 - Overriding database path with different value: C:\Users\Nghia\.stmcufinder\plugins\mcufinder/ => C:\Users\Nghia\.stmcufinder\plugins\mcufinder
2024-05-02 13:31:23,636 [INFO] DbMcusAds:125 - Set database path to: C:\Users\Nghia\.stmcufinder\plugins\mcufinder//mcu/
2024-05-02 13:31:23,636 [WARN] DbFile:41 - Overriding database path with different value: C:\Users\Nghia\.stmcufinder\plugins\mcufinder/ => C:\Users\Nghia\.stmcufinder\plugins\mcufinder
2024-05-02 13:31:23,636 [WARN] DbFile:41 - Overriding database path with different value: C:\Users\Nghia\.stmcufinder\plugins\mcufinder/ => C:\Users\Nghia\.stmcufinder\plugins\mcufinder
2024-05-02 13:31:23,636 [INFO] CrossReferenceDbSqlite:203 - Set database path to: C:\Users\Nghia\.stmcufinder\plugins\mcufinder//mcu/cs/
2024-05-02 13:31:23,721 [INFO] MainPanel:264 - HeapMemory: 268435456
2024-05-02 13:31:23,825 [INFO] DbMcusXml:78 - Set database path to: G:\stm32cubeide\stm32cubeide114\STM32CubeIDE_1.14.0\STM32CubeIDE\plugins\com.st.stm32cube.common.mx_6.10.0.202311202037\\db\/mcu/
2024-05-02 13:31:23,825 [INFO] ApiDb:274 - Set plugin database path to: G:\stm32cubeide\stm32cubeide114\STM32CubeIDE_1.14.0\STM32CubeIDE\plugins\com.st.stm32cube.common.mx_6.10.0.202311202037\\db\/plugins/boardmanager/
2024-05-02 13:31:23,825 [INFO] ApiDb:261 - Set plugin images path to: G:\stm32cubeide\stm32cubeide114\STM32CubeIDE_1.14.0\STM32CubeIDE\plugins\com.st.stm32cube.common.mx_6.10.0.202311202037\\db\/plugins/mcufinder/images/
2024-05-02 13:31:23,825 [WARN] DbFile:41 - Overriding database path with different value: C:\Users\Nghia\.stmcufinder\plugins\mcufinder/ => C:\Users\Nghia\.stmcufinder\plugins\mcufinder
2024-05-02 13:31:23,826 [INFO] ApiDb:250 - Set database path to: C:\Users\Nghia\.stmcufinder\plugins\mcufinder//mcu/
2024-05-02 13:31:23,826 [WARN] DbFile:41 - Overriding database path with different value: C:\Users\Nghia\.stmcufinder\plugins\mcufinder/ => C:\Users\Nghia\.stmcufinder\plugins\mcufinder
2024-05-02 13:31:23,826 [INFO] DbMcusAds:125 - Set database path to: C:\Users\Nghia\.stmcufinder\plugins\mcufinder//mcu/
2024-05-02 13:31:23,826 [WARN] DbFile:41 - Overriding database path with different value: C:\Users\Nghia\.stmcufinder\plugins\mcufinder/ => C:\Users\Nghia\.stmcufinder\plugins\mcufinder
2024-05-02 13:31:23,826 [WARN] DbFile:41 - Overriding database path with different value: C:\Users\Nghia\.stmcufinder\plugins\mcufinder/ => C:\Users\Nghia\.stmcufinder\plugins\mcufinder
2024-05-02 13:31:23,826 [INFO] CrossReferenceDbSqlite:203 - Set database path to: C:\Users\Nghia\.stmcufinder\plugins\mcufinder//mcu/cs/
2024-05-02 13:31:23,846 [INFO] ApplicationProperties:184 - Using Application install path: G:\stm32cubeide\stm32cubeide114\STM32CubeIDE_1.14.0\STM32CubeIDE\plugins\com.st.stm32cube.common.mx_6.10.0.202311202037
2024-05-02 13:31:23,846 [INFO] PluginManage:196 - Search for loadable plugins [exclusion list=, ]
2024-05-02 13:31:23,848 [INFO] PluginManage:310 - Check plugin analytics
2024-05-02 13:31:28,996 [INFO] AnalyticsPlugin:253 - Accepted Software Licenses: STM32CubeMX.6.8.0,STM32CubeMX.6.1.1
2024-05-02 13:31:28,997 [INFO] AnalyticsPlugin:255 - Accepted CMSIS Pack Licenses: 
2024-05-02 13:31:28,997 [INFO] AnalyticsPlugin:257 - Accepted Firmware Licenses: FW.F4.1.27.0,FW.F4.1.28.0
2024-05-02 13:31:29,002 [INFO] PluginManage:359 - Loaded plugin analytics (category:tool,tabindex:-1)
2024-05-02 13:31:29,003 [INFO] PluginManage:310 - Check plugin cadmodel
2024-05-02 13:31:29,019 [INFO] CADModel:105 - Init CAD model plugin
2024-05-02 13:31:29,020 [INFO] PluginManage:359 - Loaded plugin cadmodel (category:power,tabindex:5)
2024-05-02 13:31:29,020 [INFO] PluginManage:310 - Check plugin clock
2024-05-02 13:31:29,042 [INFO] PluginManage:359 - Loaded plugin clock (category:base,tabindex:2)
2024-05-02 13:31:29,043 [INFO] PluginManage:310 - Check plugin ddr
2024-05-02 13:31:29,046 [INFO] PluginManage:359 - Loaded plugin ddr (category:tool,tabindex:6)
2024-05-02 13:31:29,046 [INFO] PluginManage:310 - Check plugin filemanager
2024-05-02 13:31:29,194 [INFO] PluginManage:359 - Loaded plugin filemanager (category:base,tabindex:10)
2024-05-02 13:31:29,194 [INFO] PluginManage:310 - Check plugin ipmanager
2024-05-02 13:31:29,202 [INFO] PluginManage:359 - Loaded plugin ipmanager (category:base,tabindex:5)
2024-05-02 13:31:29,202 [INFO] PluginManage:310 - Check plugin lpbam
2024-05-02 13:31:29,222 [INFO] PluginManage:359 - Loaded plugin lpbam (category:base,tabindex:0)
2024-05-02 13:31:29,222 [INFO] PluginManage:310 - Check plugin memorymap
2024-05-02 13:31:29,246 [INFO] PluginManage:359 - Loaded plugin memorymap (category:base,tabindex:4)
2024-05-02 13:31:29,247 [INFO] PluginManage:310 - Check plugin pinoutandconfiguration
2024-05-02 13:31:29,264 [INFO] PluginManage:359 - Loaded plugin pinoutandconfiguration (category:base,tabindex:1)
2024-05-02 13:31:29,264 [INFO] PluginManage:310 - Check plugin pinoutconfig
2024-05-02 13:31:29,362 [WARN] SupportedApi:132 - Cannot load RTOS API schema: s4s-elt-must-match.1: The content of 'definitions' must match (annotation?, (simpleType | complexType)?, (unique | key | keyref)*)). A problem was found starting at: attribute.
2024-05-02 13:31:29,504 [INFO] PluginManage:359 - Loaded plugin pinoutconfig (category:base,tabindex:0)
2024-05-02 13:31:29,504 [INFO] PluginManage:310 - Check plugin power
2024-05-02 13:31:29,528 [INFO] PluginManage:359 - Loaded plugin power (category:power,tabindex:4)
2024-05-02 13:31:29,529 [INFO] PluginManage:310 - Check plugin projectmanager
2024-05-02 13:31:29,547 [INFO] PluginManage:359 - Loaded plugin projectmanager (category:projectmanager,tabindex:3)
2024-05-02 13:31:29,548 [INFO] PluginManage:310 - Check plugin thirdparty
2024-05-02 13:31:29,826 [INFO] PluginManage:359 - Loaded plugin thirdparty (category:base,tabindex:-1)
2024-05-02 13:31:29,826 [WARN] IntegrityCheckThread:84 - waiting for thirdparty lock release [integrity check]
2024-05-02 13:31:29,826 [INFO] PluginManage:310 - Check plugin tools
2024-05-02 13:31:29,827 [INFO] IntegrityCheckThread:86 - entering critical section [integrity check]
2024-05-02 13:31:29,827 [INFO] ThirdPartyUpdaterWithRetryManager:70 - Updater plugin not ready yet. [1/15]
2024-05-02 13:31:29,862 [INFO] PluginManage:359 - Loaded plugin tools (category:base,tabindex:7)
2024-05-02 13:31:29,862 [INFO] PluginManage:310 - Check plugin tutovideos
2024-05-02 13:31:30,175 [INFO] PluginManage:359 - Loaded plugin tutovideos (category:base,tabindex:-1)
2024-05-02 13:31:30,178 [INFO] PluginManage:310 - Check plugin updater
2024-05-02 13:31:30,190 [INFO] PluginManage:359 - Loaded plugin updater (category:base,tabindex:12)
2024-05-02 13:31:30,191 [INFO] PluginManage:310 - Check plugin userauth
2024-05-02 13:31:30,196 [INFO] UserAuth:114 - Init User Auth plugin
2024-05-02 13:31:30,196 [INFO] PluginManage:359 - Loaded plugin userauth (category:base,tabindex:14)
2024-05-02 13:31:30,197 [INFO] PluginManage:283 - PluginManage : Loaded plugins [17]
2024-05-02 13:31:30,410 [INFO] PinOutPanel:1499 - setPackage(No Configuration,No Configuration)
2024-05-02 13:31:30,478 [INFO] CADModel:165 - CPN selected for project level
2024-05-02 13:31:30,478 [INFO] CADModel:114 - Register for checkConnection events
2024-05-02 13:31:30,499 [INFO] IPUIPlugin:80 - create IPUIPlugin
2024-05-02 13:31:30,500 [INFO] PluginManager:220 - loadIPPluginJar : add adc
2024-05-02 13:31:30,532 [INFO] IPUIPlugin:80 - create IPUIPlugin
2024-05-02 13:31:30,532 [INFO] PluginManager:220 - loadIPPluginJar : add aes
2024-05-02 13:31:30,568 [INFO] IPUIPlugin:80 - create IPUIPlugin
2024-05-02 13:31:30,568 [INFO] PluginManager:220 - loadIPPluginJar : add can
2024-05-02 13:31:30,588 [INFO] IPUIPlugin:80 - create IPUIPlugin
2024-05-02 13:31:30,588 [INFO] PluginManager:220 - loadIPPluginJar : add comp
2024-05-02 13:31:30,617 [INFO] IPUIPlugin:80 - create IPUIPlugin
2024-05-02 13:31:30,617 [INFO] PluginManager:220 - loadIPPluginJar : add cryp
2024-05-02 13:31:30,646 [INFO] IPUIPlugin:80 - create IPUIPlugin
2024-05-02 13:31:30,646 [INFO] PluginManager:220 - loadIPPluginJar : add dfsdm
2024-05-02 13:31:30,658 [INFO] IPUIPlugin:80 - create IPUIPlugin
2024-05-02 13:31:30,658 [INFO] PluginManager:220 - loadIPPluginJar : add dma
2024-05-02 13:31:30,694 [INFO] IPUIPlugin:80 - create IPUIPlugin
2024-05-02 13:31:30,694 [INFO] PluginManager:220 - loadIPPluginJar : add dma3
2024-05-02 13:31:30,711 [INFO] IPUIPlugin:80 - create IPUIPlugin
2024-05-02 13:31:30,712 [INFO] PluginManager:220 - loadIPPluginJar : add fatfs
2024-05-02 13:31:30,752 [INFO] IPUIPlugin:80 - create IPUIPlugin
2024-05-02 13:31:30,752 [INFO] PluginManager:220 - loadIPPluginJar : add fmc
2024-05-02 13:31:30,765 [INFO] IPUIPlugin:80 - create IPUIPlugin
2024-05-02 13:31:30,765 [INFO] PluginManager:220 - loadIPPluginJar : add freertos
2024-05-02 13:31:30,783 [INFO] IPUIPlugin:80 - create IPUIPlugin
2024-05-02 13:31:30,783 [INFO] PluginManager:220 - loadIPPluginJar : add genericplugin
2024-05-02 13:31:30,869 [INFO] IPUIPlugin:80 - create IPUIPlugin
2024-05-02 13:31:30,869 [INFO] PluginManager:220 - loadIPPluginJar : add gfxmmu
2024-05-02 13:31:30,986 [INFO] IPUIPlugin:80 - create IPUIPlugin
2024-05-02 13:31:30,986 [INFO] PluginManager:220 - loadIPPluginJar : add gic
2024-05-02 13:31:30,997 [INFO] IPUIPlugin:80 - create IPUIPlugin
2024-05-02 13:31:30,997 [INFO] PluginManager:220 - loadIPPluginJar : add gpio
2024-05-02 13:31:31,078 [INFO] IPUIPlugin:80 - create IPUIPlugin
2024-05-02 13:31:31,078 [INFO] PluginManager:220 - loadIPPluginJar : add gtzc
2024-05-02 13:31:31,105 [INFO] IPUIPlugin:80 - create IPUIPlugin
2024-05-02 13:31:31,105 [INFO] PluginManager:220 - loadIPPluginJar : add hash
2024-05-02 13:31:31,149 [INFO] IPUIPlugin:80 - create IPUIPlugin
2024-05-02 13:31:31,149 [INFO] PluginManager:220 - loadIPPluginJar : add i2c
2024-05-02 13:31:31,182 [INFO] IPUIPlugin:80 - create IPUIPlugin
2024-05-02 13:31:31,182 [INFO] PluginManager:220 - loadIPPluginJar : add i2s
2024-05-02 13:31:31,218 [INFO] IPUIPlugin:80 - create IPUIPlugin
2024-05-02 13:31:31,218 [INFO] PluginManager:220 - loadIPPluginJar : add i3c
2024-05-02 13:31:31,313 [INFO] IPUIPlugin:80 - create IPUIPlugin
2024-05-02 13:31:31,313 [INFO] PluginManager:220 - loadIPPluginJar : add ipddr
2024-05-02 13:31:31,395 [INFO] IPUIPlugin:80 - create IPUIPlugin
2024-05-02 13:31:31,395 [INFO] PluginManager:220 - loadIPPluginJar : add linkedlist
2024-05-02 13:31:31,427 [INFO] IPUIPlugin:80 - create IPUIPlugin
2024-05-02 13:31:31,427 [INFO] PluginManager:220 - loadIPPluginJar : add lorawan
2024-05-02 13:31:31,458 [INFO] IPUIPlugin:80 - create IPUIPlugin
2024-05-02 13:31:31,459 [INFO] PluginManager:220 - loadIPPluginJar : add ltdc
2024-05-02 13:31:31,470 [INFO] IPUIPlugin:80 - create IPUIPlugin
2024-05-02 13:31:31,471 [INFO] PluginManager:220 - loadIPPluginJar : add mdma
2024-05-02 13:31:31,481 [INFO] IPUIPlugin:80 - create IPUIPlugin
2024-05-02 13:31:31,481 [INFO] PluginManager:220 - loadIPPluginJar : add nvic
2024-05-02 13:31:31,515 [INFO] IPUIPlugin:80 - create IPUIPlugin
2024-05-02 13:31:31,515 [INFO] PluginManager:220 - loadIPPluginJar : add opamp
2024-05-02 13:31:31,573 [INFO] IPUIPlugin:80 - create IPUIPlugin
2024-05-02 13:31:31,573 [INFO] PluginManager:220 - loadIPPluginJar : add openamp
2024-05-02 13:31:31,609 [INFO] IPUIPlugin:80 - create IPUIPlugin
2024-05-02 13:31:31,609 [INFO] PluginManager:220 - loadIPPluginJar : add pdm2pcm
2024-05-02 13:31:31,621 [INFO] IPUIPlugin:80 - create IPUIPlugin
2024-05-02 13:31:31,622 [INFO] PluginManager:220 - loadIPPluginJar : add plateformsettings
2024-05-02 13:31:31,642 [INFO] IPUIPlugin:80 - create IPUIPlugin
2024-05-02 13:31:31,643 [INFO] PluginManager:220 - loadIPPluginJar : add quadspi
2024-05-02 13:31:31,653 [INFO] IPUIPlugin:80 - create IPUIPlugin
2024-05-02 13:31:31,654 [INFO] PluginManager:220 - loadIPPluginJar : add resmgrutility
2024-05-02 13:31:31,697 [INFO] IPUIPlugin:80 - create IPUIPlugin
2024-05-02 13:31:31,697 [INFO] PluginManager:220 - loadIPPluginJar : add sai
2024-05-02 13:31:31,728 [INFO] IPUIPlugin:80 - create IPUIPlugin
2024-05-02 13:31:31,728 [INFO] PluginManager:220 - loadIPPluginJar : add spi
2024-05-02 13:31:31,787 [INFO] IPUIPlugin:80 - create IPUIPlugin
2024-05-02 13:31:31,787 [INFO] PluginManager:220 - loadIPPluginJar : add stm32_wpan
2024-05-02 13:31:31,807 [INFO] IPUIPlugin:80 - create IPUIPlugin
2024-05-02 13:31:31,807 [INFO] PluginManager:220 - loadIPPluginJar : add tim
2024-05-02 13:31:31,854 [INFO] IPUIPlugin:80 - create IPUIPlugin
2024-05-02 13:31:31,854 [INFO] PluginManager:220 - loadIPPluginJar : add touchsensing
2024-05-02 13:31:31,873 [INFO] IPUIPlugin:80 - create IPUIPlugin
2024-05-02 13:31:31,873 [INFO] PluginManager:220 - loadIPPluginJar : add tracer_emb
2024-05-02 13:31:31,892 [INFO] IPUIPlugin:80 - create IPUIPlugin
2024-05-02 13:31:31,892 [INFO] PluginManager:220 - loadIPPluginJar : add ts
2024-05-02 13:31:31,911 [INFO] IPUIPlugin:80 - create IPUIPlugin
2024-05-02 13:31:31,911 [INFO] PluginManager:220 - loadIPPluginJar : add tsc
2024-05-02 13:31:31,931 [INFO] IPUIPlugin:80 - create IPUIPlugin
2024-05-02 13:31:31,931 [INFO] PluginManager:220 - loadIPPluginJar : add ucpd
2024-05-02 13:31:31,969 [INFO] IPUIPlugin:80 - create IPUIPlugin
2024-05-02 13:31:31,969 [INFO] PluginManager:220 - loadIPPluginJar : add usart
2024-05-02 13:31:32,008 [INFO] IPUIPlugin:80 - create IPUIPlugin
2024-05-02 13:31:32,008 [INFO] PluginManager:220 - loadIPPluginJar : add usbx
2024-05-02 13:31:32,130 [INFO] CADModel:165 - CPN selected for project level
2024-05-02 13:31:32,130 [INFO] CADModel:114 - Register for checkConnection events
2024-05-02 13:31:32,130 [FATAL] Updater:308 - Updater called before beeing initialized
2024-05-02 13:31:32,131 [ERROR] CADModel:125 - Updater not yet initialized, retry later 
2024-05-02 13:31:32,251 [INFO] CADModel:165 - CPN selected for project level
2024-05-02 13:31:32,251 [INFO] CADModel:114 - Register for checkConnection events
2024-05-02 13:31:32,251 [FATAL] Updater:308 - Updater called before beeing initialized
2024-05-02 13:31:32,251 [ERROR] CADModel:125 - Updater not yet initialized, retry later 
2024-05-02 13:31:32,254 [FATAL] Updater:308 - Updater called before beeing initialized
2024-05-02 13:31:32,360 [FATAL] Updater:308 - Updater called before beeing initialized
2024-05-02 13:31:32,368 [INFO] DbMcusAds:53 - JSON generation date=Wed Nov 29 17:52:27 ICT 2023 (1701255147349)
2024-05-02 13:31:32,368 [FATAL] Updater:308 - Updater called before beeing initialized
2024-05-02 13:31:32,437 [WARN] DetailPanel:346 - Failed to get advertising image, set to default
2024-05-02 13:31:32,518 [FATAL] Updater:308 - Updater called before beeing initialized
2024-05-02 13:31:32,520 [FATAL] Updater:308 - Updater called before beeing initialized
2024-05-02 13:31:32,520 [FATAL] Updater:308 - Updater called before beeing initialized
2024-05-02 13:31:32,520 [WARN] DetailPanel:346 - Failed to get advertising image, set to default
2024-05-02 13:31:32,521 [FATAL] Updater:308 - Updater called before beeing initialized
2024-05-02 13:31:32,578 [ERROR] Updater:1120 - MainUpdater not yet initialized. External WinMGr cannot be set.
2024-05-02 13:31:32,588 [INFO] Updater:1056 - Updater Version found : 6.10.0
2024-05-02 13:31:32,604 [INFO] ApplicationProperties:184 - Using Application install path: G:\stm32cubeide\stm32cubeide114\STM32CubeIDE_1.14.0\STM32CubeIDE\plugins\com.st.stm32cube.common.mx_6.10.0.202311202037
2024-05-02 13:31:32,828 [INFO] ThirdPartyUpdaterWithRetryManager:70 - Updater plugin not ready yet. [2/15]
2024-05-02 13:31:33,220 [INFO] MainUpdater:2873 - connection check result : 10
2024-05-02 13:31:33,221 [INFO] MainUpdater:290 - Updater Check For Update Now.
2024-05-02 13:31:33,221 [INFO] MicroXplorer:498 - Change Database Version : DB.6.0.100
2024-05-02 13:31:33,237 [INFO] McuFinderGlobals:63 - Set McuFinder mode to 2 (CubeIDE integrated)
2024-05-02 13:31:33,435 [INFO] CheckServerUpdateThread:120 - End of CheckServer Thread
2024-05-02 13:31:33,880 [INFO] UserAuth:404 - Internet connection configuration mode: 1
2024-05-02 13:31:33,899 [INFO] JxBrowserEngine:152 - Initiate JxBrowser Engine with user profile folder
2024-05-02 13:31:35,985 [WARN] PackLoader:240 - Cannot read IP mode file for STMicroelectronics.FP-SNS-MOTENVWB1.1.4.0
2024-05-02 13:31:36,004 [WARN] PackLoader:240 - Cannot read IP mode file for STMicroelectronics.X-CUBE-SMBUS.2.1.0
2024-05-02 13:31:36,018 [WARN] PackLoader:240 - Cannot read IP mode file for STMicroelectronics.X-CUBE-TOUCHGFX.4.23.1
2024-05-02 13:31:36,028 [WARN] PackLoader:240 - Cannot read IP mode file for STMicroelectronics.X-CUBE-TOUCHGFX.4.23.0
2024-05-02 13:31:36,037 [WARN] PackLoader:240 - Cannot read IP mode file for STMicroelectronics.X-CUBE-TOUCHGFX.4.23.2
2024-05-02 13:31:36,074 [WARN] PackLoader:240 - Cannot read IP mode file for STMicroelectronics.X-CUBE-AZRTOS-F7.1.1.0
2024-05-02 13:31:36,095 [WARN] PackLoader:240 - Cannot read IP mode file for STMicroelectronics.FP-SNS-MOTENV1.4.3.2
2024-05-02 13:31:36,109 [WARN] PackLoader:240 - Cannot read IP mode file for STMicroelectronics.FP-SNS-FLIGHT1.5.0.2
2024-05-02 13:31:36,137 [WARN] PackLoader:240 - Cannot read IP mode file for STMicroelectronics.X-CUBE-DISPLAY.3.0.0
2024-05-02 13:31:36,159 [WARN] PackLoader:240 - Cannot read IP mode file for STMicroelectronics.X-CUBE-BLE1.7.0.0
2024-05-02 13:31:36,175 [WARN] PackLoader:240 - Cannot read IP mode file for emotas.I-CUBE-CANOPEN.1.3.0
2024-05-02 13:31:36,189 [WARN] PackLoader:240 - Cannot read IP mode file for STMicroelectronics.X-CUBE-TOUCHGFX.4.22.1
2024-05-02 13:31:36,207 [WARN] PackLoader:240 - Cannot read IP mode file for STMicroelectronics.X-CUBE-BLEMGR.3.1.0
2024-05-02 13:31:36,223 [WARN] PackLoader:240 - Cannot read IP mode file for STMicroelectronics.FP-SNS-SMARTAG2.1.2.0
2024-05-02 13:31:36,240 [INFO] LogOutputStream:77 - [STDOUT_REDIRECT] 1 : Invalid condition id : UX_CORESTACK_Condition cause : null
2024-05-02 13:31:36,240 [INFO] LogOutputStream:77 - [STDOUT_REDIRECT] 1 : Invalid condition id : UX_CORESTACK_Condition cause : null
2024-05-02 13:31:36,241 [INFO] LogOutputStream:77 - [STDOUT_REDIRECT] 1 : Invalid condition id : UX_CORESTACK_Condition cause : null
2024-05-02 13:31:36,242 [INFO] LogOutputStream:77 - [STDOUT_REDIRECT] 1 : Invalid condition id : UX_CORESTACK_Condition cause : null
2024-05-02 13:31:36,243 [INFO] LogOutputStream:77 - [STDOUT_REDIRECT] 1 : Invalid condition id : UX_CORESTACK_Condition cause : null
2024-05-02 13:31:36,245 [WARN] PackLoader:240 - Cannot read IP mode file for STMicroelectronics.X-CUBE-AZRTOS-WL.2.0.0
2024-05-02 13:31:36,258 [WARN] PackLoader:240 - Cannot read IP mode file for STMicroelectronics.FP-SNS-MOTENV1.5.0.0
2024-05-02 13:31:36,272 [WARN] PackLoader:240 - Cannot read IP mode file for WES.I-CUBE-Cesium.1.3.0
2024-05-02 13:31:36,281 [WARN] PackLoader:240 - Cannot read IP mode file for STMicroelectronics.X-CUBE-BLE2.3.3.0
2024-05-02 13:31:36,292 [WARN] PackLoader:240 - Cannot read IP mode file for STMicroelectronics.X-CUBE-TCPP.4.1.0
2024-05-02 13:31:36,308 [WARN] PackLoader:240 - Cannot read IP mode file for STMicroelectronics.X-CUBE-ALGOBUILD.1.3.0
2024-05-02 13:31:36,337 [WARN] PackLoader:240 - Cannot read IP mode file for STMicroelectronics.X-CUBE-AZRTOS-G0.1.1.0
2024-05-02 13:31:36,354 [WARN] PackLoader:240 - Cannot read IP mode file for STMicroelectronics.X-CUBE-SAFEA1.1.2.2
2024-05-02 13:31:36,370 [WARN] PackLoader:240 - Cannot read IP mode file for STMicroelectronics.X-CUBE-NFC4.3.0.0
2024-05-02 13:31:36,385 [WARN] PackLoader:240 - Cannot read IP mode file for STMicroelectronics.X-CUBE-BLEMGR.3.0.0
2024-05-02 13:31:36,399 [WARN] PackLoader:240 - Cannot read IP mode file for STMicroelectronics.FP-ATR-SIGFOX1.3.2.0
2024-05-02 13:31:36,412 [WARN] PackLoader:240 - Cannot read IP mode file for STMicroelectronics.X-CUBE-EEPRMA1.5.1.0
2024-05-02 13:31:36,449 [WARN] PackLoader:240 - Cannot read IP mode file for SEGGER.I-CUBE-embOS.1.3.1
2024-05-02 13:31:36,496 [WARN] PackLoader:240 - Cannot read IP mode file for STMicroelectronics.X-CUBE-GNSS1.6.0.0
2024-05-02 13:31:36,528 [WARN] PackLoader:240 - Cannot read IP mode file for STMicroelectronics.X-CUBE-AZRTOS-F4.1.1.0
2024-05-02 13:31:36,545 [WARN] PackLoader:240 - Cannot read IP mode file for wolfSSL.I-CUBE-wolfSSL.5.6.3
2024-05-02 13:31:36,623 [WARN] PackLoader:240 - Cannot read IP mode file for STMicroelectronics.X-CUBE-FREERTOS.1.2.0
2024-05-02 13:31:36,696 [WARN] PackLoader:240 - Cannot read IP mode file for STMicroelectronics.X-CUBE-AZRTOS-L5.2.0.0
2024-05-02 13:31:36,900 [WARN] PackLoader:240 - Cannot read IP mode file for STMicroelectronics.X-CUBE-MEMS1.9.6.0
2024-05-02 13:31:37,077 [WARN] PackLoader:240 - Cannot read IP mode file for STMicroelectronics.X-CUBE-EEPRMA1.4.2.0
2024-05-02 13:31:37,101 [WARN] PackLoader:240 - Cannot read IP mode file for STMicroelectronics.X-CUBE-NFC6.3.1.0
2024-05-02 13:31:37,130 [WARN] PackLoader:240 - Cannot read IP mode file for ITTIA_DB.I-CUBE-ITTIADB.8.8.0
2024-05-02 13:31:37,170 [WARN] PackLoader:240 - Cannot read IP mode file for STMicroelectronics.X-CUBE-BLEMGR.2.0.0
2024-05-02 13:31:37,199 [WARN] PackLoader:240 - Cannot read IP mode file for STMicroelectronics.X-CUBE-AI.9.0.0
2024-05-02 13:31:37,244 [WARN] ConditionMgr:438 - getConditionDescription Invalid condition id : UX DEVICE CLASS RTOS Condition cause : null
2024-05-02 13:31:37,245 [WARN] ConditionMgr:438 - getConditionDescription Invalid condition id : UX DEVICE CLASS RTOS Condition cause : null
2024-05-02 13:31:37,248 [WARN] PackLoader:240 - Cannot read IP mode file for STMicroelectronics.X-CUBE-AZRTOS-H7.3.1.0
2024-05-02 13:31:37,250 [WARN] ConditionMgr:1039 - genDependencies : Invalid condition id : UX DEVICE CLASS RTOS Condition cause : null
2024-05-02 13:31:37,250 [WARN] ConditionMgr:1039 - genDependencies : Invalid condition id : UX DEVICE CLASS RTOS Condition cause : null
2024-05-02 13:31:37,251 [WARN] ConditionMgr:1039 - genDependencies : Invalid condition id : UX DEVICE CLASS RTOS Condition cause : null
2024-05-02 13:31:37,251 [WARN] ConditionMgr:1039 - genDependencies : Invalid condition id : UX DEVICE CLASS RTOS Condition cause : null
2024-05-02 13:31:37,251 [WARN] ConditionMgr:1039 - genDependencies : Invalid condition id : UX DEVICE CLASS RTOS Condition cause : null
2024-05-02 13:31:37,289 [WARN] PackLoader:240 - Cannot read IP mode file for STMicroelectronics.X-CUBE-NFC7.1.0.1
2024-05-02 13:31:37,310 [WARN] PackLoader:240 - Cannot read IP mode file for STMicroelectronics.X-CUBE-NFC6.3.0.0
2024-05-02 13:31:37,329 [WARN] PackLoader:240 - Cannot read IP mode file for STMicroelectronics.X-CUBE-EEPRMA1.4.1.0
2024-05-02 13:31:37,348 [WARN] PackLoader:240 - Cannot read IP mode file for STMicroelectronics.X-CUBE-AI.8.1.0
2024-05-02 13:31:37,388 [WARN] ConditionMgr:438 - getConditionDescription Invalid condition id : LAN8742 Phy interface Condition cause : null
2024-05-02 13:31:37,389 [WARN] PackLoader:240 - Cannot read IP mode file for STMicroelectronics.X-CUBE-AZRTOS-L4.2.0.0
2024-05-02 13:31:37,390 [WARN] ConditionMgr:1039 - genDependencies : Invalid condition id : LAN8742 Phy interface Condition cause : null
2024-05-02 13:31:37,390 [WARN] ConditionMgr:1039 - genDependencies : Invalid condition id : LAN8742 Phy interface Condition cause : null
2024-05-02 13:31:37,391 [WARN] ConditionMgr:1039 - genDependencies : Invalid condition id : LAN8742 Phy interface Condition cause : null
2024-05-02 13:31:37,416 [WARN] PackLoader:240 - Cannot read IP mode file for STMicroelectronics.X-CUBE-SFXS2LP1.4.0.0
2024-05-02 13:31:37,461 [WARN] PackLoader:240 - Cannot read IP mode file for STMicroelectronics.X-CUBE-ISPU.1.1.0
2024-05-02 13:31:37,491 [WARN] ConditionMgr:438 - getConditionDescription Invalid condition id : UX DEVICE CLASS RTOS Condition cause : null
2024-05-02 13:31:37,492 [WARN] ConditionMgr:438 - getConditionDescription Invalid condition id : UX DEVICE CLASS RTOS Condition cause : null
2024-05-02 13:31:37,494 [WARN] PackLoader:240 - Cannot read IP mode file for STMicroelectronics.X-CUBE-AZRTOS-WB.2.0.0
2024-05-02 13:31:37,495 [WARN] ConditionMgr:1039 - genDependencies : Invalid condition id : UX DEVICE CLASS RTOS Condition cause : null
2024-05-02 13:31:37,495 [WARN] ConditionMgr:1039 - genDependencies : Invalid condition id : UX DEVICE CLASS RTOS Condition cause : null
2024-05-02 13:31:37,496 [WARN] ConditionMgr:1039 - genDependencies : Invalid condition id : UX DEVICE CLASS RTOS Condition cause : null
2024-05-02 13:31:37,496 [WARN] ConditionMgr:1039 - genDependencies : Invalid condition id : UX DEVICE CLASS RTOS Condition cause : null
2024-05-02 13:31:37,496 [WARN] ConditionMgr:1039 - genDependencies : Invalid condition id : UX DEVICE CLASS RTOS Condition cause : null
2024-05-02 13:31:37,505 [INFO] WebApp:161 - Instantiating new browser for Auth
2024-05-02 13:31:37,526 [WARN] PackLoader:240 - Cannot read IP mode file for STMicroelectronics.X-CUBE-SUBG2.5.0.0
2024-05-02 13:31:37,558 [WARN] PackLoader:240 - Cannot read IP mode file for STMicroelectronics.X-CUBE-TOF1.3.3.1
2024-05-02 13:31:37,618 [WARN] PackLoader:240 - Cannot read IP mode file for STMicroelectronics.X-CUBE-AZRTOS-G4.2.0.0
2024-05-02 13:31:37,649 [WARN] PackLoader:240 - Cannot read IP mode file for Infineon.AIROC-Wi-Fi-Bluetooth-STM32.1.5.1
2024-05-02 13:31:37,678 [WARN] PackLoader:240 - Cannot read IP mode file for STMicroelectronics.FP-SNS-MOTENVWB1.1.3.0
2024-05-02 13:31:37,717 [WARN] PackLoader:240 - Cannot read IP mode file for STMicroelectronics.FP-SNS-MOTENVWB1.1.3.1
2024-05-02 13:31:37,735 [WARN] PackLoader:240 - Cannot read IP mode file for STMicroelectronics.X-CUBE-ISPU.2.0.0
2024-05-02 13:31:37,849 [WARN] PackLoader:240 - Cannot read IP mode file for STMicroelectronics.X-CUBE-MEMS1.10.0.0
2024-05-02 13:31:38,022 [WARN] PackLoader:240 - Cannot read IP mode file for STMicroelectronics.X-CUBE-FREERTOS.1.1.0
2024-05-02 13:31:38,041 [WARN] PackLoader:240 - Cannot read IP mode file for portGmbH.I-Cube-SoM-uGOAL.1.1.0
2024-05-02 13:31:38,059 [WARN] PackLoader:240 - Cannot read IP mode file for STMicroelectronics.X-CUBE-ALS.1.0.1
2024-05-02 13:31:38,095 [WARN] PackLoader:240 - Cannot read IP mode file for STMicroelectronics.X-CUBE-AZRTOS-H7RS.1.0.0
2024-05-02 13:31:38,111 [WARN] PackLoader:240 - Cannot read IP mode file for STMicroelectronics.FP-ATR-ASTRA1.2.0.0
2024-05-02 13:31:38,129 [WARN] PackLoader:240 - Cannot read IP mode file for STMicroelectronics.X-CUBE-TOF1.3.4.0
2024-05-02 13:31:38,161 [WARN] PackLoader:240 - Cannot read IP mode file for STMicroelectronics.X-CUBE-TOF1.3.4.1
2024-05-02 13:31:38,219 [WARN] PackLoader:240 - Cannot read IP mode file for STMicroelectronics.X-CUBE-AZRTOS-H7.3.2.0
2024-05-02 13:31:38,224 [INFO] ThirdParty:978 - Integrity check success = true
2024-05-02 13:31:38,224 [INFO] IntegrityCheckThread:100 - exiting critical section [integrity check]
2024-05-02 13:31:38,224 [INFO] IntegrityCheckThread:103 - End integrity checks thread
2024-05-02 13:31:38,477 [INFO] WebApp:780 - Register for checkConnection events
2024-05-02 13:31:38,478 [INFO] WebApp:414 - Apply proxy settings
2024-05-02 13:31:38,478 [INFO] WebApp:499 - Chromium requires no authentication
2024-05-02 13:31:38,484 [INFO] WebApp:442 - Direct internet connection detected
2024-05-02 13:31:38,637 [INFO] WebApp:192 - Starting web application
2024-05-02 13:31:38,637 [INFO] WebApp:544 - Web application path used G:\stm32cubeide\stm32cubeide114\STM32CubeIDE_1.14.0\STM32CubeIDE\plugins\com.st.stm32cube.common.mx_6.10.0.202311202037\db\plugins\mcufinder\reactClient1\index.html
2024-05-02 13:31:59,592 [ERROR] LogOutputStream:75 - [STDERR_REDIRECT] SLF4J: Failed to load class "org.slf4j.impl.StaticLoggerBinder".
2024-05-02 13:31:59,593 [ERROR] LogOutputStream:75 - [STDERR_REDIRECT] SLF4J: Defaulting to no-operation (NOP) logger implementation
2024-05-02 13:31:59,594 [ERROR] LogOutputStream:75 - [STDERR_REDIRECT] SLF4J: See http://www.slf4j.org/codes.html#StaticLoggerBinder for further details.
