2024-05-07 17:24:28,051 [INFO] Activator:176 - 


2024-05-07 17:24:28,056 [INFO] Activator:177 - !SESSION log4j initialized
2024-05-07 17:24:34,937 [INFO] LogOutputStream:77 - [STDOUT_REDIRECT] 
2024-05-07 17:24:41,346 [INFO] ApplicationProperties:184 - Using Application install path: G:\stm32cubeide\stm32cubeide114\STM32CubeIDE_1.14.0\STM32CubeIDE\plugins\com.st.stm32cube.common.mx_6.10.0.202311202037
2024-05-07 17:24:41,366 [INFO] DbMcusXml:78 - Set database path to: G:\stm32cubeide\stm32cubeide114\STM32CubeIDE_1.14.0\STM32CubeIDE\plugins\com.st.stm32cube.common.mx_6.10.0.202311202037\\db\/mcu/
2024-05-07 17:24:41,366 [INFO] ApiDb:274 - Set plugin database path to: G:\stm32cubeide\stm32cubeide114\STM32CubeIDE_1.14.0\STM32CubeIDE\plugins\com.st.stm32cube.common.mx_6.10.0.202311202037\\db\/plugins/boardmanager/
2024-05-07 17:24:41,366 [WARN] ApiDb:259 - Overriding images path with different value:  => G:\stm32cubeide\stm32cubeide114\STM32CubeIDE_1.14.0\STM32CubeIDE\plugins\com.st.stm32cube.common.mx_6.10.0.202311202037\\db\/plugins/mcufinder/images/
2024-05-07 17:24:41,375 [INFO] ApiDb:250 - Set database path to: C:\Users\Nghia\.stmcufinder\plugins\mcufinder//mcu/
2024-05-07 17:24:41,378 [INFO] DbMcusAds:125 - Set database path to: C:\Users\Nghia\.stmcufinder\plugins\mcufinder//mcu/
2024-05-07 17:24:41,380 [INFO] CrossReferenceDbSqlite:203 - Set database path to: C:\Users\Nghia\.stmcufinder\plugins\mcufinder//mcu/cs/
2024-05-07 17:24:41,504 [INFO] RulesReader:64 - Compatibility file has been processed (297 Rules)
2024-05-07 17:24:41,610 [INFO] DbMcusXml:78 - Set database path to: G:\stm32cubeide\stm32cubeide114\STM32CubeIDE_1.14.0\STM32CubeIDE\plugins\com.st.stm32cube.common.mx_6.10.0.202311202037\\db\/mcu/
2024-05-07 17:24:41,610 [INFO] ApiDb:274 - Set plugin database path to: G:\stm32cubeide\stm32cubeide114\STM32CubeIDE_1.14.0\STM32CubeIDE\plugins\com.st.stm32cube.common.mx_6.10.0.202311202037\\db\/plugins/boardmanager/
2024-05-07 17:24:41,610 [INFO] ApiDb:261 - Set plugin images path to: G:\stm32cubeide\stm32cubeide114\STM32CubeIDE_1.14.0\STM32CubeIDE\plugins\com.st.stm32cube.common.mx_6.10.0.202311202037\\db\/plugins/mcufinder/images/
2024-05-07 17:24:41,611 [WARN] DbFile:41 - Overriding database path with different value: C:\Users\Nghia\.stmcufinder\plugins\mcufinder/ => C:\Users\Nghia\.stmcufinder\plugins\mcufinder
2024-05-07 17:24:41,611 [INFO] ApiDb:250 - Set database path to: C:\Users\Nghia\.stmcufinder\plugins\mcufinder//mcu/
2024-05-07 17:24:41,611 [WARN] DbFile:41 - Overriding database path with different value: C:\Users\Nghia\.stmcufinder\plugins\mcufinder/ => C:\Users\Nghia\.stmcufinder\plugins\mcufinder
2024-05-07 17:24:41,611 [INFO] DbMcusAds:125 - Set database path to: C:\Users\Nghia\.stmcufinder\plugins\mcufinder//mcu/
2024-05-07 17:24:41,611 [WARN] DbFile:41 - Overriding database path with different value: C:\Users\Nghia\.stmcufinder\plugins\mcufinder/ => C:\Users\Nghia\.stmcufinder\plugins\mcufinder
2024-05-07 17:24:41,611 [WARN] DbFile:41 - Overriding database path with different value: C:\Users\Nghia\.stmcufinder\plugins\mcufinder/ => C:\Users\Nghia\.stmcufinder\plugins\mcufinder
2024-05-07 17:24:41,611 [INFO] CrossReferenceDbSqlite:203 - Set database path to: C:\Users\Nghia\.stmcufinder\plugins\mcufinder//mcu/cs/
2024-05-07 17:24:41,714 [INFO] MainPanel:264 - HeapMemory: 268435456
2024-05-07 17:24:41,830 [INFO] DbMcusXml:78 - Set database path to: G:\stm32cubeide\stm32cubeide114\STM32CubeIDE_1.14.0\STM32CubeIDE\plugins\com.st.stm32cube.common.mx_6.10.0.202311202037\\db\/mcu/
2024-05-07 17:24:41,830 [INFO] ApiDb:274 - Set plugin database path to: G:\stm32cubeide\stm32cubeide114\STM32CubeIDE_1.14.0\STM32CubeIDE\plugins\com.st.stm32cube.common.mx_6.10.0.202311202037\\db\/plugins/boardmanager/
2024-05-07 17:24:41,830 [INFO] ApiDb:261 - Set plugin images path to: G:\stm32cubeide\stm32cubeide114\STM32CubeIDE_1.14.0\STM32CubeIDE\plugins\com.st.stm32cube.common.mx_6.10.0.202311202037\\db\/plugins/mcufinder/images/
2024-05-07 17:24:41,830 [WARN] DbFile:41 - Overriding database path with different value: C:\Users\Nghia\.stmcufinder\plugins\mcufinder/ => C:\Users\Nghia\.stmcufinder\plugins\mcufinder
2024-05-07 17:24:41,830 [INFO] ApiDb:250 - Set database path to: C:\Users\Nghia\.stmcufinder\plugins\mcufinder//mcu/
2024-05-07 17:24:41,831 [WARN] DbFile:41 - Overriding database path with different value: C:\Users\Nghia\.stmcufinder\plugins\mcufinder/ => C:\Users\Nghia\.stmcufinder\plugins\mcufinder
2024-05-07 17:24:41,831 [INFO] DbMcusAds:125 - Set database path to: C:\Users\Nghia\.stmcufinder\plugins\mcufinder//mcu/
2024-05-07 17:24:41,831 [WARN] DbFile:41 - Overriding database path with different value: C:\Users\Nghia\.stmcufinder\plugins\mcufinder/ => C:\Users\Nghia\.stmcufinder\plugins\mcufinder
2024-05-07 17:24:41,831 [WARN] DbFile:41 - Overriding database path with different value: C:\Users\Nghia\.stmcufinder\plugins\mcufinder/ => C:\Users\Nghia\.stmcufinder\plugins\mcufinder
2024-05-07 17:24:41,831 [INFO] CrossReferenceDbSqlite:203 - Set database path to: C:\Users\Nghia\.stmcufinder\plugins\mcufinder//mcu/cs/
2024-05-07 17:24:41,853 [INFO] ApplicationProperties:184 - Using Application install path: G:\stm32cubeide\stm32cubeide114\STM32CubeIDE_1.14.0\STM32CubeIDE\plugins\com.st.stm32cube.common.mx_6.10.0.202311202037
2024-05-07 17:24:41,857 [INFO] PluginManage:196 - Search for loadable plugins [exclusion list=, ]
2024-05-07 17:24:41,858 [INFO] PluginManage:310 - Check plugin analytics
2024-05-07 17:24:47,172 [INFO] AnalyticsPlugin:253 - Accepted Software Licenses: STM32CubeMX.6.8.0,STM32CubeMX.6.1.1
2024-05-07 17:24:47,174 [INFO] AnalyticsPlugin:255 - Accepted CMSIS Pack Licenses: 
2024-05-07 17:24:47,180 [INFO] AnalyticsPlugin:257 - Accepted Firmware Licenses: FW.F4.1.27.0,FW.F4.1.28.0
2024-05-07 17:24:47,193 [INFO] PluginManage:359 - Loaded plugin analytics (category:tool,tabindex:-1)
2024-05-07 17:24:47,193 [INFO] PluginManage:310 - Check plugin cadmodel
2024-05-07 17:24:47,219 [INFO] CADModel:105 - Init CAD model plugin
2024-05-07 17:24:47,219 [INFO] PluginManage:359 - Loaded plugin cadmodel (category:power,tabindex:5)
2024-05-07 17:24:47,219 [INFO] PluginManage:310 - Check plugin clock
2024-05-07 17:24:47,289 [INFO] PluginManage:359 - Loaded plugin clock (category:base,tabindex:2)
2024-05-07 17:24:47,289 [INFO] PluginManage:310 - Check plugin ddr
2024-05-07 17:24:47,304 [INFO] PluginManage:359 - Loaded plugin ddr (category:tool,tabindex:6)
2024-05-07 17:24:47,305 [INFO] PluginManage:310 - Check plugin filemanager
2024-05-07 17:24:47,724 [INFO] PluginManage:359 - Loaded plugin filemanager (category:base,tabindex:10)
2024-05-07 17:24:47,724 [INFO] PluginManage:310 - Check plugin ipmanager
2024-05-07 17:24:47,735 [INFO] PluginManage:359 - Loaded plugin ipmanager (category:base,tabindex:5)
2024-05-07 17:24:47,735 [INFO] PluginManage:310 - Check plugin lpbam
2024-05-07 17:24:47,749 [INFO] PluginManage:359 - Loaded plugin lpbam (category:base,tabindex:0)
2024-05-07 17:24:47,749 [INFO] PluginManage:310 - Check plugin memorymap
2024-05-07 17:24:47,774 [INFO] PluginManage:359 - Loaded plugin memorymap (category:base,tabindex:4)
2024-05-07 17:24:47,774 [INFO] PluginManage:310 - Check plugin pinoutandconfiguration
2024-05-07 17:24:47,784 [INFO] PluginManage:359 - Loaded plugin pinoutandconfiguration (category:base,tabindex:1)
2024-05-07 17:24:47,784 [INFO] PluginManage:310 - Check plugin pinoutconfig
2024-05-07 17:24:47,906 [WARN] SupportedApi:132 - Cannot load RTOS API schema: s4s-elt-must-match.1: The content of 'definitions' must match (annotation?, (simpleType | complexType)?, (unique | key | keyref)*)). A problem was found starting at: attribute.
2024-05-07 17:24:48,109 [INFO] PluginManage:359 - Loaded plugin pinoutconfig (category:base,tabindex:0)
2024-05-07 17:24:48,109 [INFO] PluginManage:310 - Check plugin power
2024-05-07 17:24:48,130 [INFO] PluginManage:359 - Loaded plugin power (category:power,tabindex:4)
2024-05-07 17:24:48,130 [INFO] PluginManage:310 - Check plugin projectmanager
2024-05-07 17:24:48,161 [INFO] PluginManage:359 - Loaded plugin projectmanager (category:projectmanager,tabindex:3)
2024-05-07 17:24:48,161 [INFO] PluginManage:310 - Check plugin thirdparty
2024-05-07 17:24:48,336 [WARN] IntegrityCheckThread:84 - waiting for thirdparty lock release [integrity check]
2024-05-07 17:24:48,336 [INFO] PluginManage:359 - Loaded plugin thirdparty (category:base,tabindex:-1)
2024-05-07 17:24:48,336 [INFO] IntegrityCheckThread:86 - entering critical section [integrity check]
2024-05-07 17:24:48,336 [INFO] PluginManage:310 - Check plugin tools
2024-05-07 17:24:48,337 [INFO] ThirdPartyUpdaterWithRetryManager:70 - Updater plugin not ready yet. [1/15]
2024-05-07 17:24:48,339 [INFO] PluginManage:359 - Loaded plugin tools (category:base,tabindex:7)
2024-05-07 17:24:48,339 [INFO] PluginManage:310 - Check plugin tutovideos
2024-05-07 17:24:48,615 [INFO] PluginManage:359 - Loaded plugin tutovideos (category:base,tabindex:-1)
2024-05-07 17:24:48,615 [INFO] PluginManage:310 - Check plugin updater
2024-05-07 17:24:48,631 [INFO] PluginManage:359 - Loaded plugin updater (category:base,tabindex:12)
2024-05-07 17:24:48,632 [INFO] PluginManage:310 - Check plugin userauth
2024-05-07 17:24:48,644 [INFO] UserAuth:114 - Init User Auth plugin
2024-05-07 17:24:48,644 [INFO] PluginManage:359 - Loaded plugin userauth (category:base,tabindex:14)
2024-05-07 17:24:48,645 [INFO] PluginManage:283 - PluginManage : Loaded plugins [17]
2024-05-07 17:24:49,186 [INFO] PinOutPanel:1499 - setPackage(No Configuration,No Configuration)
2024-05-07 17:24:49,610 [INFO] CADModel:165 - CPN selected for project level
2024-05-07 17:24:49,610 [INFO] CADModel:114 - Register for checkConnection events
2024-05-07 17:24:49,658 [INFO] IPUIPlugin:80 - create IPUIPlugin
2024-05-07 17:24:49,658 [INFO] PluginManager:220 - loadIPPluginJar : add adc
2024-05-07 17:24:49,663 [INFO] IPUIPlugin:80 - create IPUIPlugin
2024-05-07 17:24:49,664 [INFO] PluginManager:220 - loadIPPluginJar : add aes
2024-05-07 17:24:49,669 [INFO] IPUIPlugin:80 - create IPUIPlugin
2024-05-07 17:24:49,669 [INFO] PluginManager:220 - loadIPPluginJar : add can
2024-05-07 17:24:49,672 [INFO] IPUIPlugin:80 - create IPUIPlugin
2024-05-07 17:24:49,673 [INFO] PluginManager:220 - loadIPPluginJar : add comp
2024-05-07 17:24:49,679 [INFO] IPUIPlugin:80 - create IPUIPlugin
2024-05-07 17:24:49,679 [INFO] PluginManager:220 - loadIPPluginJar : add cryp
2024-05-07 17:24:49,684 [INFO] IPUIPlugin:80 - create IPUIPlugin
2024-05-07 17:24:49,685 [INFO] PluginManager:220 - loadIPPluginJar : add dfsdm
2024-05-07 17:24:49,692 [INFO] IPUIPlugin:80 - create IPUIPlugin
2024-05-07 17:24:49,693 [INFO] PluginManager:220 - loadIPPluginJar : add dma
2024-05-07 17:24:49,695 [INFO] IPUIPlugin:80 - create IPUIPlugin
2024-05-07 17:24:49,695 [INFO] PluginManager:220 - loadIPPluginJar : add dma3
2024-05-07 17:24:49,697 [INFO] IPUIPlugin:80 - create IPUIPlugin
2024-05-07 17:24:49,698 [INFO] PluginManager:220 - loadIPPluginJar : add fatfs
2024-05-07 17:24:49,702 [INFO] IPUIPlugin:80 - create IPUIPlugin
2024-05-07 17:24:49,702 [INFO] PluginManager:220 - loadIPPluginJar : add fmc
2024-05-07 17:24:49,707 [INFO] IPUIPlugin:80 - create IPUIPlugin
2024-05-07 17:24:49,707 [INFO] PluginManager:220 - loadIPPluginJar : add freertos
2024-05-07 17:24:49,709 [INFO] IPUIPlugin:80 - create IPUIPlugin
2024-05-07 17:24:49,710 [INFO] PluginManager:220 - loadIPPluginJar : add genericplugin
2024-05-07 17:24:49,712 [INFO] IPUIPlugin:80 - create IPUIPlugin
2024-05-07 17:24:49,712 [INFO] PluginManager:220 - loadIPPluginJar : add gfxmmu
2024-05-07 17:24:49,717 [INFO] IPUIPlugin:80 - create IPUIPlugin
2024-05-07 17:24:49,717 [INFO] PluginManager:220 - loadIPPluginJar : add gic
2024-05-07 17:24:49,720 [INFO] IPUIPlugin:80 - create IPUIPlugin
2024-05-07 17:24:49,720 [INFO] PluginManager:220 - loadIPPluginJar : add gpio
2024-05-07 17:24:49,723 [INFO] IPUIPlugin:80 - create IPUIPlugin
2024-05-07 17:24:49,723 [INFO] PluginManager:220 - loadIPPluginJar : add gtzc
2024-05-07 17:24:49,726 [INFO] IPUIPlugin:80 - create IPUIPlugin
2024-05-07 17:24:49,726 [INFO] PluginManager:220 - loadIPPluginJar : add hash
2024-05-07 17:24:49,728 [INFO] IPUIPlugin:80 - create IPUIPlugin
2024-05-07 17:24:49,728 [INFO] PluginManager:220 - loadIPPluginJar : add i2c
2024-05-07 17:24:49,731 [INFO] IPUIPlugin:80 - create IPUIPlugin
2024-05-07 17:24:49,732 [INFO] PluginManager:220 - loadIPPluginJar : add i2s
2024-05-07 17:24:49,734 [INFO] IPUIPlugin:80 - create IPUIPlugin
2024-05-07 17:24:49,734 [INFO] PluginManager:220 - loadIPPluginJar : add i3c
2024-05-07 17:24:49,738 [INFO] IPUIPlugin:80 - create IPUIPlugin
2024-05-07 17:24:49,738 [INFO] PluginManager:220 - loadIPPluginJar : add ipddr
2024-05-07 17:24:49,745 [INFO] IPUIPlugin:80 - create IPUIPlugin
2024-05-07 17:24:49,745 [INFO] PluginManager:220 - loadIPPluginJar : add linkedlist
2024-05-07 17:24:49,747 [INFO] IPUIPlugin:80 - create IPUIPlugin
2024-05-07 17:24:49,747 [INFO] PluginManager:220 - loadIPPluginJar : add lorawan
2024-05-07 17:24:49,749 [INFO] IPUIPlugin:80 - create IPUIPlugin
2024-05-07 17:24:49,749 [INFO] PluginManager:220 - loadIPPluginJar : add ltdc
2024-05-07 17:24:49,755 [INFO] IPUIPlugin:80 - create IPUIPlugin
2024-05-07 17:24:49,755 [INFO] PluginManager:220 - loadIPPluginJar : add mdma
2024-05-07 17:24:49,760 [INFO] IPUIPlugin:80 - create IPUIPlugin
2024-05-07 17:24:49,760 [INFO] PluginManager:220 - loadIPPluginJar : add nvic
2024-05-07 17:24:49,762 [INFO] IPUIPlugin:80 - create IPUIPlugin
2024-05-07 17:24:49,762 [INFO] PluginManager:220 - loadIPPluginJar : add opamp
2024-05-07 17:24:49,766 [INFO] IPUIPlugin:80 - create IPUIPlugin
2024-05-07 17:24:49,766 [INFO] PluginManager:220 - loadIPPluginJar : add openamp
2024-05-07 17:24:49,769 [INFO] IPUIPlugin:80 - create IPUIPlugin
2024-05-07 17:24:49,769 [INFO] PluginManager:220 - loadIPPluginJar : add pdm2pcm
2024-05-07 17:24:49,775 [INFO] IPUIPlugin:80 - create IPUIPlugin
2024-05-07 17:24:49,777 [INFO] PluginManager:220 - loadIPPluginJar : add plateformsettings
2024-05-07 17:24:49,780 [INFO] IPUIPlugin:80 - create IPUIPlugin
2024-05-07 17:24:49,780 [INFO] PluginManager:220 - loadIPPluginJar : add quadspi
2024-05-07 17:24:49,783 [INFO] IPUIPlugin:80 - create IPUIPlugin
2024-05-07 17:24:49,784 [INFO] PluginManager:220 - loadIPPluginJar : add resmgrutility
2024-05-07 17:24:49,788 [INFO] IPUIPlugin:80 - create IPUIPlugin
2024-05-07 17:24:49,788 [INFO] PluginManager:220 - loadIPPluginJar : add sai
2024-05-07 17:24:49,790 [INFO] IPUIPlugin:80 - create IPUIPlugin
2024-05-07 17:24:49,790 [INFO] PluginManager:220 - loadIPPluginJar : add spi
2024-05-07 17:24:49,796 [INFO] IPUIPlugin:80 - create IPUIPlugin
2024-05-07 17:24:49,796 [INFO] PluginManager:220 - loadIPPluginJar : add stm32_wpan
2024-05-07 17:24:49,798 [INFO] IPUIPlugin:80 - create IPUIPlugin
2024-05-07 17:24:49,798 [INFO] PluginManager:220 - loadIPPluginJar : add tim
2024-05-07 17:24:49,802 [INFO] IPUIPlugin:80 - create IPUIPlugin
2024-05-07 17:24:49,802 [INFO] PluginManager:220 - loadIPPluginJar : add touchsensing
2024-05-07 17:24:49,804 [INFO] IPUIPlugin:80 - create IPUIPlugin
2024-05-07 17:24:49,804 [INFO] PluginManager:220 - loadIPPluginJar : add tracer_emb
2024-05-07 17:24:49,806 [INFO] IPUIPlugin:80 - create IPUIPlugin
2024-05-07 17:24:49,807 [INFO] PluginManager:220 - loadIPPluginJar : add ts
2024-05-07 17:24:49,809 [INFO] IPUIPlugin:80 - create IPUIPlugin
2024-05-07 17:24:49,810 [INFO] PluginManager:220 - loadIPPluginJar : add tsc
2024-05-07 17:24:49,813 [INFO] IPUIPlugin:80 - create IPUIPlugin
2024-05-07 17:24:49,814 [INFO] PluginManager:220 - loadIPPluginJar : add ucpd
2024-05-07 17:24:49,818 [INFO] IPUIPlugin:80 - create IPUIPlugin
2024-05-07 17:24:49,818 [INFO] PluginManager:220 - loadIPPluginJar : add usart
2024-05-07 17:24:49,823 [INFO] IPUIPlugin:80 - create IPUIPlugin
2024-05-07 17:24:49,823 [INFO] PluginManager:220 - loadIPPluginJar : add usbx
2024-05-07 17:24:49,972 [INFO] CADModel:165 - CPN selected for project level
2024-05-07 17:24:49,972 [INFO] CADModel:114 - Register for checkConnection events
2024-05-07 17:24:49,972 [FATAL] Updater:308 - Updater called before beeing initialized
2024-05-07 17:24:49,973 [ERROR] CADModel:125 - Updater not yet initialized, retry later 
2024-05-07 17:24:50,128 [INFO] CADModel:165 - CPN selected for project level
2024-05-07 17:24:50,129 [INFO] CADModel:114 - Register for checkConnection events
2024-05-07 17:24:50,129 [FATAL] Updater:308 - Updater called before beeing initialized
2024-05-07 17:24:50,129 [ERROR] CADModel:125 - Updater not yet initialized, retry later 
2024-05-07 17:24:50,131 [FATAL] Updater:308 - Updater called before beeing initialized
2024-05-07 17:24:50,303 [FATAL] Updater:308 - Updater called before beeing initialized
2024-05-07 17:24:50,308 [INFO] DbMcusAds:53 - JSON generation date=Wed Nov 29 17:52:27 ICT 2023 (1701255147349)
2024-05-07 17:24:50,309 [FATAL] Updater:308 - Updater called before beeing initialized
2024-05-07 17:24:50,363 [WARN] DetailPanel:346 - Failed to get advertising image, set to default
2024-05-07 17:24:50,482 [FATAL] Updater:308 - Updater called before beeing initialized
2024-05-07 17:24:50,483 [FATAL] Updater:308 - Updater called before beeing initialized
2024-05-07 17:24:50,483 [FATAL] Updater:308 - Updater called before beeing initialized
2024-05-07 17:24:50,483 [WARN] DetailPanel:346 - Failed to get advertising image, set to default
2024-05-07 17:24:50,484 [FATAL] Updater:308 - Updater called before beeing initialized
2024-05-07 17:24:50,537 [ERROR] Updater:1120 - MainUpdater not yet initialized. External WinMGr cannot be set.
2024-05-07 17:24:50,539 [INFO] Updater:1056 - Updater Version found : 6.10.0
2024-05-07 17:24:50,561 [INFO] ApplicationProperties:184 - Using Application install path: G:\stm32cubeide\stm32cubeide114\STM32CubeIDE_1.14.0\STM32CubeIDE\plugins\com.st.stm32cube.common.mx_6.10.0.202311202037
2024-05-07 17:24:51,167 [INFO] MainUpdater:2873 - connection check result : 10
2024-05-07 17:24:51,170 [INFO] MainUpdater:290 - Updater Check For Update Now.
2024-05-07 17:24:51,171 [INFO] MicroXplorer:498 - Change Database Version : DB.6.0.100
2024-05-07 17:24:51,181 [INFO] McuFinderGlobals:63 - Set McuFinder mode to 2 (CubeIDE integrated)
2024-05-07 17:24:51,338 [WARN] MainUpdater:1194 - Updater busy. Cannot search thirdparties
2024-05-07 17:24:51,338 [INFO] ThirdPartyUpdaterWithRetryManager:96 - Updater plugin is busy. [1/15]
2024-05-07 17:24:51,380 [INFO] CheckServerUpdateThread:120 - End of CheckServer Thread
2024-05-07 17:24:51,909 [INFO] UserAuth:404 - Internet connection configuration mode: 1
2024-05-07 17:24:51,935 [INFO] JxBrowserEngine:152 - Initiate JxBrowser Engine with user profile folder
2024-05-07 17:24:53,054 [INFO] WebApp:161 - Instantiating new browser for Auth
2024-05-07 17:24:53,886 [INFO] WebApp:780 - Register for checkConnection events
2024-05-07 17:24:53,886 [INFO] WebApp:414 - Apply proxy settings
2024-05-07 17:24:53,886 [INFO] WebApp:499 - Chromium requires no authentication
2024-05-07 17:24:53,893 [INFO] WebApp:442 - Direct internet connection detected
2024-05-07 17:24:54,087 [INFO] WebApp:192 - Starting web application
2024-05-07 17:24:54,088 [INFO] WebApp:544 - Web application path used G:\stm32cubeide\stm32cubeide114\STM32CubeIDE_1.14.0\STM32CubeIDE\plugins\com.st.stm32cube.common.mx_6.10.0.202311202037\db\plugins\mcufinder\reactClient1\index.html
2024-05-07 17:24:55,213 [WARN] PackLoader:240 - Cannot read IP mode file for STMicroelectronics.FP-SNS-MOTENVWB1.1.4.0
2024-05-07 17:24:55,226 [WARN] PackLoader:240 - Cannot read IP mode file for STMicroelectronics.X-CUBE-SMBUS.2.1.0
2024-05-07 17:24:55,232 [WARN] PackLoader:240 - Cannot read IP mode file for STMicroelectronics.X-CUBE-TOUCHGFX.4.23.1
2024-05-07 17:24:55,235 [WARN] PackLoader:240 - Cannot read IP mode file for STMicroelectronics.X-CUBE-TOUCHGFX.4.23.0
2024-05-07 17:24:55,241 [WARN] PackLoader:240 - Cannot read IP mode file for STMicroelectronics.X-CUBE-TOUCHGFX.4.23.2
2024-05-07 17:24:55,297 [WARN] PackLoader:240 - Cannot read IP mode file for STMicroelectronics.X-CUBE-AZRTOS-F7.1.1.0
2024-05-07 17:24:55,313 [WARN] PackLoader:240 - Cannot read IP mode file for STMicroelectronics.FP-SNS-MOTENV1.4.3.2
2024-05-07 17:24:55,325 [WARN] PackLoader:240 - Cannot read IP mode file for STMicroelectronics.FP-SNS-FLIGHT1.5.0.2
2024-05-07 17:24:55,352 [WARN] PackLoader:240 - Cannot read IP mode file for STMicroelectronics.X-CUBE-DISPLAY.3.0.0
2024-05-07 17:24:55,376 [WARN] PackLoader:240 - Cannot read IP mode file for STMicroelectronics.X-CUBE-BLE1.7.0.0
2024-05-07 17:24:55,386 [WARN] PackLoader:240 - Cannot read IP mode file for emotas.I-CUBE-CANOPEN.1.3.0
2024-05-07 17:24:55,397 [WARN] PackLoader:240 - Cannot read IP mode file for STMicroelectronics.X-CUBE-TOUCHGFX.4.22.1
2024-05-07 17:24:55,414 [WARN] PackLoader:240 - Cannot read IP mode file for STMicroelectronics.X-CUBE-BLEMGR.3.1.0
2024-05-07 17:24:55,427 [WARN] PackLoader:240 - Cannot read IP mode file for STMicroelectronics.FP-SNS-SMARTAG2.1.2.0
2024-05-07 17:24:55,442 [INFO] LogOutputStream:77 - [STDOUT_REDIRECT] 1 : Invalid condition id : UX_CORESTACK_Condition cause : null
2024-05-07 17:24:55,443 [INFO] LogOutputStream:77 - [STDOUT_REDIRECT] 1 : Invalid condition id : UX_CORESTACK_Condition cause : null
2024-05-07 17:24:55,444 [INFO] LogOutputStream:77 - [STDOUT_REDIRECT] 1 : Invalid condition id : UX_CORESTACK_Condition cause : null
2024-05-07 17:24:55,447 [INFO] LogOutputStream:77 - [STDOUT_REDIRECT] 1 : Invalid condition id : UX_CORESTACK_Condition cause : null
2024-05-07 17:24:55,448 [INFO] LogOutputStream:77 - [STDOUT_REDIRECT] 1 : Invalid condition id : UX_CORESTACK_Condition cause : null
2024-05-07 17:24:55,452 [WARN] PackLoader:240 - Cannot read IP mode file for STMicroelectronics.X-CUBE-AZRTOS-WL.2.0.0
2024-05-07 17:24:55,462 [WARN] PackLoader:240 - Cannot read IP mode file for STMicroelectronics.FP-SNS-MOTENV1.5.0.0
2024-05-07 17:24:55,476 [WARN] PackLoader:240 - Cannot read IP mode file for WES.I-CUBE-Cesium.1.3.0
2024-05-07 17:24:55,483 [WARN] PackLoader:240 - Cannot read IP mode file for STMicroelectronics.X-CUBE-BLE2.3.3.0
2024-05-07 17:24:55,491 [WARN] PackLoader:240 - Cannot read IP mode file for STMicroelectronics.X-CUBE-TCPP.4.1.0
2024-05-07 17:24:55,503 [WARN] PackLoader:240 - Cannot read IP mode file for STMicroelectronics.X-CUBE-ALGOBUILD.1.3.0
2024-05-07 17:24:55,538 [WARN] PackLoader:240 - Cannot read IP mode file for STMicroelectronics.X-CUBE-AZRTOS-G0.1.1.0
2024-05-07 17:24:55,577 [WARN] PackLoader:240 - Cannot read IP mode file for STMicroelectronics.X-CUBE-SAFEA1.1.2.2
2024-05-07 17:24:55,594 [WARN] PackLoader:240 - Cannot read IP mode file for STMicroelectronics.X-CUBE-NFC4.3.0.0
2024-05-07 17:24:55,627 [WARN] PackLoader:240 - Cannot read IP mode file for STMicroelectronics.X-CUBE-BLEMGR.3.0.0
2024-05-07 17:24:55,638 [WARN] PackLoader:240 - Cannot read IP mode file for STMicroelectronics.FP-ATR-SIGFOX1.3.2.0
2024-05-07 17:24:55,650 [WARN] PackLoader:240 - Cannot read IP mode file for STMicroelectronics.X-CUBE-EEPRMA1.5.1.0
2024-05-07 17:24:55,716 [WARN] PackLoader:240 - Cannot read IP mode file for SEGGER.I-CUBE-embOS.1.3.1
2024-05-07 17:24:55,784 [WARN] PackLoader:240 - Cannot read IP mode file for STMicroelectronics.X-CUBE-GNSS1.6.0.0
2024-05-07 17:24:55,811 [WARN] PackLoader:240 - Cannot read IP mode file for STMicroelectronics.X-CUBE-AZRTOS-F4.1.1.0
2024-05-07 17:24:55,822 [WARN] PackLoader:240 - Cannot read IP mode file for wolfSSL.I-CUBE-wolfSSL.5.6.3
2024-05-07 17:24:55,830 [WARN] PackLoader:240 - Cannot read IP mode file for STMicroelectronics.X-CUBE-FREERTOS.1.2.0
2024-05-07 17:24:55,850 [WARN] PackLoader:240 - Cannot read IP mode file for STMicroelectronics.X-CUBE-AZRTOS-L5.2.0.0
2024-05-07 17:24:55,913 [WARN] PackLoader:240 - Cannot read IP mode file for STMicroelectronics.X-CUBE-MEMS1.9.6.0
2024-05-07 17:24:56,539 [WARN] PackLoader:240 - Cannot read IP mode file for STMicroelectronics.X-CUBE-EEPRMA1.4.2.0
2024-05-07 17:24:56,586 [WARN] PackLoader:240 - Cannot read IP mode file for STMicroelectronics.X-CUBE-NFC6.3.1.0
2024-05-07 17:24:56,603 [WARN] PackLoader:240 - Cannot read IP mode file for ITTIA_DB.I-CUBE-ITTIADB.8.8.0
2024-05-07 17:24:56,616 [WARN] PackLoader:240 - Cannot read IP mode file for STMicroelectronics.X-CUBE-BLEMGR.2.0.0
2024-05-07 17:24:56,629 [WARN] PackLoader:240 - Cannot read IP mode file for STMicroelectronics.X-CUBE-AI.9.0.0
2024-05-07 17:24:56,658 [WARN] ConditionMgr:438 - getConditionDescription Invalid condition id : UX DEVICE CLASS RTOS Condition cause : null
2024-05-07 17:24:56,659 [WARN] ConditionMgr:438 - getConditionDescription Invalid condition id : UX DEVICE CLASS RTOS Condition cause : null
2024-05-07 17:24:56,664 [WARN] PackLoader:240 - Cannot read IP mode file for STMicroelectronics.X-CUBE-AZRTOS-H7.3.1.0
2024-05-07 17:24:56,665 [WARN] ConditionMgr:1039 - genDependencies : Invalid condition id : UX DEVICE CLASS RTOS Condition cause : null
2024-05-07 17:24:56,665 [WARN] ConditionMgr:1039 - genDependencies : Invalid condition id : UX DEVICE CLASS RTOS Condition cause : null
2024-05-07 17:24:56,666 [WARN] ConditionMgr:1039 - genDependencies : Invalid condition id : UX DEVICE CLASS RTOS Condition cause : null
2024-05-07 17:24:56,666 [WARN] ConditionMgr:1039 - genDependencies : Invalid condition id : UX DEVICE CLASS RTOS Condition cause : null
2024-05-07 17:24:56,666 [WARN] ConditionMgr:1039 - genDependencies : Invalid condition id : UX DEVICE CLASS RTOS Condition cause : null
2024-05-07 17:24:56,678 [WARN] PackLoader:240 - Cannot read IP mode file for STMicroelectronics.X-CUBE-NFC7.1.0.1
2024-05-07 17:24:56,687 [WARN] PackLoader:240 - Cannot read IP mode file for STMicroelectronics.X-CUBE-NFC6.3.0.0
2024-05-07 17:24:56,696 [WARN] PackLoader:240 - Cannot read IP mode file for STMicroelectronics.X-CUBE-EEPRMA1.4.1.0
2024-05-07 17:24:56,713 [WARN] PackLoader:240 - Cannot read IP mode file for STMicroelectronics.X-CUBE-AI.8.1.0
2024-05-07 17:24:56,739 [WARN] ConditionMgr:438 - getConditionDescription Invalid condition id : LAN8742 Phy interface Condition cause : null
2024-05-07 17:24:56,741 [WARN] PackLoader:240 - Cannot read IP mode file for STMicroelectronics.X-CUBE-AZRTOS-L4.2.0.0
2024-05-07 17:24:56,742 [WARN] ConditionMgr:1039 - genDependencies : Invalid condition id : LAN8742 Phy interface Condition cause : null
2024-05-07 17:24:56,745 [WARN] ConditionMgr:1039 - genDependencies : Invalid condition id : LAN8742 Phy interface Condition cause : null
2024-05-07 17:24:56,747 [WARN] ConditionMgr:1039 - genDependencies : Invalid condition id : LAN8742 Phy interface Condition cause : null
2024-05-07 17:24:56,769 [WARN] PackLoader:240 - Cannot read IP mode file for STMicroelectronics.X-CUBE-SFXS2LP1.4.0.0
2024-05-07 17:24:56,778 [WARN] PackLoader:240 - Cannot read IP mode file for STMicroelectronics.X-CUBE-ISPU.1.1.0
2024-05-07 17:24:56,795 [WARN] ConditionMgr:438 - getConditionDescription Invalid condition id : UX DEVICE CLASS RTOS Condition cause : null
2024-05-07 17:24:56,796 [WARN] ConditionMgr:438 - getConditionDescription Invalid condition id : UX DEVICE CLASS RTOS Condition cause : null
2024-05-07 17:24:56,798 [WARN] PackLoader:240 - Cannot read IP mode file for STMicroelectronics.X-CUBE-AZRTOS-WB.2.0.0
2024-05-07 17:24:56,801 [WARN] ConditionMgr:1039 - genDependencies : Invalid condition id : UX DEVICE CLASS RTOS Condition cause : null
2024-05-07 17:24:56,801 [WARN] ConditionMgr:1039 - genDependencies : Invalid condition id : UX DEVICE CLASS RTOS Condition cause : null
2024-05-07 17:24:56,802 [WARN] ConditionMgr:1039 - genDependencies : Invalid condition id : UX DEVICE CLASS RTOS Condition cause : null
2024-05-07 17:24:56,802 [WARN] ConditionMgr:1039 - genDependencies : Invalid condition id : UX DEVICE CLASS RTOS Condition cause : null
2024-05-07 17:24:56,803 [WARN] ConditionMgr:1039 - genDependencies : Invalid condition id : UX DEVICE CLASS RTOS Condition cause : null
2024-05-07 17:24:56,815 [WARN] PackLoader:240 - Cannot read IP mode file for STMicroelectronics.X-CUBE-SUBG2.5.0.0
2024-05-07 17:24:56,831 [WARN] PackLoader:240 - Cannot read IP mode file for STMicroelectronics.X-CUBE-TOF1.3.3.1
2024-05-07 17:24:56,854 [WARN] PackLoader:240 - Cannot read IP mode file for STMicroelectronics.X-CUBE-AZRTOS-G4.2.0.0
2024-05-07 17:24:56,872 [WARN] PackLoader:240 - Cannot read IP mode file for Infineon.AIROC-Wi-Fi-Bluetooth-STM32.1.5.1
2024-05-07 17:24:56,881 [WARN] PackLoader:240 - Cannot read IP mode file for STMicroelectronics.FP-SNS-MOTENVWB1.1.3.0
2024-05-07 17:24:56,887 [WARN] PackLoader:240 - Cannot read IP mode file for STMicroelectronics.FP-SNS-MOTENVWB1.1.3.1
2024-05-07 17:24:56,893 [WARN] PackLoader:240 - Cannot read IP mode file for STMicroelectronics.X-CUBE-ISPU.2.0.0
2024-05-07 17:24:56,942 [WARN] PackLoader:240 - Cannot read IP mode file for STMicroelectronics.X-CUBE-MEMS1.10.0.0
2024-05-07 17:24:57,094 [WARN] PackLoader:240 - Cannot read IP mode file for STMicroelectronics.X-CUBE-FREERTOS.1.1.0
2024-05-07 17:24:57,103 [WARN] PackLoader:240 - Cannot read IP mode file for portGmbH.I-Cube-SoM-uGOAL.1.1.0
2024-05-07 17:24:57,114 [WARN] PackLoader:240 - Cannot read IP mode file for STMicroelectronics.X-CUBE-ALS.1.0.1
2024-05-07 17:24:57,138 [WARN] PackLoader:240 - Cannot read IP mode file for STMicroelectronics.X-CUBE-AZRTOS-H7RS.1.0.0
2024-05-07 17:24:57,162 [WARN] PackLoader:240 - Cannot read IP mode file for STMicroelectronics.FP-ATR-ASTRA1.2.0.0
2024-05-07 17:24:57,176 [WARN] PackLoader:240 - Cannot read IP mode file for STMicroelectronics.X-CUBE-TOF1.3.4.0
2024-05-07 17:24:57,207 [WARN] PackLoader:240 - Cannot read IP mode file for STMicroelectronics.X-CUBE-TOF1.3.4.1
2024-05-07 17:24:57,247 [WARN] PackLoader:240 - Cannot read IP mode file for STMicroelectronics.X-CUBE-AZRTOS-H7.3.2.0
2024-05-07 17:24:57,254 [INFO] ThirdParty:978 - Integrity check success = true
2024-05-07 17:24:57,254 [INFO] IntegrityCheckThread:100 - exiting critical section [integrity check]
2024-05-07 17:24:57,254 [INFO] IntegrityCheckThread:103 - End integrity checks thread
2024-05-07 17:25:15,503 [ERROR] LogOutputStream:75 - [STDERR_REDIRECT] SLF4J: Failed to load class "org.slf4j.impl.StaticLoggerBinder".
2024-05-07 17:25:15,504 [ERROR] LogOutputStream:75 - [STDERR_REDIRECT] SLF4J: Defaulting to no-operation (NOP) logger implementation
2024-05-07 17:25:15,505 [ERROR] LogOutputStream:75 - [STDERR_REDIRECT] SLF4J: See http://www.slf4j.org/codes.html#StaticLoggerBinder for further details.
2024-05-07 20:03:31,267 [ERROR] ConfigurationRetriever:142 - IOException on connection: Remote host terminated the handshake
2024-05-07 20:03:31,324 [ERROR] ConfigurationRetriever:142 - IOException on connection: Remote host terminated the handshake
2024-05-07 20:03:31,335 [ERROR] ConfigurationRetriever:142 - IOException on connection: Remote host terminated the handshake
2024-05-07 20:59:20,000 [ERROR] ConfigurationRetriever:142 - IOException on connection: Read timed out
2024-05-07 22:48:46,201 [ERROR] LogOutputStream:75 - [STDERR_REDIRECT] 
