2024-05-11 17:52:06,783 [INFO] Activator:176 - 


2024-05-11 17:52:06,789 [INFO] Activator:177 - !SESSION log4j initialized
2024-05-11 17:52:13,473 [INFO] LogOutputStream:77 - [STDOUT_REDIRECT] 
2024-05-11 17:52:19,708 [INFO] ApplicationProperties:184 - Using Application install path: G:\stm32cubeide\stm32cubeide114\STM32CubeIDE_1.14.0\STM32CubeIDE\plugins\com.st.stm32cube.common.mx_6.10.0.202311202037
2024-05-11 17:52:19,736 [INFO] DbMcusXml:78 - Set database path to: G:\stm32cubeide\stm32cubeide114\STM32CubeIDE_1.14.0\STM32CubeIDE\plugins\com.st.stm32cube.common.mx_6.10.0.202311202037\\db\/mcu/
2024-05-11 17:52:19,736 [INFO] ApiDb:274 - Set plugin database path to: G:\stm32cubeide\stm32cubeide114\STM32CubeIDE_1.14.0\STM32CubeIDE\plugins\com.st.stm32cube.common.mx_6.10.0.202311202037\\db\/plugins/boardmanager/
2024-05-11 17:52:19,737 [WARN] ApiDb:259 - Overriding images path with different value:  => G:\stm32cubeide\stm32cubeide114\STM32CubeIDE_1.14.0\STM32CubeIDE\plugins\com.st.stm32cube.common.mx_6.10.0.202311202037\\db\/plugins/mcufinder/images/
2024-05-11 17:52:19,744 [INFO] ApiDb:250 - Set database path to: C:\Users\Nghia\.stmcufinder\plugins\mcufinder//mcu/
2024-05-11 17:52:19,746 [INFO] DbMcusAds:125 - Set database path to: C:\Users\Nghia\.stmcufinder\plugins\mcufinder//mcu/
2024-05-11 17:52:19,750 [INFO] CrossReferenceDbSqlite:203 - Set database path to: C:\Users\Nghia\.stmcufinder\plugins\mcufinder//mcu/cs/
2024-05-11 17:52:19,947 [INFO] RulesReader:64 - Compatibility file has been processed (297 Rules)
2024-05-11 17:52:20,043 [INFO] DbMcusXml:78 - Set database path to: G:\stm32cubeide\stm32cubeide114\STM32CubeIDE_1.14.0\STM32CubeIDE\plugins\com.st.stm32cube.common.mx_6.10.0.202311202037\\db\/mcu/
2024-05-11 17:52:20,043 [INFO] ApiDb:274 - Set plugin database path to: G:\stm32cubeide\stm32cubeide114\STM32CubeIDE_1.14.0\STM32CubeIDE\plugins\com.st.stm32cube.common.mx_6.10.0.202311202037\\db\/plugins/boardmanager/
2024-05-11 17:52:20,043 [INFO] ApiDb:261 - Set plugin images path to: G:\stm32cubeide\stm32cubeide114\STM32CubeIDE_1.14.0\STM32CubeIDE\plugins\com.st.stm32cube.common.mx_6.10.0.202311202037\\db\/plugins/mcufinder/images/
2024-05-11 17:52:20,043 [WARN] DbFile:41 - Overriding database path with different value: C:\Users\Nghia\.stmcufinder\plugins\mcufinder/ => C:\Users\Nghia\.stmcufinder\plugins\mcufinder
2024-05-11 17:52:20,043 [INFO] ApiDb:250 - Set database path to: C:\Users\Nghia\.stmcufinder\plugins\mcufinder//mcu/
2024-05-11 17:52:20,043 [WARN] DbFile:41 - Overriding database path with different value: C:\Users\Nghia\.stmcufinder\plugins\mcufinder/ => C:\Users\Nghia\.stmcufinder\plugins\mcufinder
2024-05-11 17:52:20,043 [INFO] DbMcusAds:125 - Set database path to: C:\Users\Nghia\.stmcufinder\plugins\mcufinder//mcu/
2024-05-11 17:52:20,044 [WARN] DbFile:41 - Overriding database path with different value: C:\Users\Nghia\.stmcufinder\plugins\mcufinder/ => C:\Users\Nghia\.stmcufinder\plugins\mcufinder
2024-05-11 17:52:20,044 [WARN] DbFile:41 - Overriding database path with different value: C:\Users\Nghia\.stmcufinder\plugins\mcufinder/ => C:\Users\Nghia\.stmcufinder\plugins\mcufinder
2024-05-11 17:52:20,044 [INFO] CrossReferenceDbSqlite:203 - Set database path to: C:\Users\Nghia\.stmcufinder\plugins\mcufinder//mcu/cs/
2024-05-11 17:52:20,131 [INFO] MainPanel:264 - HeapMemory: 268435456
2024-05-11 17:52:20,210 [INFO] DbMcusXml:78 - Set database path to: G:\stm32cubeide\stm32cubeide114\STM32CubeIDE_1.14.0\STM32CubeIDE\plugins\com.st.stm32cube.common.mx_6.10.0.202311202037\\db\/mcu/
2024-05-11 17:52:20,210 [INFO] ApiDb:274 - Set plugin database path to: G:\stm32cubeide\stm32cubeide114\STM32CubeIDE_1.14.0\STM32CubeIDE\plugins\com.st.stm32cube.common.mx_6.10.0.202311202037\\db\/plugins/boardmanager/
2024-05-11 17:52:20,211 [INFO] ApiDb:261 - Set plugin images path to: G:\stm32cubeide\stm32cubeide114\STM32CubeIDE_1.14.0\STM32CubeIDE\plugins\com.st.stm32cube.common.mx_6.10.0.202311202037\\db\/plugins/mcufinder/images/
2024-05-11 17:52:20,211 [WARN] DbFile:41 - Overriding database path with different value: C:\Users\Nghia\.stmcufinder\plugins\mcufinder/ => C:\Users\Nghia\.stmcufinder\plugins\mcufinder
2024-05-11 17:52:20,211 [INFO] ApiDb:250 - Set database path to: C:\Users\Nghia\.stmcufinder\plugins\mcufinder//mcu/
2024-05-11 17:52:20,211 [WARN] DbFile:41 - Overriding database path with different value: C:\Users\Nghia\.stmcufinder\plugins\mcufinder/ => C:\Users\Nghia\.stmcufinder\plugins\mcufinder
2024-05-11 17:52:20,211 [INFO] DbMcusAds:125 - Set database path to: C:\Users\Nghia\.stmcufinder\plugins\mcufinder//mcu/
2024-05-11 17:52:20,211 [WARN] DbFile:41 - Overriding database path with different value: C:\Users\Nghia\.stmcufinder\plugins\mcufinder/ => C:\Users\Nghia\.stmcufinder\plugins\mcufinder
2024-05-11 17:52:20,211 [WARN] DbFile:41 - Overriding database path with different value: C:\Users\Nghia\.stmcufinder\plugins\mcufinder/ => C:\Users\Nghia\.stmcufinder\plugins\mcufinder
2024-05-11 17:52:20,211 [INFO] CrossReferenceDbSqlite:203 - Set database path to: C:\Users\Nghia\.stmcufinder\plugins\mcufinder//mcu/cs/
2024-05-11 17:52:20,229 [INFO] ApplicationProperties:184 - Using Application install path: G:\stm32cubeide\stm32cubeide114\STM32CubeIDE_1.14.0\STM32CubeIDE\plugins\com.st.stm32cube.common.mx_6.10.0.202311202037
2024-05-11 17:52:20,231 [INFO] PluginManage:196 - Search for loadable plugins [exclusion list=, ]
2024-05-11 17:52:20,232 [INFO] PluginManage:310 - Check plugin analytics
2024-05-11 17:52:25,632 [INFO] AnalyticsPlugin:253 - Accepted Software Licenses: STM32CubeMX.6.8.0,STM32CubeMX.6.1.1
2024-05-11 17:52:25,633 [INFO] AnalyticsPlugin:255 - Accepted CMSIS Pack Licenses: 
2024-05-11 17:52:25,633 [INFO] AnalyticsPlugin:257 - Accepted Firmware Licenses: FW.F4.1.27.0,FW.F4.1.28.0
2024-05-11 17:52:25,635 [INFO] PluginManage:359 - Loaded plugin analytics (category:tool,tabindex:-1)
2024-05-11 17:52:25,635 [INFO] PluginManage:310 - Check plugin cadmodel
2024-05-11 17:52:25,639 [INFO] CADModel:105 - Init CAD model plugin
2024-05-11 17:52:25,639 [INFO] PluginManage:359 - Loaded plugin cadmodel (category:power,tabindex:5)
2024-05-11 17:52:25,640 [INFO] PluginManage:310 - Check plugin clock
2024-05-11 17:52:25,647 [INFO] PluginManage:359 - Loaded plugin clock (category:base,tabindex:2)
2024-05-11 17:52:25,648 [INFO] PluginManage:310 - Check plugin ddr
2024-05-11 17:52:25,651 [INFO] PluginManage:359 - Loaded plugin ddr (category:tool,tabindex:6)
2024-05-11 17:52:25,652 [INFO] PluginManage:310 - Check plugin filemanager
2024-05-11 17:52:25,784 [INFO] PluginManage:359 - Loaded plugin filemanager (category:base,tabindex:10)
2024-05-11 17:52:25,784 [INFO] PluginManage:310 - Check plugin ipmanager
2024-05-11 17:52:25,793 [INFO] PluginManage:359 - Loaded plugin ipmanager (category:base,tabindex:5)
2024-05-11 17:52:25,793 [INFO] PluginManage:310 - Check plugin lpbam
2024-05-11 17:52:25,800 [INFO] PluginManage:359 - Loaded plugin lpbam (category:base,tabindex:0)
2024-05-11 17:52:25,800 [INFO] PluginManage:310 - Check plugin memorymap
2024-05-11 17:52:25,811 [INFO] PluginManage:359 - Loaded plugin memorymap (category:base,tabindex:4)
2024-05-11 17:52:25,811 [INFO] PluginManage:310 - Check plugin pinoutandconfiguration
2024-05-11 17:52:25,816 [INFO] PluginManage:359 - Loaded plugin pinoutandconfiguration (category:base,tabindex:1)
2024-05-11 17:52:25,816 [INFO] PluginManage:310 - Check plugin pinoutconfig
2024-05-11 17:52:25,894 [WARN] SupportedApi:132 - Cannot load RTOS API schema: s4s-elt-must-match.1: The content of 'definitions' must match (annotation?, (simpleType | complexType)?, (unique | key | keyref)*)). A problem was found starting at: attribute.
2024-05-11 17:52:26,034 [INFO] PluginManage:359 - Loaded plugin pinoutconfig (category:base,tabindex:0)
2024-05-11 17:52:26,034 [INFO] PluginManage:310 - Check plugin power
2024-05-11 17:52:26,046 [INFO] PluginManage:359 - Loaded plugin power (category:power,tabindex:4)
2024-05-11 17:52:26,046 [INFO] PluginManage:310 - Check plugin projectmanager
2024-05-11 17:52:26,060 [INFO] PluginManage:359 - Loaded plugin projectmanager (category:projectmanager,tabindex:3)
2024-05-11 17:52:26,060 [INFO] PluginManage:310 - Check plugin thirdparty
2024-05-11 17:52:26,193 [INFO] PluginManage:359 - Loaded plugin thirdparty (category:base,tabindex:-1)
2024-05-11 17:52:26,193 [WARN] IntegrityCheckThread:84 - waiting for thirdparty lock release [integrity check]
2024-05-11 17:52:26,193 [INFO] PluginManage:310 - Check plugin tools
2024-05-11 17:52:26,193 [INFO] IntegrityCheckThread:86 - entering critical section [integrity check]
2024-05-11 17:52:26,194 [INFO] ThirdPartyUpdaterWithRetryManager:70 - Updater plugin not ready yet. [1/15]
2024-05-11 17:52:26,195 [INFO] PluginManage:359 - Loaded plugin tools (category:base,tabindex:7)
2024-05-11 17:52:26,195 [INFO] PluginManage:310 - Check plugin tutovideos
2024-05-11 17:52:26,351 [INFO] PluginManage:359 - Loaded plugin tutovideos (category:base,tabindex:-1)
2024-05-11 17:52:26,351 [INFO] PluginManage:310 - Check plugin updater
2024-05-11 17:52:26,362 [INFO] PluginManage:359 - Loaded plugin updater (category:base,tabindex:12)
2024-05-11 17:52:26,362 [INFO] PluginManage:310 - Check plugin userauth
2024-05-11 17:52:26,366 [INFO] UserAuth:114 - Init User Auth plugin
2024-05-11 17:52:26,366 [INFO] PluginManage:359 - Loaded plugin userauth (category:base,tabindex:14)
2024-05-11 17:52:26,366 [INFO] PluginManage:283 - PluginManage : Loaded plugins [17]
2024-05-11 17:52:26,580 [INFO] PinOutPanel:1499 - setPackage(No Configuration,No Configuration)
2024-05-11 17:52:26,658 [INFO] CADModel:165 - CPN selected for project level
2024-05-11 17:52:26,658 [INFO] CADModel:114 - Register for checkConnection events
2024-05-11 17:52:26,677 [INFO] IPUIPlugin:80 - create IPUIPlugin
2024-05-11 17:52:26,677 [INFO] PluginManager:220 - loadIPPluginJar : add adc
2024-05-11 17:52:26,678 [INFO] IPUIPlugin:80 - create IPUIPlugin
2024-05-11 17:52:26,680 [INFO] PluginManager:220 - loadIPPluginJar : add aes
2024-05-11 17:52:26,681 [INFO] IPUIPlugin:80 - create IPUIPlugin
2024-05-11 17:52:26,681 [INFO] PluginManager:220 - loadIPPluginJar : add can
2024-05-11 17:52:26,683 [INFO] IPUIPlugin:80 - create IPUIPlugin
2024-05-11 17:52:26,683 [INFO] PluginManager:220 - loadIPPluginJar : add comp
2024-05-11 17:52:26,685 [INFO] IPUIPlugin:80 - create IPUIPlugin
2024-05-11 17:52:26,685 [INFO] PluginManager:220 - loadIPPluginJar : add cryp
2024-05-11 17:52:26,687 [INFO] IPUIPlugin:80 - create IPUIPlugin
2024-05-11 17:52:26,687 [INFO] PluginManager:220 - loadIPPluginJar : add dfsdm
2024-05-11 17:52:26,694 [INFO] IPUIPlugin:80 - create IPUIPlugin
2024-05-11 17:52:26,695 [INFO] PluginManager:220 - loadIPPluginJar : add dma
2024-05-11 17:52:26,697 [INFO] IPUIPlugin:80 - create IPUIPlugin
2024-05-11 17:52:26,697 [INFO] PluginManager:220 - loadIPPluginJar : add dma3
2024-05-11 17:52:26,698 [INFO] IPUIPlugin:80 - create IPUIPlugin
2024-05-11 17:52:26,700 [INFO] PluginManager:220 - loadIPPluginJar : add fatfs
2024-05-11 17:52:26,704 [INFO] IPUIPlugin:80 - create IPUIPlugin
2024-05-11 17:52:26,704 [INFO] PluginManager:220 - loadIPPluginJar : add fmc
2024-05-11 17:52:26,709 [INFO] IPUIPlugin:80 - create IPUIPlugin
2024-05-11 17:52:26,709 [INFO] PluginManager:220 - loadIPPluginJar : add freertos
2024-05-11 17:52:26,710 [INFO] IPUIPlugin:80 - create IPUIPlugin
2024-05-11 17:52:26,711 [INFO] PluginManager:220 - loadIPPluginJar : add genericplugin
2024-05-11 17:52:26,714 [INFO] IPUIPlugin:80 - create IPUIPlugin
2024-05-11 17:52:26,714 [INFO] PluginManager:220 - loadIPPluginJar : add gfxmmu
2024-05-11 17:52:26,720 [INFO] IPUIPlugin:80 - create IPUIPlugin
2024-05-11 17:52:26,720 [INFO] PluginManager:220 - loadIPPluginJar : add gic
2024-05-11 17:52:26,723 [INFO] IPUIPlugin:80 - create IPUIPlugin
2024-05-11 17:52:26,724 [INFO] PluginManager:220 - loadIPPluginJar : add gpio
2024-05-11 17:52:26,726 [INFO] IPUIPlugin:80 - create IPUIPlugin
2024-05-11 17:52:26,726 [INFO] PluginManager:220 - loadIPPluginJar : add gtzc
2024-05-11 17:52:26,728 [INFO] IPUIPlugin:80 - create IPUIPlugin
2024-05-11 17:52:26,728 [INFO] PluginManager:220 - loadIPPluginJar : add hash
2024-05-11 17:52:26,733 [INFO] IPUIPlugin:80 - create IPUIPlugin
2024-05-11 17:52:26,733 [INFO] PluginManager:220 - loadIPPluginJar : add i2c
2024-05-11 17:52:26,736 [INFO] IPUIPlugin:80 - create IPUIPlugin
2024-05-11 17:52:26,736 [INFO] PluginManager:220 - loadIPPluginJar : add i2s
2024-05-11 17:52:26,739 [INFO] IPUIPlugin:80 - create IPUIPlugin
2024-05-11 17:52:26,739 [INFO] PluginManager:220 - loadIPPluginJar : add i3c
2024-05-11 17:52:26,742 [INFO] IPUIPlugin:80 - create IPUIPlugin
2024-05-11 17:52:26,742 [INFO] PluginManager:220 - loadIPPluginJar : add ipddr
2024-05-11 17:52:26,751 [INFO] IPUIPlugin:80 - create IPUIPlugin
2024-05-11 17:52:26,751 [INFO] PluginManager:220 - loadIPPluginJar : add linkedlist
2024-05-11 17:52:26,753 [INFO] IPUIPlugin:80 - create IPUIPlugin
2024-05-11 17:52:26,754 [INFO] PluginManager:220 - loadIPPluginJar : add lorawan
2024-05-11 17:52:26,756 [INFO] IPUIPlugin:80 - create IPUIPlugin
2024-05-11 17:52:26,756 [INFO] PluginManager:220 - loadIPPluginJar : add ltdc
2024-05-11 17:52:26,763 [INFO] IPUIPlugin:80 - create IPUIPlugin
2024-05-11 17:52:26,763 [INFO] PluginManager:220 - loadIPPluginJar : add mdma
2024-05-11 17:52:26,766 [INFO] IPUIPlugin:80 - create IPUIPlugin
2024-05-11 17:52:26,766 [INFO] PluginManager:220 - loadIPPluginJar : add nvic
2024-05-11 17:52:26,768 [INFO] IPUIPlugin:80 - create IPUIPlugin
2024-05-11 17:52:26,768 [INFO] PluginManager:220 - loadIPPluginJar : add opamp
2024-05-11 17:52:26,771 [INFO] IPUIPlugin:80 - create IPUIPlugin
2024-05-11 17:52:26,771 [INFO] PluginManager:220 - loadIPPluginJar : add openamp
2024-05-11 17:52:26,773 [INFO] IPUIPlugin:80 - create IPUIPlugin
2024-05-11 17:52:26,774 [INFO] PluginManager:220 - loadIPPluginJar : add pdm2pcm
2024-05-11 17:52:26,780 [INFO] IPUIPlugin:80 - create IPUIPlugin
2024-05-11 17:52:26,782 [INFO] PluginManager:220 - loadIPPluginJar : add plateformsettings
2024-05-11 17:52:26,784 [INFO] IPUIPlugin:80 - create IPUIPlugin
2024-05-11 17:52:26,784 [INFO] PluginManager:220 - loadIPPluginJar : add quadspi
2024-05-11 17:52:26,787 [INFO] IPUIPlugin:80 - create IPUIPlugin
2024-05-11 17:52:26,787 [INFO] PluginManager:220 - loadIPPluginJar : add resmgrutility
2024-05-11 17:52:26,789 [INFO] IPUIPlugin:80 - create IPUIPlugin
2024-05-11 17:52:26,789 [INFO] PluginManager:220 - loadIPPluginJar : add sai
2024-05-11 17:52:26,791 [INFO] IPUIPlugin:80 - create IPUIPlugin
2024-05-11 17:52:26,791 [INFO] PluginManager:220 - loadIPPluginJar : add spi
2024-05-11 17:52:26,797 [INFO] IPUIPlugin:80 - create IPUIPlugin
2024-05-11 17:52:26,797 [INFO] PluginManager:220 - loadIPPluginJar : add stm32_wpan
2024-05-11 17:52:26,798 [INFO] IPUIPlugin:80 - create IPUIPlugin
2024-05-11 17:52:26,799 [INFO] PluginManager:220 - loadIPPluginJar : add tim
2024-05-11 17:52:26,803 [INFO] IPUIPlugin:80 - create IPUIPlugin
2024-05-11 17:52:26,803 [INFO] PluginManager:220 - loadIPPluginJar : add touchsensing
2024-05-11 17:52:26,805 [INFO] IPUIPlugin:80 - create IPUIPlugin
2024-05-11 17:52:26,805 [INFO] PluginManager:220 - loadIPPluginJar : add tracer_emb
2024-05-11 17:52:26,807 [INFO] IPUIPlugin:80 - create IPUIPlugin
2024-05-11 17:52:26,807 [INFO] PluginManager:220 - loadIPPluginJar : add ts
2024-05-11 17:52:26,811 [INFO] IPUIPlugin:80 - create IPUIPlugin
2024-05-11 17:52:26,811 [INFO] PluginManager:220 - loadIPPluginJar : add tsc
2024-05-11 17:52:26,813 [INFO] IPUIPlugin:80 - create IPUIPlugin
2024-05-11 17:52:26,813 [INFO] PluginManager:220 - loadIPPluginJar : add ucpd
2024-05-11 17:52:26,815 [INFO] IPUIPlugin:80 - create IPUIPlugin
2024-05-11 17:52:26,815 [INFO] PluginManager:220 - loadIPPluginJar : add usart
2024-05-11 17:52:26,818 [INFO] IPUIPlugin:80 - create IPUIPlugin
2024-05-11 17:52:26,818 [INFO] PluginManager:220 - loadIPPluginJar : add usbx
2024-05-11 17:52:26,946 [INFO] CADModel:165 - CPN selected for project level
2024-05-11 17:52:26,947 [INFO] CADModel:114 - Register for checkConnection events
2024-05-11 17:52:26,947 [FATAL] Updater:308 - Updater called before beeing initialized
2024-05-11 17:52:26,947 [ERROR] CADModel:125 - Updater not yet initialized, retry later 
2024-05-11 17:52:27,084 [INFO] CADModel:165 - CPN selected for project level
2024-05-11 17:52:27,084 [INFO] CADModel:114 - Register for checkConnection events
2024-05-11 17:52:27,084 [FATAL] Updater:308 - Updater called before beeing initialized
2024-05-11 17:52:27,084 [ERROR] CADModel:125 - Updater not yet initialized, retry later 
2024-05-11 17:52:27,087 [FATAL] Updater:308 - Updater called before beeing initialized
2024-05-11 17:52:27,192 [FATAL] Updater:308 - Updater called before beeing initialized
2024-05-11 17:52:27,196 [INFO] DbMcusAds:53 - JSON generation date=Wed Nov 29 17:52:27 ICT 2023 (1701255147349)
2024-05-11 17:52:27,196 [FATAL] Updater:308 - Updater called before beeing initialized
2024-05-11 17:52:27,232 [WARN] DetailPanel:346 - Failed to get advertising image, set to default
2024-05-11 17:52:27,309 [FATAL] Updater:308 - Updater called before beeing initialized
2024-05-11 17:52:27,311 [FATAL] Updater:308 - Updater called before beeing initialized
2024-05-11 17:52:27,311 [FATAL] Updater:308 - Updater called before beeing initialized
2024-05-11 17:52:27,311 [WARN] DetailPanel:346 - Failed to get advertising image, set to default
2024-05-11 17:52:27,311 [FATAL] Updater:308 - Updater called before beeing initialized
2024-05-11 17:52:27,353 [ERROR] Updater:1120 - MainUpdater not yet initialized. External WinMGr cannot be set.
2024-05-11 17:52:27,354 [INFO] Updater:1056 - Updater Version found : 6.10.0
2024-05-11 17:52:27,368 [INFO] ApplicationProperties:184 - Using Application install path: G:\stm32cubeide\stm32cubeide114\STM32CubeIDE_1.14.0\STM32CubeIDE\plugins\com.st.stm32cube.common.mx_6.10.0.202311202037
2024-05-11 17:52:28,292 [INFO] MainUpdater:2873 - connection check result : 10
2024-05-11 17:52:28,292 [INFO] MainUpdater:290 - Updater Check For Update Now.
2024-05-11 17:52:28,292 [INFO] MicroXplorer:498 - Change Database Version : DB.6.0.100
2024-05-11 17:52:28,298 [INFO] McuFinderGlobals:63 - Set McuFinder mode to 2 (CubeIDE integrated)
2024-05-11 17:52:28,476 [INFO] CheckServerUpdateThread:120 - End of CheckServer Thread
2024-05-11 17:52:28,535 [INFO] UserAuth:404 - Internet connection configuration mode: 1
2024-05-11 17:52:28,557 [INFO] JxBrowserEngine:152 - Initiate JxBrowser Engine with user profile folder
2024-05-11 17:52:29,508 [WARN] PackLoader:240 - Cannot read IP mode file for STMicroelectronics.FP-SNS-MOTENVWB1.1.4.0
2024-05-11 17:52:29,526 [WARN] PackLoader:240 - Cannot read IP mode file for STMicroelectronics.X-CUBE-SMBUS.2.1.0
2024-05-11 17:52:29,532 [WARN] PackLoader:240 - Cannot read IP mode file for STMicroelectronics.X-CUBE-TOUCHGFX.4.23.1
2024-05-11 17:52:29,536 [WARN] PackLoader:240 - Cannot read IP mode file for STMicroelectronics.X-CUBE-TOUCHGFX.4.23.0
2024-05-11 17:52:29,541 [WARN] PackLoader:240 - Cannot read IP mode file for STMicroelectronics.X-CUBE-TOUCHGFX.4.23.2
2024-05-11 17:52:29,580 [WARN] PackLoader:240 - Cannot read IP mode file for STMicroelectronics.X-CUBE-AZRTOS-F7.1.1.0
2024-05-11 17:52:29,594 [WARN] PackLoader:240 - Cannot read IP mode file for STMicroelectronics.FP-SNS-MOTENV1.4.3.2
2024-05-11 17:52:29,602 [WARN] PackLoader:240 - Cannot read IP mode file for STMicroelectronics.FP-SNS-FLIGHT1.5.0.2
2024-05-11 17:52:29,613 [WARN] PackLoader:240 - Cannot read IP mode file for STMicroelectronics.X-CUBE-DISPLAY.3.0.0
2024-05-11 17:52:29,630 [WARN] PackLoader:240 - Cannot read IP mode file for STMicroelectronics.X-CUBE-BLE1.7.0.0
2024-05-11 17:52:29,635 [WARN] PackLoader:240 - Cannot read IP mode file for emotas.I-CUBE-CANOPEN.1.3.0
2024-05-11 17:52:29,639 [WARN] PackLoader:240 - Cannot read IP mode file for STMicroelectronics.X-CUBE-TOUCHGFX.4.22.1
2024-05-11 17:52:29,654 [WARN] PackLoader:240 - Cannot read IP mode file for STMicroelectronics.X-CUBE-BLEMGR.3.1.0
2024-05-11 17:52:29,663 [WARN] PackLoader:240 - Cannot read IP mode file for STMicroelectronics.FP-SNS-SMARTAG2.1.2.0
2024-05-11 17:52:29,675 [INFO] WebApp:161 - Instantiating new browser for Auth
2024-05-11 17:52:29,677 [INFO] LogOutputStream:77 - [STDOUT_REDIRECT] 1 : Invalid condition id : UX_CORESTACK_Condition cause : null
2024-05-11 17:52:29,677 [INFO] LogOutputStream:77 - [STDOUT_REDIRECT] 1 : Invalid condition id : UX_CORESTACK_Condition cause : null
2024-05-11 17:52:29,678 [INFO] LogOutputStream:77 - [STDOUT_REDIRECT] 1 : Invalid condition id : UX_CORESTACK_Condition cause : null
2024-05-11 17:52:29,679 [INFO] LogOutputStream:77 - [STDOUT_REDIRECT] 1 : Invalid condition id : UX_CORESTACK_Condition cause : null
2024-05-11 17:52:29,681 [INFO] LogOutputStream:77 - [STDOUT_REDIRECT] 1 : Invalid condition id : UX_CORESTACK_Condition cause : null
2024-05-11 17:52:29,686 [WARN] PackLoader:240 - Cannot read IP mode file for STMicroelectronics.X-CUBE-AZRTOS-WL.2.0.0
2024-05-11 17:52:29,694 [WARN] PackLoader:240 - Cannot read IP mode file for STMicroelectronics.FP-SNS-MOTENV1.5.0.0
2024-05-11 17:52:29,708 [WARN] PackLoader:240 - Cannot read IP mode file for WES.I-CUBE-Cesium.1.3.0
2024-05-11 17:52:29,714 [WARN] PackLoader:240 - Cannot read IP mode file for STMicroelectronics.X-CUBE-BLE2.3.3.0
2024-05-11 17:52:29,724 [WARN] PackLoader:240 - Cannot read IP mode file for STMicroelectronics.X-CUBE-TCPP.4.1.0
2024-05-11 17:52:29,735 [WARN] PackLoader:240 - Cannot read IP mode file for STMicroelectronics.X-CUBE-ALGOBUILD.1.3.0
2024-05-11 17:52:29,758 [WARN] PackLoader:240 - Cannot read IP mode file for STMicroelectronics.X-CUBE-AZRTOS-G0.1.1.0
2024-05-11 17:52:29,768 [WARN] PackLoader:240 - Cannot read IP mode file for STMicroelectronics.X-CUBE-SAFEA1.1.2.2
2024-05-11 17:52:29,777 [WARN] PackLoader:240 - Cannot read IP mode file for STMicroelectronics.X-CUBE-NFC4.3.0.0
2024-05-11 17:52:29,801 [WARN] PackLoader:240 - Cannot read IP mode file for STMicroelectronics.X-CUBE-BLEMGR.3.0.0
2024-05-11 17:52:29,816 [WARN] PackLoader:240 - Cannot read IP mode file for STMicroelectronics.FP-ATR-SIGFOX1.3.2.0
2024-05-11 17:52:29,826 [WARN] PackLoader:240 - Cannot read IP mode file for STMicroelectronics.X-CUBE-EEPRMA1.5.1.0
2024-05-11 17:52:29,877 [WARN] PackLoader:240 - Cannot read IP mode file for SEGGER.I-CUBE-embOS.1.3.1
2024-05-11 17:52:30,002 [WARN] PackLoader:240 - Cannot read IP mode file for STMicroelectronics.X-CUBE-ALGOBUILD.1.4.0
2024-05-11 17:52:30,009 [WARN] PackLoader:240 - Cannot read IP mode file for STMicroelectronics.X-CUBE-GNSS1.6.0.0
2024-05-11 17:52:30,034 [WARN] PackLoader:240 - Cannot read IP mode file for STMicroelectronics.X-CUBE-AZRTOS-F4.1.1.0
2024-05-11 17:52:30,045 [WARN] PackLoader:240 - Cannot read IP mode file for wolfSSL.I-CUBE-wolfSSL.5.6.3
2024-05-11 17:52:30,051 [WARN] PackLoader:240 - Cannot read IP mode file for STMicroelectronics.X-CUBE-FREERTOS.1.2.0
2024-05-11 17:52:30,070 [WARN] PackLoader:240 - Cannot read IP mode file for STMicroelectronics.X-CUBE-AZRTOS-L5.2.0.0
2024-05-11 17:52:30,132 [WARN] PackLoader:240 - Cannot read IP mode file for STMicroelectronics.X-CUBE-MEMS1.9.6.0
2024-05-11 17:52:30,294 [WARN] PackLoader:240 - Cannot read IP mode file for STMicroelectronics.X-CUBE-EEPRMA1.4.2.0
2024-05-11 17:52:30,304 [WARN] PackLoader:240 - Cannot read IP mode file for STMicroelectronics.X-CUBE-NFC6.3.1.0
2024-05-11 17:52:30,313 [WARN] PackLoader:240 - Cannot read IP mode file for ITTIA_DB.I-CUBE-ITTIADB.8.8.0
2024-05-11 17:52:30,320 [WARN] PackLoader:240 - Cannot read IP mode file for STMicroelectronics.X-CUBE-BLEMGR.2.0.0
2024-05-11 17:52:30,327 [WARN] PackLoader:240 - Cannot read IP mode file for STMicroelectronics.X-CUBE-AI.9.0.0
2024-05-11 17:52:30,361 [WARN] ConditionMgr:438 - getConditionDescription Invalid condition id : UX DEVICE CLASS RTOS Condition cause : null
2024-05-11 17:52:30,364 [WARN] ConditionMgr:438 - getConditionDescription Invalid condition id : UX DEVICE CLASS RTOS Condition cause : null
2024-05-11 17:52:30,368 [WARN] PackLoader:240 - Cannot read IP mode file for STMicroelectronics.X-CUBE-AZRTOS-H7.3.1.0
2024-05-11 17:52:30,384 [WARN] ConditionMgr:1039 - genDependencies : Invalid condition id : UX DEVICE CLASS RTOS Condition cause : null
2024-05-11 17:52:30,384 [WARN] ConditionMgr:1039 - genDependencies : Invalid condition id : UX DEVICE CLASS RTOS Condition cause : null
2024-05-11 17:52:30,385 [WARN] ConditionMgr:1039 - genDependencies : Invalid condition id : UX DEVICE CLASS RTOS Condition cause : null
2024-05-11 17:52:30,386 [WARN] ConditionMgr:1039 - genDependencies : Invalid condition id : UX DEVICE CLASS RTOS Condition cause : null
2024-05-11 17:52:30,386 [WARN] ConditionMgr:1039 - genDependencies : Invalid condition id : UX DEVICE CLASS RTOS Condition cause : null
2024-05-11 17:52:30,400 [WARN] PackLoader:240 - Cannot read IP mode file for STMicroelectronics.X-CUBE-NFC7.1.0.1
2024-05-11 17:52:30,409 [WARN] PackLoader:240 - Cannot read IP mode file for STMicroelectronics.X-CUBE-NFC6.3.0.0
2024-05-11 17:52:30,425 [WARN] PackLoader:240 - Cannot read IP mode file for STMicroelectronics.X-CUBE-EEPRMA1.4.1.0
2024-05-11 17:52:30,432 [WARN] PackLoader:240 - Cannot read IP mode file for STMicroelectronics.X-CUBE-AI.8.1.0
2024-05-11 17:52:30,461 [WARN] ConditionMgr:438 - getConditionDescription Invalid condition id : LAN8742 Phy interface Condition cause : null
2024-05-11 17:52:30,462 [WARN] PackLoader:240 - Cannot read IP mode file for STMicroelectronics.X-CUBE-AZRTOS-L4.2.0.0
2024-05-11 17:52:30,464 [WARN] ConditionMgr:1039 - genDependencies : Invalid condition id : LAN8742 Phy interface Condition cause : null
2024-05-11 17:52:30,464 [WARN] ConditionMgr:1039 - genDependencies : Invalid condition id : LAN8742 Phy interface Condition cause : null
2024-05-11 17:52:30,465 [WARN] ConditionMgr:1039 - genDependencies : Invalid condition id : LAN8742 Phy interface Condition cause : null
2024-05-11 17:52:30,481 [WARN] PackLoader:240 - Cannot read IP mode file for STMicroelectronics.X-CUBE-SFXS2LP1.4.0.0
2024-05-11 17:52:30,490 [WARN] PackLoader:240 - Cannot read IP mode file for STMicroelectronics.X-CUBE-ISPU.1.1.0
2024-05-11 17:52:30,532 [WARN] ConditionMgr:438 - getConditionDescription Invalid condition id : UX DEVICE CLASS RTOS Condition cause : null
2024-05-11 17:52:30,532 [WARN] ConditionMgr:438 - getConditionDescription Invalid condition id : UX DEVICE CLASS RTOS Condition cause : null
2024-05-11 17:52:30,537 [WARN] PackLoader:240 - Cannot read IP mode file for STMicroelectronics.X-CUBE-AZRTOS-WB.2.0.0
2024-05-11 17:52:30,540 [WARN] ConditionMgr:1039 - genDependencies : Invalid condition id : UX DEVICE CLASS RTOS Condition cause : null
2024-05-11 17:52:30,540 [WARN] ConditionMgr:1039 - genDependencies : Invalid condition id : UX DEVICE CLASS RTOS Condition cause : null
2024-05-11 17:52:30,542 [WARN] ConditionMgr:1039 - genDependencies : Invalid condition id : UX DEVICE CLASS RTOS Condition cause : null
2024-05-11 17:52:30,542 [WARN] ConditionMgr:1039 - genDependencies : Invalid condition id : UX DEVICE CLASS RTOS Condition cause : null
2024-05-11 17:52:30,542 [WARN] ConditionMgr:1039 - genDependencies : Invalid condition id : UX DEVICE CLASS RTOS Condition cause : null
2024-05-11 17:52:30,561 [WARN] PackLoader:240 - Cannot read IP mode file for STMicroelectronics.X-CUBE-SUBG2.5.0.0
2024-05-11 17:52:30,587 [WARN] PackLoader:240 - Cannot read IP mode file for STMicroelectronics.X-CUBE-TOF1.3.3.1
2024-05-11 17:52:30,624 [WARN] PackLoader:240 - Cannot read IP mode file for STMicroelectronics.X-CUBE-AZRTOS-G4.2.0.0
2024-05-11 17:52:30,645 [WARN] PackLoader:240 - Cannot read IP mode file for Infineon.AIROC-Wi-Fi-Bluetooth-STM32.1.5.1
2024-05-11 17:52:30,655 [WARN] PackLoader:240 - Cannot read IP mode file for STMicroelectronics.FP-SNS-MOTENVWB1.1.3.0
2024-05-11 17:52:30,662 [WARN] PackLoader:240 - Cannot read IP mode file for STMicroelectronics.FP-SNS-MOTENVWB1.1.3.1
2024-05-11 17:52:30,667 [WARN] PackLoader:240 - Cannot read IP mode file for STMicroelectronics.X-CUBE-ISPU.2.0.0
2024-05-11 17:52:30,726 [WARN] PackLoader:240 - Cannot read IP mode file for STMicroelectronics.X-CUBE-MEMS1.10.0.0
2024-05-11 17:52:30,864 [WARN] PackLoader:240 - Cannot read IP mode file for STMicroelectronics.X-CUBE-FREERTOS.1.1.0
2024-05-11 17:52:30,872 [WARN] PackLoader:240 - Cannot read IP mode file for portGmbH.I-Cube-SoM-uGOAL.1.1.0
2024-05-11 17:52:30,878 [WARN] PackLoader:240 - Cannot read IP mode file for STMicroelectronics.X-CUBE-ALS.1.0.1
2024-05-11 17:52:30,901 [WARN] PackLoader:240 - Cannot read IP mode file for STMicroelectronics.X-CUBE-AZRTOS-H7RS.1.0.0
2024-05-11 17:52:30,910 [WARN] PackLoader:240 - Cannot read IP mode file for STMicroelectronics.FP-ATR-ASTRA1.2.0.0
2024-05-11 17:52:30,921 [WARN] PackLoader:240 - Cannot read IP mode file for STMicroelectronics.X-CUBE-TOF1.3.4.0
2024-05-11 17:52:30,943 [WARN] PackLoader:240 - Cannot read IP mode file for STMicroelectronics.X-CUBE-TOF1.3.4.1
2024-05-11 17:52:30,984 [WARN] PackLoader:240 - Cannot read IP mode file for STMicroelectronics.X-CUBE-AZRTOS-H7.3.2.0
2024-05-11 17:52:30,988 [INFO] ThirdParty:978 - Integrity check success = true
2024-05-11 17:52:30,989 [INFO] IntegrityCheckThread:100 - exiting critical section [integrity check]
2024-05-11 17:52:30,989 [INFO] IntegrityCheckThread:103 - End integrity checks thread
2024-05-11 17:52:31,062 [INFO] WebApp:780 - Register for checkConnection events
2024-05-11 17:52:31,063 [INFO] WebApp:414 - Apply proxy settings
2024-05-11 17:52:31,063 [INFO] WebApp:499 - Chromium requires no authentication
2024-05-11 17:52:31,084 [INFO] WebApp:442 - Direct internet connection detected
2024-05-11 17:52:31,366 [INFO] WebApp:192 - Starting web application
2024-05-11 17:52:31,367 [INFO] WebApp:544 - Web application path used G:\stm32cubeide\stm32cubeide114\STM32CubeIDE_1.14.0\STM32CubeIDE\plugins\com.st.stm32cube.common.mx_6.10.0.202311202037\db\plugins\mcufinder\reactClient1\index.html
2024-05-11 17:52:52,247 [ERROR] LogOutputStream:75 - [STDERR_REDIRECT] SLF4J: Failed to load class "org.slf4j.impl.StaticLoggerBinder".
2024-05-11 17:52:52,248 [ERROR] LogOutputStream:75 - [STDERR_REDIRECT] SLF4J: Defaulting to no-operation (NOP) logger implementation
2024-05-11 17:52:52,248 [ERROR] LogOutputStream:75 - [STDERR_REDIRECT] SLF4J: See http://www.slf4j.org/codes.html#StaticLoggerBinder for further details.
2024-05-11 18:29:12,985 [ERROR] LogOutputStream:75 - [STDERR_REDIRECT] 
