2024-04-30 17:01:51,571 [INFO] Activator:176 - 


2024-04-30 17:01:51,576 [INFO] Activator:177 - !SESSION log4j initialized
2024-04-30 17:01:58,211 [INFO] LogOutputStream:77 - [STDOUT_REDIRECT] 
2024-04-30 17:02:04,782 [INFO] ApplicationProperties:184 - Using Application install path: G:\stm32cubeide\stm32cubeide114\STM32CubeIDE_1.14.0\STM32CubeIDE\plugins\com.st.stm32cube.common.mx_6.10.0.202311202037
2024-04-30 17:02:04,798 [INFO] DbMcusXml:78 - Set database path to: G:\stm32cubeide\stm32cubeide114\STM32CubeIDE_1.14.0\STM32CubeIDE\plugins\com.st.stm32cube.common.mx_6.10.0.202311202037\\db\/mcu/
2024-04-30 17:02:04,798 [INFO] ApiDb:274 - Set plugin database path to: G:\stm32cubeide\stm32cubeide114\STM32CubeIDE_1.14.0\STM32CubeIDE\plugins\com.st.stm32cube.common.mx_6.10.0.202311202037\\db\/plugins/boardmanager/
2024-04-30 17:02:04,798 [WARN] ApiDb:259 - Overriding images path with different value:  => G:\stm32cubeide\stm32cubeide114\STM32CubeIDE_1.14.0\STM32CubeIDE\plugins\com.st.stm32cube.common.mx_6.10.0.202311202037\\db\/plugins/mcufinder/images/
2024-04-30 17:02:04,811 [INFO] ApiDb:250 - Set database path to: C:\Users\Nghia\.stmcufinder\plugins\mcufinder//mcu/
2024-04-30 17:02:04,813 [INFO] DbMcusAds:125 - Set database path to: C:\Users\Nghia\.stmcufinder\plugins\mcufinder//mcu/
2024-04-30 17:02:04,814 [INFO] CrossReferenceDbSqlite:203 - Set database path to: C:\Users\Nghia\.stmcufinder\plugins\mcufinder//mcu/cs/
2024-04-30 17:02:04,912 [INFO] RulesReader:64 - Compatibility file has been processed (297 Rules)
2024-04-30 17:02:04,988 [INFO] DbMcusXml:78 - Set database path to: G:\stm32cubeide\stm32cubeide114\STM32CubeIDE_1.14.0\STM32CubeIDE\plugins\com.st.stm32cube.common.mx_6.10.0.202311202037\\db\/mcu/
2024-04-30 17:02:04,989 [INFO] ApiDb:274 - Set plugin database path to: G:\stm32cubeide\stm32cubeide114\STM32CubeIDE_1.14.0\STM32CubeIDE\plugins\com.st.stm32cube.common.mx_6.10.0.202311202037\\db\/plugins/boardmanager/
2024-04-30 17:02:04,989 [INFO] ApiDb:261 - Set plugin images path to: G:\stm32cubeide\stm32cubeide114\STM32CubeIDE_1.14.0\STM32CubeIDE\plugins\com.st.stm32cube.common.mx_6.10.0.202311202037\\db\/plugins/mcufinder/images/
2024-04-30 17:02:04,989 [WARN] DbFile:41 - Overriding database path with different value: C:\Users\Nghia\.stmcufinder\plugins\mcufinder/ => C:\Users\Nghia\.stmcufinder\plugins\mcufinder
2024-04-30 17:02:04,989 [INFO] ApiDb:250 - Set database path to: C:\Users\Nghia\.stmcufinder\plugins\mcufinder//mcu/
2024-04-30 17:02:04,989 [WARN] DbFile:41 - Overriding database path with different value: C:\Users\Nghia\.stmcufinder\plugins\mcufinder/ => C:\Users\Nghia\.stmcufinder\plugins\mcufinder
2024-04-30 17:02:04,989 [INFO] DbMcusAds:125 - Set database path to: C:\Users\Nghia\.stmcufinder\plugins\mcufinder//mcu/
2024-04-30 17:02:04,989 [WARN] DbFile:41 - Overriding database path with different value: C:\Users\Nghia\.stmcufinder\plugins\mcufinder/ => C:\Users\Nghia\.stmcufinder\plugins\mcufinder
2024-04-30 17:02:04,989 [WARN] DbFile:41 - Overriding database path with different value: C:\Users\Nghia\.stmcufinder\plugins\mcufinder/ => C:\Users\Nghia\.stmcufinder\plugins\mcufinder
2024-04-30 17:02:04,989 [INFO] CrossReferenceDbSqlite:203 - Set database path to: C:\Users\Nghia\.stmcufinder\plugins\mcufinder//mcu/cs/
2024-04-30 17:02:05,055 [INFO] MainPanel:264 - HeapMemory: 268435456
2024-04-30 17:02:05,131 [INFO] DbMcusXml:78 - Set database path to: G:\stm32cubeide\stm32cubeide114\STM32CubeIDE_1.14.0\STM32CubeIDE\plugins\com.st.stm32cube.common.mx_6.10.0.202311202037\\db\/mcu/
2024-04-30 17:02:05,132 [INFO] ApiDb:274 - Set plugin database path to: G:\stm32cubeide\stm32cubeide114\STM32CubeIDE_1.14.0\STM32CubeIDE\plugins\com.st.stm32cube.common.mx_6.10.0.202311202037\\db\/plugins/boardmanager/
2024-04-30 17:02:05,132 [INFO] ApiDb:261 - Set plugin images path to: G:\stm32cubeide\stm32cubeide114\STM32CubeIDE_1.14.0\STM32CubeIDE\plugins\com.st.stm32cube.common.mx_6.10.0.202311202037\\db\/plugins/mcufinder/images/
2024-04-30 17:02:05,132 [WARN] DbFile:41 - Overriding database path with different value: C:\Users\Nghia\.stmcufinder\plugins\mcufinder/ => C:\Users\Nghia\.stmcufinder\plugins\mcufinder
2024-04-30 17:02:05,132 [INFO] ApiDb:250 - Set database path to: C:\Users\Nghia\.stmcufinder\plugins\mcufinder//mcu/
2024-04-30 17:02:05,132 [WARN] DbFile:41 - Overriding database path with different value: C:\Users\Nghia\.stmcufinder\plugins\mcufinder/ => C:\Users\Nghia\.stmcufinder\plugins\mcufinder
2024-04-30 17:02:05,132 [INFO] DbMcusAds:125 - Set database path to: C:\Users\Nghia\.stmcufinder\plugins\mcufinder//mcu/
2024-04-30 17:02:05,132 [WARN] DbFile:41 - Overriding database path with different value: C:\Users\Nghia\.stmcufinder\plugins\mcufinder/ => C:\Users\Nghia\.stmcufinder\plugins\mcufinder
2024-04-30 17:02:05,132 [WARN] DbFile:41 - Overriding database path with different value: C:\Users\Nghia\.stmcufinder\plugins\mcufinder/ => C:\Users\Nghia\.stmcufinder\plugins\mcufinder
2024-04-30 17:02:05,132 [INFO] CrossReferenceDbSqlite:203 - Set database path to: C:\Users\Nghia\.stmcufinder\plugins\mcufinder//mcu/cs/
2024-04-30 17:02:05,148 [INFO] ApplicationProperties:184 - Using Application install path: G:\stm32cubeide\stm32cubeide114\STM32CubeIDE_1.14.0\STM32CubeIDE\plugins\com.st.stm32cube.common.mx_6.10.0.202311202037
2024-04-30 17:02:05,150 [INFO] PluginManage:196 - Search for loadable plugins [exclusion list=, ]
2024-04-30 17:02:05,151 [INFO] PluginManage:310 - Check plugin analytics
2024-04-30 17:02:10,209 [INFO] AnalyticsPlugin:253 - Accepted Software Licenses: STM32CubeMX.6.8.0,STM32CubeMX.6.1.1
2024-04-30 17:02:10,210 [INFO] AnalyticsPlugin:255 - Accepted CMSIS Pack Licenses: 
2024-04-30 17:02:10,210 [INFO] AnalyticsPlugin:257 - Accepted Firmware Licenses: FW.F4.1.27.0,FW.F4.1.28.0
2024-04-30 17:02:10,213 [INFO] PluginManage:359 - Loaded plugin analytics (category:tool,tabindex:-1)
2024-04-30 17:02:10,213 [INFO] PluginManage:310 - Check plugin cadmodel
2024-04-30 17:02:10,230 [INFO] CADModel:105 - Init CAD model plugin
2024-04-30 17:02:10,231 [INFO] PluginManage:359 - Loaded plugin cadmodel (category:power,tabindex:5)
2024-04-30 17:02:10,231 [INFO] PluginManage:310 - Check plugin clock
2024-04-30 17:02:10,254 [INFO] PluginManage:359 - Loaded plugin clock (category:base,tabindex:2)
2024-04-30 17:02:10,254 [INFO] PluginManage:310 - Check plugin ddr
2024-04-30 17:02:10,257 [INFO] PluginManage:359 - Loaded plugin ddr (category:tool,tabindex:6)
2024-04-30 17:02:10,257 [INFO] PluginManage:310 - Check plugin filemanager
2024-04-30 17:02:10,386 [INFO] PluginManage:359 - Loaded plugin filemanager (category:base,tabindex:10)
2024-04-30 17:02:10,386 [INFO] PluginManage:310 - Check plugin ipmanager
2024-04-30 17:02:10,392 [INFO] PluginManage:359 - Loaded plugin ipmanager (category:base,tabindex:5)
2024-04-30 17:02:10,392 [INFO] PluginManage:310 - Check plugin lpbam
2024-04-30 17:02:10,406 [INFO] PluginManage:359 - Loaded plugin lpbam (category:base,tabindex:0)
2024-04-30 17:02:10,407 [INFO] PluginManage:310 - Check plugin memorymap
2024-04-30 17:02:10,427 [INFO] PluginManage:359 - Loaded plugin memorymap (category:base,tabindex:4)
2024-04-30 17:02:10,427 [INFO] PluginManage:310 - Check plugin pinoutandconfiguration
2024-04-30 17:02:10,441 [INFO] PluginManage:359 - Loaded plugin pinoutandconfiguration (category:base,tabindex:1)
2024-04-30 17:02:10,441 [INFO] PluginManage:310 - Check plugin pinoutconfig
2024-04-30 17:02:10,529 [WARN] SupportedApi:132 - Cannot load RTOS API schema: s4s-elt-must-match.1: The content of 'definitions' must match (annotation?, (simpleType | complexType)?, (unique | key | keyref)*)). A problem was found starting at: attribute.
2024-04-30 17:02:10,638 [INFO] PluginManage:359 - Loaded plugin pinoutconfig (category:base,tabindex:0)
2024-04-30 17:02:10,638 [INFO] PluginManage:310 - Check plugin power
2024-04-30 17:02:10,655 [INFO] PluginManage:359 - Loaded plugin power (category:power,tabindex:4)
2024-04-30 17:02:10,655 [INFO] PluginManage:310 - Check plugin projectmanager
2024-04-30 17:02:10,668 [INFO] PluginManage:359 - Loaded plugin projectmanager (category:projectmanager,tabindex:3)
2024-04-30 17:02:10,669 [INFO] PluginManage:310 - Check plugin thirdparty
2024-04-30 17:02:10,906 [INFO] PluginManage:359 - Loaded plugin thirdparty (category:base,tabindex:-1)
2024-04-30 17:02:10,906 [WARN] IntegrityCheckThread:84 - waiting for thirdparty lock release [integrity check]
2024-04-30 17:02:10,906 [INFO] PluginManage:310 - Check plugin tools
2024-04-30 17:02:10,907 [INFO] IntegrityCheckThread:86 - entering critical section [integrity check]
2024-04-30 17:02:10,907 [INFO] ThirdPartyUpdaterWithRetryManager:70 - Updater plugin not ready yet. [1/15]
2024-04-30 17:02:10,941 [INFO] PluginManage:359 - Loaded plugin tools (category:base,tabindex:7)
2024-04-30 17:02:10,941 [INFO] PluginManage:310 - Check plugin tutovideos
2024-04-30 17:02:11,114 [INFO] PluginManage:359 - Loaded plugin tutovideos (category:base,tabindex:-1)
2024-04-30 17:02:11,115 [INFO] PluginManage:310 - Check plugin updater
2024-04-30 17:02:11,124 [INFO] PluginManage:359 - Loaded plugin updater (category:base,tabindex:12)
2024-04-30 17:02:11,124 [INFO] PluginManage:310 - Check plugin userauth
2024-04-30 17:02:11,129 [INFO] UserAuth:114 - Init User Auth plugin
2024-04-30 17:02:11,129 [INFO] PluginManage:359 - Loaded plugin userauth (category:base,tabindex:14)
2024-04-30 17:02:11,129 [INFO] PluginManage:283 - PluginManage : Loaded plugins [17]
2024-04-30 17:02:11,344 [INFO] PinOutPanel:1499 - setPackage(No Configuration,No Configuration)
2024-04-30 17:02:11,410 [INFO] CADModel:165 - CPN selected for project level
2024-04-30 17:02:11,410 [INFO] CADModel:114 - Register for checkConnection events
2024-04-30 17:02:11,431 [INFO] IPUIPlugin:80 - create IPUIPlugin
2024-04-30 17:02:11,432 [INFO] PluginManager:220 - loadIPPluginJar : add adc
2024-04-30 17:02:11,461 [INFO] IPUIPlugin:80 - create IPUIPlugin
2024-04-30 17:02:11,461 [INFO] PluginManager:220 - loadIPPluginJar : add aes
2024-04-30 17:02:11,498 [INFO] IPUIPlugin:80 - create IPUIPlugin
2024-04-30 17:02:11,498 [INFO] PluginManager:220 - loadIPPluginJar : add can
2024-04-30 17:02:11,517 [INFO] IPUIPlugin:80 - create IPUIPlugin
2024-04-30 17:02:11,517 [INFO] PluginManager:220 - loadIPPluginJar : add comp
2024-04-30 17:02:11,547 [INFO] IPUIPlugin:80 - create IPUIPlugin
2024-04-30 17:02:11,548 [INFO] PluginManager:220 - loadIPPluginJar : add cryp
2024-04-30 17:02:11,575 [INFO] IPUIPlugin:80 - create IPUIPlugin
2024-04-30 17:02:11,575 [INFO] PluginManager:220 - loadIPPluginJar : add dfsdm
2024-04-30 17:02:11,586 [INFO] IPUIPlugin:80 - create IPUIPlugin
2024-04-30 17:02:11,587 [INFO] PluginManager:220 - loadIPPluginJar : add dma
2024-04-30 17:02:11,623 [INFO] IPUIPlugin:80 - create IPUIPlugin
2024-04-30 17:02:11,623 [INFO] PluginManager:220 - loadIPPluginJar : add dma3
2024-04-30 17:02:11,640 [INFO] IPUIPlugin:80 - create IPUIPlugin
2024-04-30 17:02:11,640 [INFO] PluginManager:220 - loadIPPluginJar : add fatfs
2024-04-30 17:02:11,679 [INFO] IPUIPlugin:80 - create IPUIPlugin
2024-04-30 17:02:11,679 [INFO] PluginManager:220 - loadIPPluginJar : add fmc
2024-04-30 17:02:11,692 [INFO] IPUIPlugin:80 - create IPUIPlugin
2024-04-30 17:02:11,692 [INFO] PluginManager:220 - loadIPPluginJar : add freertos
2024-04-30 17:02:11,709 [INFO] IPUIPlugin:80 - create IPUIPlugin
2024-04-30 17:02:11,709 [INFO] PluginManager:220 - loadIPPluginJar : add genericplugin
2024-04-30 17:02:11,793 [INFO] IPUIPlugin:80 - create IPUIPlugin
2024-04-30 17:02:11,793 [INFO] PluginManager:220 - loadIPPluginJar : add gfxmmu
2024-04-30 17:02:11,903 [INFO] IPUIPlugin:80 - create IPUIPlugin
2024-04-30 17:02:11,903 [INFO] PluginManager:220 - loadIPPluginJar : add gic
2024-04-30 17:02:11,915 [INFO] IPUIPlugin:80 - create IPUIPlugin
2024-04-30 17:02:11,915 [INFO] PluginManager:220 - loadIPPluginJar : add gpio
2024-04-30 17:02:11,994 [INFO] IPUIPlugin:80 - create IPUIPlugin
2024-04-30 17:02:11,994 [INFO] PluginManager:220 - loadIPPluginJar : add gtzc
2024-04-30 17:02:12,024 [INFO] IPUIPlugin:80 - create IPUIPlugin
2024-04-30 17:02:12,024 [INFO] PluginManager:220 - loadIPPluginJar : add hash
2024-04-30 17:02:12,074 [INFO] IPUIPlugin:80 - create IPUIPlugin
2024-04-30 17:02:12,074 [INFO] PluginManager:220 - loadIPPluginJar : add i2c
2024-04-30 17:02:12,110 [INFO] IPUIPlugin:80 - create IPUIPlugin
2024-04-30 17:02:12,110 [INFO] PluginManager:220 - loadIPPluginJar : add i2s
2024-04-30 17:02:12,148 [INFO] IPUIPlugin:80 - create IPUIPlugin
2024-04-30 17:02:12,148 [INFO] PluginManager:220 - loadIPPluginJar : add i3c
2024-04-30 17:02:12,242 [INFO] IPUIPlugin:80 - create IPUIPlugin
2024-04-30 17:02:12,242 [INFO] PluginManager:220 - loadIPPluginJar : add ipddr
2024-04-30 17:02:12,328 [INFO] IPUIPlugin:80 - create IPUIPlugin
2024-04-30 17:02:12,328 [INFO] PluginManager:220 - loadIPPluginJar : add linkedlist
2024-04-30 17:02:12,360 [INFO] IPUIPlugin:80 - create IPUIPlugin
2024-04-30 17:02:12,360 [INFO] PluginManager:220 - loadIPPluginJar : add lorawan
2024-04-30 17:02:12,392 [INFO] IPUIPlugin:80 - create IPUIPlugin
2024-04-30 17:02:12,392 [INFO] PluginManager:220 - loadIPPluginJar : add ltdc
2024-04-30 17:02:12,404 [INFO] IPUIPlugin:80 - create IPUIPlugin
2024-04-30 17:02:12,404 [INFO] PluginManager:220 - loadIPPluginJar : add mdma
2024-04-30 17:02:12,416 [INFO] IPUIPlugin:80 - create IPUIPlugin
2024-04-30 17:02:12,416 [INFO] PluginManager:220 - loadIPPluginJar : add nvic
2024-04-30 17:02:12,451 [INFO] IPUIPlugin:80 - create IPUIPlugin
2024-04-30 17:02:12,451 [INFO] PluginManager:220 - loadIPPluginJar : add opamp
2024-04-30 17:02:12,508 [INFO] IPUIPlugin:80 - create IPUIPlugin
2024-04-30 17:02:12,508 [INFO] PluginManager:220 - loadIPPluginJar : add openamp
2024-04-30 17:02:12,546 [INFO] IPUIPlugin:80 - create IPUIPlugin
2024-04-30 17:02:12,546 [INFO] PluginManager:220 - loadIPPluginJar : add pdm2pcm
2024-04-30 17:02:12,559 [INFO] IPUIPlugin:80 - create IPUIPlugin
2024-04-30 17:02:12,561 [INFO] PluginManager:220 - loadIPPluginJar : add plateformsettings
2024-04-30 17:02:12,580 [INFO] IPUIPlugin:80 - create IPUIPlugin
2024-04-30 17:02:12,580 [INFO] PluginManager:220 - loadIPPluginJar : add quadspi
2024-04-30 17:02:12,589 [INFO] IPUIPlugin:80 - create IPUIPlugin
2024-04-30 17:02:12,589 [INFO] PluginManager:220 - loadIPPluginJar : add resmgrutility
2024-04-30 17:02:12,630 [INFO] IPUIPlugin:80 - create IPUIPlugin
2024-04-30 17:02:12,630 [INFO] PluginManager:220 - loadIPPluginJar : add sai
2024-04-30 17:02:12,663 [INFO] IPUIPlugin:80 - create IPUIPlugin
2024-04-30 17:02:12,663 [INFO] PluginManager:220 - loadIPPluginJar : add spi
2024-04-30 17:02:12,725 [INFO] IPUIPlugin:80 - create IPUIPlugin
2024-04-30 17:02:12,725 [INFO] PluginManager:220 - loadIPPluginJar : add stm32_wpan
2024-04-30 17:02:12,746 [INFO] IPUIPlugin:80 - create IPUIPlugin
2024-04-30 17:02:12,746 [INFO] PluginManager:220 - loadIPPluginJar : add tim
2024-04-30 17:02:12,796 [INFO] IPUIPlugin:80 - create IPUIPlugin
2024-04-30 17:02:12,797 [INFO] PluginManager:220 - loadIPPluginJar : add touchsensing
2024-04-30 17:02:12,819 [INFO] IPUIPlugin:80 - create IPUIPlugin
2024-04-30 17:02:12,819 [INFO] PluginManager:220 - loadIPPluginJar : add tracer_emb
2024-04-30 17:02:12,840 [INFO] IPUIPlugin:80 - create IPUIPlugin
2024-04-30 17:02:12,840 [INFO] PluginManager:220 - loadIPPluginJar : add ts
2024-04-30 17:02:12,863 [INFO] IPUIPlugin:80 - create IPUIPlugin
2024-04-30 17:02:12,864 [INFO] PluginManager:220 - loadIPPluginJar : add tsc
2024-04-30 17:02:12,887 [INFO] IPUIPlugin:80 - create IPUIPlugin
2024-04-30 17:02:12,888 [INFO] PluginManager:220 - loadIPPluginJar : add ucpd
2024-04-30 17:02:12,937 [INFO] IPUIPlugin:80 - create IPUIPlugin
2024-04-30 17:02:12,937 [INFO] PluginManager:220 - loadIPPluginJar : add usart
2024-04-30 17:02:12,978 [INFO] IPUIPlugin:80 - create IPUIPlugin
2024-04-30 17:02:12,978 [INFO] PluginManager:220 - loadIPPluginJar : add usbx
2024-04-30 17:02:13,108 [INFO] CADModel:165 - CPN selected for project level
2024-04-30 17:02:13,108 [INFO] CADModel:114 - Register for checkConnection events
2024-04-30 17:02:13,109 [FATAL] Updater:308 - Updater called before beeing initialized
2024-04-30 17:02:13,109 [ERROR] CADModel:125 - Updater not yet initialized, retry later 
2024-04-30 17:02:13,342 [INFO] CADModel:165 - CPN selected for project level
2024-04-30 17:02:13,342 [INFO] CADModel:114 - Register for checkConnection events
2024-04-30 17:02:13,342 [FATAL] Updater:308 - Updater called before beeing initialized
2024-04-30 17:02:13,342 [ERROR] CADModel:125 - Updater not yet initialized, retry later 
2024-04-30 17:02:13,348 [FATAL] Updater:308 - Updater called before beeing initialized
2024-04-30 17:02:13,535 [FATAL] Updater:308 - Updater called before beeing initialized
2024-04-30 17:02:13,552 [INFO] DbMcusAds:53 - JSON generation date=Wed Nov 29 17:52:27 ICT 2023 (1701255147349)
2024-04-30 17:02:13,552 [FATAL] Updater:308 - Updater called before beeing initialized
2024-04-30 17:02:13,637 [WARN] DetailPanel:346 - Failed to get advertising image, set to default
2024-04-30 17:02:13,722 [FATAL] Updater:308 - Updater called before beeing initialized
2024-04-30 17:02:13,724 [FATAL] Updater:308 - Updater called before beeing initialized
2024-04-30 17:02:13,724 [FATAL] Updater:308 - Updater called before beeing initialized
2024-04-30 17:02:13,724 [WARN] DetailPanel:346 - Failed to get advertising image, set to default
2024-04-30 17:02:13,724 [FATAL] Updater:308 - Updater called before beeing initialized
2024-04-30 17:02:13,790 [ERROR] Updater:1120 - MainUpdater not yet initialized. External WinMGr cannot be set.
2024-04-30 17:02:13,801 [INFO] Updater:1056 - Updater Version found : 6.10.0
2024-04-30 17:02:13,824 [INFO] ApplicationProperties:184 - Using Application install path: G:\stm32cubeide\stm32cubeide114\STM32CubeIDE_1.14.0\STM32CubeIDE\plugins\com.st.stm32cube.common.mx_6.10.0.202311202037
2024-04-30 17:02:13,909 [INFO] ThirdPartyUpdaterWithRetryManager:70 - Updater plugin not ready yet. [2/15]
2024-04-30 17:02:14,190 [INFO] MainUpdater:2873 - connection check result : 10
2024-04-30 17:02:14,191 [INFO] MainUpdater:290 - Updater Check For Update Now.
2024-04-30 17:02:14,191 [INFO] MicroXplorer:498 - Change Database Version : DB.6.0.100
2024-04-30 17:02:14,207 [INFO] McuFinderGlobals:63 - Set McuFinder mode to 2 (CubeIDE integrated)
2024-04-30 17:02:14,396 [INFO] CheckServerUpdateThread:120 - End of CheckServer Thread
2024-04-30 17:02:14,554 [INFO] UserAuth:404 - Internet connection configuration mode: 1
2024-04-30 17:02:14,576 [INFO] JxBrowserEngine:152 - Initiate JxBrowser Engine with user profile folder
2024-04-30 17:02:17,297 [WARN] PackLoader:240 - Cannot read IP mode file for STMicroelectronics.FP-SNS-MOTENVWB1.1.4.0
2024-04-30 17:02:17,330 [WARN] PackLoader:240 - Cannot read IP mode file for STMicroelectronics.X-CUBE-SMBUS.2.1.0
2024-04-30 17:02:17,353 [WARN] PackLoader:240 - Cannot read IP mode file for STMicroelectronics.X-CUBE-TOUCHGFX.4.23.1
2024-04-30 17:02:17,385 [WARN] PackLoader:240 - Cannot read IP mode file for STMicroelectronics.X-CUBE-TOUCHGFX.4.23.0
2024-04-30 17:02:17,401 [INFO] WebApp:161 - Instantiating new browser for Auth
2024-04-30 17:02:17,403 [WARN] PackLoader:240 - Cannot read IP mode file for STMicroelectronics.X-CUBE-TOUCHGFX.4.23.2
2024-04-30 17:02:17,754 [WARN] PackLoader:240 - Cannot read IP mode file for STMicroelectronics.X-CUBE-AZRTOS-F7.1.1.0
2024-04-30 17:02:17,873 [WARN] PackLoader:240 - Cannot read IP mode file for STMicroelectronics.FP-SNS-MOTENV1.4.3.2
2024-04-30 17:02:17,914 [WARN] PackLoader:240 - Cannot read IP mode file for STMicroelectronics.FP-SNS-FLIGHT1.5.0.2
2024-04-30 17:02:17,959 [WARN] PackLoader:240 - Cannot read IP mode file for STMicroelectronics.X-CUBE-DISPLAY.3.0.0
2024-04-30 17:02:18,006 [WARN] PackLoader:240 - Cannot read IP mode file for STMicroelectronics.X-CUBE-BLE1.7.0.0
2024-04-30 17:02:18,050 [WARN] PackLoader:240 - Cannot read IP mode file for emotas.I-CUBE-CANOPEN.1.3.0
2024-04-30 17:02:18,083 [WARN] PackLoader:240 - Cannot read IP mode file for STMicroelectronics.X-CUBE-TOUCHGFX.4.22.1
2024-04-30 17:02:18,116 [WARN] PackLoader:240 - Cannot read IP mode file for STMicroelectronics.X-CUBE-BLEMGR.3.1.0
2024-04-30 17:02:18,141 [WARN] PackLoader:240 - Cannot read IP mode file for STMicroelectronics.FP-SNS-SMARTAG2.1.2.0
2024-04-30 17:02:18,181 [WARN] PackLoader:240 - Cannot read IP mode file for STMicroelectronics.X-CUBE-AZRTOS-WL.2.0.0
2024-04-30 17:02:18,210 [WARN] PackLoader:240 - Cannot read IP mode file for STMicroelectronics.FP-SNS-MOTENV1.5.0.0
2024-04-30 17:02:18,235 [WARN] PackLoader:240 - Cannot read IP mode file for WES.I-CUBE-Cesium.1.3.0
2024-04-30 17:02:18,250 [WARN] PackLoader:240 - Cannot read IP mode file for STMicroelectronics.X-CUBE-BLE2.3.3.0
2024-04-30 17:02:18,269 [WARN] PackLoader:240 - Cannot read IP mode file for STMicroelectronics.X-CUBE-TCPP.4.1.0
2024-04-30 17:02:18,286 [WARN] PackLoader:240 - Cannot read IP mode file for STMicroelectronics.X-CUBE-ALGOBUILD.1.3.0
2024-04-30 17:02:18,314 [WARN] PackLoader:240 - Cannot read IP mode file for STMicroelectronics.X-CUBE-AZRTOS-G0.1.1.0
2024-04-30 17:02:18,329 [WARN] PackLoader:240 - Cannot read IP mode file for STMicroelectronics.X-CUBE-SAFEA1.1.2.2
2024-04-30 17:02:18,345 [WARN] PackLoader:240 - Cannot read IP mode file for STMicroelectronics.X-CUBE-NFC4.3.0.0
2024-04-30 17:02:18,375 [WARN] PackLoader:240 - Cannot read IP mode file for STMicroelectronics.X-CUBE-BLEMGR.3.0.0
2024-04-30 17:02:18,400 [WARN] PackLoader:240 - Cannot read IP mode file for STMicroelectronics.FP-ATR-SIGFOX1.3.2.0
2024-04-30 17:02:18,420 [WARN] PackLoader:240 - Cannot read IP mode file for STMicroelectronics.X-CUBE-EEPRMA1.5.1.0
2024-04-30 17:02:18,485 [WARN] PackLoader:240 - Cannot read IP mode file for SEGGER.I-CUBE-embOS.1.3.1
2024-04-30 17:02:18,532 [ERROR] LogOutputStream:75 - [STDERR_REDIRECT] 
